2024-12-17 04:00:10,427 - Training started for model: resnet18
2024-12-17 04:01:24,249 - Epoch 1/30, Train Loss: 3.5752, Train Acc: 0.2532, Train F1: 0.0398 Test Loss: 3.3898, Test Acc: 0.3274, Test F1: 0.3108
2024-12-17 04:02:37,803 - Epoch 2/30, Train Loss: 1.2905, Train Acc: 0.6917, Train F1: 0.6891 Test Loss: 3.5664, Test Acc: 0.3214, Test F1: 0.3131
2024-12-17 04:03:49,956 - Epoch 3/30, Train Loss: 0.4149, Train Acc: 0.9284, Train F1: 0.9301 Test Loss: 3.4002, Test Acc: 0.3750, Test F1: 0.3614
2024-12-17 04:05:03,329 - Epoch 4/30, Train Loss: 0.1490, Train Acc: 0.9807, Train F1: 0.9827 Test Loss: 3.4391, Test Acc: 0.3869, Test F1: 0.3683
2024-12-17 04:06:12,334 - Epoch 5/30, Train Loss: 0.0885, Train Acc: 0.9855, Train F1: 0.9878 Test Loss: 3.3056, Test Acc: 0.4226, Test F1: 0.4231
2024-12-17 04:07:20,202 - Epoch 6/30, Train Loss: 0.0730, Train Acc: 0.9843, Train F1: 0.9864 Test Loss: 3.5801, Test Acc: 0.4107, Test F1: 0.4030
2024-12-17 04:08:30,857 - Epoch 7/30, Train Loss: 0.0621, Train Acc: 0.9850, Train F1: 0.9871 Test Loss: 3.2432, Test Acc: 0.4167, Test F1: 0.4190
2024-12-17 04:09:57,548 - Epoch 8/30, Train Loss: 0.0555, Train Acc: 0.9846, Train F1: 0.9867 Test Loss: 3.4491, Test Acc: 0.4286, Test F1: 0.4179
2024-12-17 04:11:06,452 - Epoch 9/30, Train Loss: 0.0481, Train Acc: 0.9875, Train F1: 0.9895 Test Loss: 3.3091, Test Acc: 0.4167, Test F1: 0.4153
2024-12-17 04:12:19,014 - Epoch 10/30, Train Loss: 0.0443, Train Acc: 0.9862, Train F1: 0.9883 Test Loss: 3.4037, Test Acc: 0.4405, Test F1: 0.4514
2024-12-17 04:13:33,887 - Epoch 11/30, Train Loss: 0.0466, Train Acc: 0.9860, Train F1: 0.9882 Test Loss: 4.0289, Test Acc: 0.3929, Test F1: 0.3633
2024-12-17 04:14:43,967 - Epoch 12/30, Train Loss: 0.2386, Train Acc: 0.9353, Train F1: 0.9374 Test Loss: 5.2434, Test Acc: 0.2798, Test F1: 0.2515
2024-12-17 04:15:52,595 - Epoch 13/30, Train Loss: 0.3083, Train Acc: 0.9198, Train F1: 0.9211 Test Loss: 3.9222, Test Acc: 0.4048, Test F1: 0.3995
2024-12-17 04:17:10,025 - Epoch 14/30, Train Loss: 0.0710, Train Acc: 0.9821, Train F1: 0.9842 Test Loss: 3.4882, Test Acc: 0.4167, Test F1: 0.4074
2024-12-17 04:18:26,520 - Epoch 15/30, Train Loss: 0.0407, Train Acc: 0.9846, Train F1: 0.9868 Test Loss: 3.4367, Test Acc: 0.4524, Test F1: 0.4530
2024-12-17 04:19:36,956 - Epoch 16/30, Train Loss: 0.0309, Train Acc: 0.9864, Train F1: 0.9885 Test Loss: 3.4568, Test Acc: 0.4643, Test F1: 0.4561
2024-12-17 04:20:46,682 - Epoch 17/30, Train Loss: 0.0283, Train Acc: 0.9861, Train F1: 0.9883 Test Loss: 3.4828, Test Acc: 0.4524, Test F1: 0.4448
2024-12-17 04:22:01,443 - Epoch 18/30, Train Loss: 0.0290, Train Acc: 0.9873, Train F1: 0.9894 Test Loss: 3.4186, Test Acc: 0.4464, Test F1: 0.4416
2024-12-17 04:23:11,197 - Epoch 19/30, Train Loss: 0.0264, Train Acc: 0.9869, Train F1: 0.9891 Test Loss: 3.5893, Test Acc: 0.4464, Test F1: 0.4394
2024-12-17 04:24:17,473 - Epoch 20/30, Train Loss: 0.0260, Train Acc: 0.9869, Train F1: 0.9891 Test Loss: 3.3687, Test Acc: 0.4643, Test F1: 0.4674
2024-12-17 04:25:29,364 - Epoch 21/30, Train Loss: 0.0264, Train Acc: 0.9876, Train F1: 0.9898 Test Loss: 3.3759, Test Acc: 0.4524, Test F1: 0.4480
2024-12-17 04:26:44,361 - Epoch 22/30, Train Loss: 0.0273, Train Acc: 0.9873, Train F1: 0.9894 Test Loss: 3.6912, Test Acc: 0.4286, Test F1: 0.4069
2024-12-17 04:27:59,058 - Epoch 23/30, Train Loss: 0.0252, Train Acc: 0.9869, Train F1: 0.9891 Test Loss: 3.9018, Test Acc: 0.4464, Test F1: 0.4286
2024-12-17 04:29:10,672 - Epoch 24/30, Train Loss: 0.0248, Train Acc: 0.9873, Train F1: 0.9895 Test Loss: 3.6113, Test Acc: 0.4405, Test F1: 0.4487
2024-12-17 04:30:20,889 - Epoch 25/30, Train Loss: 0.2775, Train Acc: 0.9199, Train F1: 0.9211 Test Loss: 4.7967, Test Acc: 0.2976, Test F1: 0.2815
2024-12-17 04:31:31,262 - Epoch 26/30, Train Loss: 0.2367, Train Acc: 0.9338, Train F1: 0.9350 Test Loss: 4.0513, Test Acc: 0.3810, Test F1: 0.3930
2024-12-17 04:32:47,424 - Epoch 27/30, Train Loss: 0.0434, Train Acc: 0.9851, Train F1: 0.9873 Test Loss: 3.5790, Test Acc: 0.4048, Test F1: 0.3827
2024-12-17 04:33:58,774 - Epoch 28/30, Train Loss: 0.0275, Train Acc: 0.9853, Train F1: 0.9874 Test Loss: 3.8242, Test Acc: 0.3810, Test F1: 0.3642
2024-12-17 04:35:11,193 - Epoch 29/30, Train Loss: 0.0223, Train Acc: 0.9868, Train F1: 0.9891 Test Loss: 3.7049, Test Acc: 0.4226, Test F1: 0.4066
2024-12-17 04:36:28,737 - Epoch 30/30, Train Loss: 0.0208, Train Acc: 0.9885, Train F1: 0.9905 Test Loss: 3.7831, Test Acc: 0.4226, Test F1: 0.3996
2024-12-17 04:36:28,804 - Training ended.
Total time: 0:36:18.378831
2024-12-17 04:36:28,804 - 最好的一次：Epoch 16/30, Train Loss: 0.0309, Train Acc: 0.9864, Train F1: 0.9885 Test Loss: 3.4568, Test Acc: 0.4643, Test F1: 0.4561
