2024-12-15 18:17:28,519 - Training started for model: convnext_small
2024-12-15 18:17:51,114 - Epoch 1/100, Train Loss: 4.0991, Train Acc: 0.0123, Train F1: 0.0067 Test Loss: 4.0398, Test Acc: 0.0179, Test F1: 0.0007
2024-12-15 18:18:15,365 - Epoch 2/100, Train Loss: 4.0561, Train Acc: 0.0159, Train F1: 0.0078 Test Loss: 4.0246, Test Acc: 0.0119, Test F1: 0.0006
2024-12-15 18:18:39,767 - Epoch 3/100, Train Loss: 4.0454, Train Acc: 0.0150, Train F1: 0.0073 Test Loss: 4.0062, Test Acc: 0.0238, Test F1: 0.0088
2024-12-15 18:19:04,281 - Epoch 4/100, Train Loss: 4.0045, Train Acc: 0.0176, Train F1: 0.0109 Test Loss: 3.9849, Test Acc: 0.0357, Test F1: 0.0042
2024-12-15 18:19:28,711 - Epoch 5/100, Train Loss: 3.9664, Train Acc: 0.0300, Train F1: 0.0123 Test Loss: 3.9849, Test Acc: 0.0238, Test F1: 0.0026
2024-12-15 18:19:51,006 - Epoch 6/100, Train Loss: 3.9419, Train Acc: 0.0291, Train F1: 0.0128 Test Loss: 3.9981, Test Acc: 0.0179, Test F1: 0.0020
2024-12-15 18:20:13,057 - Epoch 7/100, Train Loss: 3.9420, Train Acc: 0.0220, Train F1: 0.0097 Test Loss: 4.1211, Test Acc: 0.0179, Test F1: 0.0007
2024-12-15 18:20:37,504 - Epoch 8/100, Train Loss: 3.9724, Train Acc: 0.0264, Train F1: 0.0094 Test Loss: 4.1108, Test Acc: 0.0179, Test F1: 0.0008
2024-12-15 18:21:02,032 - Epoch 9/100, Train Loss: 3.9477, Train Acc: 0.0264, Train F1: 0.0078 Test Loss: 3.9863, Test Acc: 0.0298, Test F1: 0.0063
2024-12-15 18:21:26,510 - Epoch 10/100, Train Loss: 3.9377, Train Acc: 0.0273, Train F1: 0.0152 Test Loss: 3.9797, Test Acc: 0.0238, Test F1: 0.0039
2024-12-15 18:21:51,001 - Epoch 11/100, Train Loss: 3.9075, Train Acc: 0.0282, Train F1: 0.0133 Test Loss: 4.0160, Test Acc: 0.0238, Test F1: 0.0039
2024-12-15 18:22:14,653 - Epoch 12/100, Train Loss: 3.9036, Train Acc: 0.0317, Train F1: 0.0097 Test Loss: 4.0047, Test Acc: 0.0298, Test F1: 0.0037
2024-12-15 18:22:39,136 - Epoch 13/100, Train Loss: 3.8922, Train Acc: 0.0405, Train F1: 0.0183 Test Loss: 4.0034, Test Acc: 0.0179, Test F1: 0.0032
2024-12-15 18:23:03,601 - Epoch 14/100, Train Loss: 3.8777, Train Acc: 0.0317, Train F1: 0.0163 Test Loss: 3.9652, Test Acc: 0.0298, Test F1: 0.0102
2024-12-15 18:23:27,969 - Epoch 15/100, Train Loss: 3.8857, Train Acc: 0.0388, Train F1: 0.0170 Test Loss: 3.9809, Test Acc: 0.0357, Test F1: 0.0112
2024-12-15 18:23:52,365 - Epoch 16/100, Train Loss: 3.8586, Train Acc: 0.0370, Train F1: 0.0207 Test Loss: 4.0153, Test Acc: 0.0417, Test F1: 0.0104
2024-12-15 18:24:16,815 - Epoch 17/100, Train Loss: 3.8486, Train Acc: 0.0352, Train F1: 0.0198 Test Loss: 3.9716, Test Acc: 0.0357, Test F1: 0.0125
2024-12-15 18:24:38,482 - Epoch 18/100, Train Loss: 3.8553, Train Acc: 0.0379, Train F1: 0.0242 Test Loss: 3.9364, Test Acc: 0.0536, Test F1: 0.0235
2024-12-15 18:25:00,875 - Epoch 19/100, Train Loss: 3.8153, Train Acc: 0.0432, Train F1: 0.0222 Test Loss: 3.9919, Test Acc: 0.0298, Test F1: 0.0109
2024-12-15 18:25:25,318 - Epoch 20/100, Train Loss: 3.7983, Train Acc: 0.0546, Train F1: 0.0279 Test Loss: 3.9192, Test Acc: 0.0476, Test F1: 0.0196
2024-12-15 18:25:49,828 - Epoch 21/100, Train Loss: 3.7930, Train Acc: 0.0414, Train F1: 0.0280 Test Loss: 3.9200, Test Acc: 0.0536, Test F1: 0.0304
2024-12-15 18:26:14,168 - Epoch 22/100, Train Loss: 3.7832, Train Acc: 0.0414, Train F1: 0.0270 Test Loss: 3.9202, Test Acc: 0.0298, Test F1: 0.0119
2024-12-15 18:26:38,688 - Epoch 23/100, Train Loss: 3.7866, Train Acc: 0.0511, Train F1: 0.0300 Test Loss: 3.9572, Test Acc: 0.0595, Test F1: 0.0198
2024-12-15 18:27:03,177 - Epoch 24/100, Train Loss: 3.7520, Train Acc: 0.0590, Train F1: 0.0392 Test Loss: 3.9395, Test Acc: 0.0536, Test F1: 0.0397
2024-12-15 18:27:26,015 - Epoch 25/100, Train Loss: 3.7281, Train Acc: 0.0617, Train F1: 0.0394 Test Loss: 3.9517, Test Acc: 0.0357, Test F1: 0.0187
2024-12-15 18:27:49,833 - Epoch 26/100, Train Loss: 3.7140, Train Acc: 0.0590, Train F1: 0.0410 Test Loss: 3.9383, Test Acc: 0.0476, Test F1: 0.0246
2024-12-15 18:28:14,087 - Epoch 27/100, Train Loss: 3.6849, Train Acc: 0.0722, Train F1: 0.0506 Test Loss: 3.9132, Test Acc: 0.0595, Test F1: 0.0400
2024-12-15 18:28:38,763 - Epoch 28/100, Train Loss: 3.6740, Train Acc: 0.0767, Train F1: 0.0478 Test Loss: 3.8537, Test Acc: 0.0536, Test F1: 0.0294
2024-12-15 18:29:03,114 - Epoch 29/100, Train Loss: 3.6472, Train Acc: 0.0828, Train F1: 0.0562 Test Loss: 4.0109, Test Acc: 0.0476, Test F1: 0.0223
2024-12-15 18:29:27,832 - Epoch 30/100, Train Loss: 3.6496, Train Acc: 0.0731, Train F1: 0.0517 Test Loss: 3.8708, Test Acc: 0.0595, Test F1: 0.0298
2024-12-15 18:29:52,410 - Epoch 31/100, Train Loss: 3.5996, Train Acc: 0.0784, Train F1: 0.0560 Test Loss: 3.8970, Test Acc: 0.0595, Test F1: 0.0243
2024-12-15 18:30:17,049 - Epoch 32/100, Train Loss: 3.5495, Train Acc: 0.0934, Train F1: 0.0701 Test Loss: 3.8607, Test Acc: 0.0655, Test F1: 0.0491
2024-12-15 18:30:41,662 - Epoch 33/100, Train Loss: 3.5203, Train Acc: 0.0978, Train F1: 0.0803 Test Loss: 3.9200, Test Acc: 0.0536, Test F1: 0.0354
2024-12-15 18:31:06,149 - Epoch 34/100, Train Loss: 3.4945, Train Acc: 0.0960, Train F1: 0.0750 Test Loss: 3.8893, Test Acc: 0.0714, Test F1: 0.0475
2024-12-15 18:31:30,654 - Epoch 35/100, Train Loss: 3.4708, Train Acc: 0.1066, Train F1: 0.0887 Test Loss: 3.8719, Test Acc: 0.0655, Test F1: 0.0305
2024-12-15 18:31:55,177 - Epoch 36/100, Train Loss: 3.4467, Train Acc: 0.1163, Train F1: 0.0949 Test Loss: 3.9008, Test Acc: 0.0476, Test F1: 0.0402
2024-12-15 18:32:19,843 - Epoch 37/100, Train Loss: 3.4018, Train Acc: 0.1048, Train F1: 0.0878 Test Loss: 3.9033, Test Acc: 0.0536, Test F1: 0.0384
2024-12-15 18:32:44,189 - Epoch 38/100, Train Loss: 3.3690, Train Acc: 0.1260, Train F1: 0.1017 Test Loss: 4.0511, Test Acc: 0.0536, Test F1: 0.0286
2024-12-15 18:33:08,557 - Epoch 39/100, Train Loss: 3.3078, Train Acc: 0.1216, Train F1: 0.1051 Test Loss: 4.0854, Test Acc: 0.0833, Test F1: 0.0584
2024-12-15 18:33:32,845 - Epoch 40/100, Train Loss: 3.2546, Train Acc: 0.1269, Train F1: 0.1088 Test Loss: 4.1279, Test Acc: 0.0774, Test F1: 0.0522
2024-12-15 18:33:57,200 - Epoch 41/100, Train Loss: 3.2406, Train Acc: 0.1454, Train F1: 0.1292 Test Loss: 4.0376, Test Acc: 0.0714, Test F1: 0.0646
2024-12-15 18:34:21,248 - Epoch 42/100, Train Loss: 3.2249, Train Acc: 0.1498, Train F1: 0.1364 Test Loss: 4.0854, Test Acc: 0.0655, Test F1: 0.0609
2024-12-15 18:34:45,695 - Epoch 43/100, Train Loss: 3.1496, Train Acc: 0.1507, Train F1: 0.1426 Test Loss: 4.1096, Test Acc: 0.0536, Test F1: 0.0402
2024-12-15 18:35:10,252 - Epoch 44/100, Train Loss: 3.0061, Train Acc: 0.1965, Train F1: 0.1844 Test Loss: 4.0819, Test Acc: 0.0714, Test F1: 0.0526
2024-12-15 18:35:34,426 - Epoch 45/100, Train Loss: 2.9412, Train Acc: 0.1930, Train F1: 0.1838 Test Loss: 4.1617, Test Acc: 0.0714, Test F1: 0.0581
2024-12-15 18:35:58,713 - Epoch 46/100, Train Loss: 2.8441, Train Acc: 0.2370, Train F1: 0.2257 Test Loss: 4.1603, Test Acc: 0.0655, Test F1: 0.0579
2024-12-15 18:36:22,970 - Epoch 47/100, Train Loss: 2.7355, Train Acc: 0.2493, Train F1: 0.2361 Test Loss: 4.1466, Test Acc: 0.0476, Test F1: 0.0450
2024-12-15 18:36:47,322 - Epoch 48/100, Train Loss: 2.6531, Train Acc: 0.2740, Train F1: 0.2677 Test Loss: 4.3557, Test Acc: 0.0655, Test F1: 0.0603
2024-12-15 18:37:11,757 - Epoch 49/100, Train Loss: 2.5246, Train Acc: 0.2837, Train F1: 0.2788 Test Loss: 4.8185, Test Acc: 0.0476, Test F1: 0.0323
2024-12-15 18:37:36,171 - Epoch 50/100, Train Loss: 2.3549, Train Acc: 0.3454, Train F1: 0.3412 Test Loss: 4.7559, Test Acc: 0.0595, Test F1: 0.0464
2024-12-15 18:38:00,763 - Epoch 51/100, Train Loss: 2.1736, Train Acc: 0.3780, Train F1: 0.3765 Test Loss: 5.0129, Test Acc: 0.0595, Test F1: 0.0484
2024-12-15 18:38:25,722 - Epoch 52/100, Train Loss: 2.0952, Train Acc: 0.3991, Train F1: 0.4012 Test Loss: 5.0377, Test Acc: 0.0417, Test F1: 0.0373
2024-12-15 18:38:49,402 - Epoch 53/100, Train Loss: 1.8850, Train Acc: 0.4414, Train F1: 0.4432 Test Loss: 5.6406, Test Acc: 0.0417, Test F1: 0.0388
2024-12-15 18:39:13,809 - Epoch 54/100, Train Loss: 1.6938, Train Acc: 0.5137, Train F1: 0.5183 Test Loss: 6.2905, Test Acc: 0.0595, Test F1: 0.0479
2024-12-15 18:39:38,166 - Epoch 55/100, Train Loss: 1.4871, Train Acc: 0.5692, Train F1: 0.5755 Test Loss: 5.9689, Test Acc: 0.0595, Test F1: 0.0462
2024-12-15 18:40:02,821 - Epoch 56/100, Train Loss: 1.3019, Train Acc: 0.6141, Train F1: 0.6202 Test Loss: 7.2400, Test Acc: 0.0417, Test F1: 0.0372
2024-12-15 18:40:27,474 - Epoch 57/100, Train Loss: 1.2027, Train Acc: 0.6441, Train F1: 0.6501 Test Loss: 7.5789, Test Acc: 0.0714, Test F1: 0.0623
2024-12-15 18:40:52,003 - Epoch 58/100, Train Loss: 1.0644, Train Acc: 0.6678, Train F1: 0.6753 Test Loss: 7.2838, Test Acc: 0.0655, Test F1: 0.0683
2024-12-15 18:41:16,662 - Epoch 59/100, Train Loss: 0.9453, Train Acc: 0.7163, Train F1: 0.7255 Test Loss: 7.2846, Test Acc: 0.0774, Test F1: 0.0707
2024-12-15 18:41:41,256 - Epoch 60/100, Train Loss: 1.0022, Train Acc: 0.7075, Train F1: 0.7175 Test Loss: 7.0834, Test Acc: 0.0774, Test F1: 0.0612
2024-12-15 18:42:06,038 - Epoch 61/100, Train Loss: 0.7912, Train Acc: 0.7639, Train F1: 0.7748 Test Loss: 7.9992, Test Acc: 0.0714, Test F1: 0.0584
2024-12-15 18:42:30,568 - Epoch 62/100, Train Loss: 0.7445, Train Acc: 0.7727, Train F1: 0.7823 Test Loss: 7.9457, Test Acc: 0.0714, Test F1: 0.0583
2024-12-15 18:42:55,084 - Epoch 63/100, Train Loss: 0.6252, Train Acc: 0.8194, Train F1: 0.8301 Test Loss: 8.9109, Test Acc: 0.0714, Test F1: 0.0700
2024-12-15 18:43:17,817 - Epoch 64/100, Train Loss: 0.6261, Train Acc: 0.8132, Train F1: 0.8237 Test Loss: 8.9045, Test Acc: 0.0714, Test F1: 0.0525
2024-12-15 18:43:42,190 - Epoch 65/100, Train Loss: 0.5289, Train Acc: 0.8352, Train F1: 0.8450 Test Loss: 8.4596, Test Acc: 0.0476, Test F1: 0.0436
2024-12-15 18:44:06,633 - Epoch 66/100, Train Loss: 0.5607, Train Acc: 0.8141, Train F1: 0.8250 Test Loss: 9.0278, Test Acc: 0.0774, Test F1: 0.0751
2024-12-15 18:44:31,196 - Epoch 67/100, Train Loss: 0.4701, Train Acc: 0.8529, Train F1: 0.8637 Test Loss: 9.1534, Test Acc: 0.0655, Test F1: 0.0589
2024-12-15 18:44:55,666 - Epoch 68/100, Train Loss: 0.4227, Train Acc: 0.8661, Train F1: 0.8773 Test Loss: 9.5345, Test Acc: 0.0893, Test F1: 0.0782
2024-12-15 18:45:19,726 - Epoch 69/100, Train Loss: 0.4121, Train Acc: 0.8731, Train F1: 0.8843 Test Loss: 10.1244, Test Acc: 0.0655, Test F1: 0.0530
2024-12-15 18:45:43,952 - Epoch 70/100, Train Loss: 0.4197, Train Acc: 0.8696, Train F1: 0.8814 Test Loss: 10.2825, Test Acc: 0.0655, Test F1: 0.0536
2024-12-15 18:46:08,389 - Epoch 71/100, Train Loss: 0.4617, Train Acc: 0.8414, Train F1: 0.8529 Test Loss: 9.5713, Test Acc: 0.0595, Test F1: 0.0586
2024-12-15 18:46:32,860 - Epoch 72/100, Train Loss: 0.3336, Train Acc: 0.8960, Train F1: 0.9087 Test Loss: 10.0413, Test Acc: 0.0655, Test F1: 0.0594
2024-12-15 18:46:57,320 - Epoch 73/100, Train Loss: 0.3501, Train Acc: 0.8881, Train F1: 0.8999 Test Loss: 9.6238, Test Acc: 0.1131, Test F1: 0.0959
2024-12-15 18:47:21,839 - Epoch 74/100, Train Loss: 0.2934, Train Acc: 0.9101, Train F1: 0.9217 Test Loss: 10.0426, Test Acc: 0.0655, Test F1: 0.0583
2024-12-15 18:47:46,310 - Epoch 75/100, Train Loss: 0.3045, Train Acc: 0.8996, Train F1: 0.9112 Test Loss: 10.2284, Test Acc: 0.0774, Test F1: 0.0707
2024-12-15 18:48:10,737 - Epoch 76/100, Train Loss: 0.3190, Train Acc: 0.8996, Train F1: 0.9118 Test Loss: 10.0936, Test Acc: 0.0476, Test F1: 0.0400
2024-12-15 18:48:35,207 - Epoch 77/100, Train Loss: 0.3138, Train Acc: 0.8907, Train F1: 0.9025 Test Loss: 10.2631, Test Acc: 0.0655, Test F1: 0.0478
2024-12-15 18:48:59,905 - Epoch 78/100, Train Loss: 0.3012, Train Acc: 0.9066, Train F1: 0.9184 Test Loss: 10.5260, Test Acc: 0.0536, Test F1: 0.0545
2024-12-15 18:49:24,311 - Epoch 79/100, Train Loss: 0.2936, Train Acc: 0.9031, Train F1: 0.9154 Test Loss: 10.2776, Test Acc: 0.0774, Test F1: 0.0634
2024-12-15 18:49:48,734 - Epoch 80/100, Train Loss: 0.3017, Train Acc: 0.8969, Train F1: 0.9085 Test Loss: 10.4247, Test Acc: 0.0774, Test F1: 0.0607
2024-12-15 18:50:13,244 - Epoch 81/100, Train Loss: 0.2877, Train Acc: 0.9057, Train F1: 0.9182 Test Loss: 10.1256, Test Acc: 0.0774, Test F1: 0.0725
2024-12-15 18:50:37,437 - Epoch 82/100, Train Loss: 0.3172, Train Acc: 0.8969, Train F1: 0.9083 Test Loss: 10.1998, Test Acc: 0.0833, Test F1: 0.0765
2024-12-15 18:51:01,638 - Epoch 83/100, Train Loss: 0.2828, Train Acc: 0.9031, Train F1: 0.9152 Test Loss: 10.1835, Test Acc: 0.0714, Test F1: 0.0621
2024-12-15 18:51:26,003 - Epoch 84/100, Train Loss: 0.2707, Train Acc: 0.9093, Train F1: 0.9216 Test Loss: 11.3162, Test Acc: 0.0655, Test F1: 0.0483
2024-12-15 18:51:50,446 - Epoch 85/100, Train Loss: 0.2507, Train Acc: 0.9154, Train F1: 0.9272 Test Loss: 10.7000, Test Acc: 0.0655, Test F1: 0.0462
2024-12-15 18:52:15,018 - Epoch 86/100, Train Loss: 0.2201, Train Acc: 0.9128, Train F1: 0.9250 Test Loss: 10.8547, Test Acc: 0.0655, Test F1: 0.0643
2024-12-15 18:52:39,690 - Epoch 87/100, Train Loss: 0.2187, Train Acc: 0.9189, Train F1: 0.9313 Test Loss: 10.8527, Test Acc: 0.0655, Test F1: 0.0625
2024-12-15 18:53:01,416 - Epoch 88/100, Train Loss: 0.2777, Train Acc: 0.8978, Train F1: 0.9102 Test Loss: 10.9309, Test Acc: 0.0893, Test F1: 0.0768
2024-12-15 18:53:24,004 - Epoch 89/100, Train Loss: 0.2418, Train Acc: 0.9137, Train F1: 0.9257 Test Loss: 11.3260, Test Acc: 0.0714, Test F1: 0.0555
2024-12-15 18:53:46,918 - Epoch 90/100, Train Loss: 0.2848, Train Acc: 0.9066, Train F1: 0.9184 Test Loss: 10.8511, Test Acc: 0.0655, Test F1: 0.0594
2024-12-15 18:54:11,353 - Epoch 91/100, Train Loss: 0.2412, Train Acc: 0.9066, Train F1: 0.9188 Test Loss: 11.0724, Test Acc: 0.0595, Test F1: 0.0580
2024-12-15 18:54:34,729 - Epoch 92/100, Train Loss: 0.2508, Train Acc: 0.9093, Train F1: 0.9220 Test Loss: 10.6871, Test Acc: 0.0714, Test F1: 0.0622
2024-12-15 18:54:59,678 - Epoch 93/100, Train Loss: 0.2410, Train Acc: 0.9216, Train F1: 0.9338 Test Loss: 10.7675, Test Acc: 0.0952, Test F1: 0.0879
2024-12-15 18:55:22,953 - Epoch 94/100, Train Loss: 0.1943, Train Acc: 0.9278, Train F1: 0.9405 Test Loss: 11.3186, Test Acc: 0.0714, Test F1: 0.0662
2024-12-15 18:55:46,872 - Epoch 95/100, Train Loss: 0.1975, Train Acc: 0.9286, Train F1: 0.9407 Test Loss: 10.6709, Test Acc: 0.0714, Test F1: 0.0660
2024-12-15 18:56:10,835 - Epoch 96/100, Train Loss: 0.2185, Train Acc: 0.9260, Train F1: 0.9381 Test Loss: 10.7825, Test Acc: 0.0714, Test F1: 0.0664
2024-12-15 18:56:35,196 - Epoch 97/100, Train Loss: 0.1949, Train Acc: 0.9251, Train F1: 0.9373 Test Loss: 11.5109, Test Acc: 0.0774, Test F1: 0.0613
2024-12-15 18:56:59,646 - Epoch 98/100, Train Loss: 0.2009, Train Acc: 0.9260, Train F1: 0.9380 Test Loss: 11.7917, Test Acc: 0.0595, Test F1: 0.0543
2024-12-15 18:57:24,270 - Epoch 99/100, Train Loss: 0.2143, Train Acc: 0.9207, Train F1: 0.9332 Test Loss: 11.0435, Test Acc: 0.0357, Test F1: 0.0328
2024-12-15 18:57:48,739 - Epoch 100/100, Train Loss: 0.1628, Train Acc: 0.9392, Train F1: 0.9518 Test Loss: 12.0960, Test Acc: 0.0655, Test F1: 0.0483
2024-12-15 18:57:48,742 - Training ended.
Total time: 0:40:20.224992
2024-12-15 18:57:48,742 - 最好的一次：Epoch 73/100, Train Loss: 0.3501, Train Acc: 0.8881, Train F1: 0.8999 Test Loss: 9.6238, Test Acc: 0.1131, Test F1: 0.0959
