2024-12-17 03:23:20,882 - Training started for model: resnet18_pre_none
2024-12-17 03:24:38,254 - Epoch 1/30, Train Loss: 3.8987, Train Acc: 0.0453, Train F1: 0.0360 Test Loss: 3.7092, Test Acc: 0.0595, Test F1: 0.0372
2024-12-17 03:25:50,865 - Epoch 2/30, Train Loss: 3.6961, Train Acc: 0.0802, Train F1: 0.0641 Test Loss: 3.7549, Test Acc: 0.0655, Test F1: 0.0467
2024-12-17 03:27:01,254 - Epoch 3/30, Train Loss: 3.5531, Train Acc: 0.1094, Train F1: 0.0886 Test Loss: 3.6167, Test Acc: 0.1190, Test F1: 0.0836
2024-12-17 03:28:11,393 - Epoch 4/30, Train Loss: 3.4305, Train Acc: 0.1348, Train F1: 0.1132 Test Loss: 3.6216, Test Acc: 0.1131, Test F1: 0.0841
2024-12-17 03:29:23,891 - Epoch 5/30, Train Loss: 3.3027, Train Acc: 0.1602, Train F1: 0.1388 Test Loss: 3.5087, Test Acc: 0.1310, Test F1: 0.0988
2024-12-17 03:30:37,066 - Epoch 6/30, Train Loss: 3.1810, Train Acc: 0.1919, Train F1: 0.1710 Test Loss: 3.3886, Test Acc: 0.1488, Test F1: 0.1251
2024-12-17 03:31:54,659 - Epoch 7/30, Train Loss: 3.0405, Train Acc: 0.2186, Train F1: 0.1961 Test Loss: 3.3327, Test Acc: 0.1667, Test F1: 0.1349
2024-12-17 03:33:11,495 - Epoch 8/30, Train Loss: 2.8808, Train Acc: 0.2595, Train F1: 0.2372 Test Loss: 3.4636, Test Acc: 0.1369, Test F1: 0.1024
2024-12-17 03:34:26,170 - Epoch 9/30, Train Loss: 2.7014, Train Acc: 0.2958, Train F1: 0.2762 Test Loss: 3.3167, Test Acc: 0.1607, Test F1: 0.1327
2024-12-17 03:35:29,574 - Epoch 10/30, Train Loss: 2.5243, Train Acc: 0.3395, Train F1: 0.3187 Test Loss: 3.2868, Test Acc: 0.2202, Test F1: 0.2056
2024-12-17 03:36:46,728 - Epoch 11/30, Train Loss: 2.3150, Train Acc: 0.3970, Train F1: 0.3779 Test Loss: 4.4240, Test Acc: 0.1012, Test F1: 0.0840
2024-12-17 03:37:58,575 - Epoch 12/30, Train Loss: 2.0581, Train Acc: 0.4579, Train F1: 0.4427 Test Loss: 3.7892, Test Acc: 0.1905, Test F1: 0.1824
2024-12-17 03:39:10,471 - Epoch 13/30, Train Loss: 1.7176, Train Acc: 0.5451, Train F1: 0.5311 Test Loss: 3.8849, Test Acc: 0.2024, Test F1: 0.1584
2024-12-17 03:40:28,808 - Epoch 14/30, Train Loss: 1.3768, Train Acc: 0.6380, Train F1: 0.6299 Test Loss: 4.5111, Test Acc: 0.1786, Test F1: 0.1526
2024-12-17 03:41:44,194 - Epoch 15/30, Train Loss: 1.0243, Train Acc: 0.7354, Train F1: 0.7308 Test Loss: 5.0138, Test Acc: 0.1012, Test F1: 0.0820
2024-12-17 03:42:57,743 - Epoch 16/30, Train Loss: 0.6816, Train Acc: 0.8348, Train F1: 0.8312 Test Loss: 4.8876, Test Acc: 0.1726, Test F1: 0.1481
2024-12-17 03:44:13,754 - Epoch 17/30, Train Loss: 0.3990, Train Acc: 0.9175, Train F1: 0.9173 Test Loss: 5.4360, Test Acc: 0.1488, Test F1: 0.1436
2024-12-17 03:45:28,117 - Epoch 18/30, Train Loss: 0.2819, Train Acc: 0.9410, Train F1: 0.9418 Test Loss: 6.1005, Test Acc: 0.1310, Test F1: 0.1143
2024-12-17 03:46:43,641 - Epoch 19/30, Train Loss: 0.2206, Train Acc: 0.9558, Train F1: 0.9577 Test Loss: 5.3878, Test Acc: 0.1369, Test F1: 0.1148
2024-12-17 03:47:56,612 - Epoch 20/30, Train Loss: 0.1780, Train Acc: 0.9631, Train F1: 0.9651 Test Loss: 5.8034, Test Acc: 0.1726, Test F1: 0.1455
2024-12-17 03:49:10,337 - Epoch 21/30, Train Loss: 0.1464, Train Acc: 0.9694, Train F1: 0.9712 Test Loss: 6.9914, Test Acc: 0.1429, Test F1: 0.1153
2024-12-17 03:50:26,673 - Epoch 22/30, Train Loss: 0.1691, Train Acc: 0.9602, Train F1: 0.9620 Test Loss: 6.9810, Test Acc: 0.1548, Test F1: 0.1301
2024-12-17 03:51:39,848 - Epoch 23/30, Train Loss: 0.1717, Train Acc: 0.9595, Train F1: 0.9613 Test Loss: 5.7814, Test Acc: 0.1429, Test F1: 0.1268
2024-12-17 03:52:52,929 - Epoch 24/30, Train Loss: 0.1431, Train Acc: 0.9659, Train F1: 0.9679 Test Loss: 6.5566, Test Acc: 0.1190, Test F1: 0.0971
2024-12-17 03:54:11,665 - Epoch 25/30, Train Loss: 0.1418, Train Acc: 0.9683, Train F1: 0.9703 Test Loss: 6.2575, Test Acc: 0.1369, Test F1: 0.1215
2024-12-17 03:55:26,564 - Epoch 26/30, Train Loss: 0.0980, Train Acc: 0.9782, Train F1: 0.9804 Test Loss: 5.7288, Test Acc: 0.1250, Test F1: 0.1208
2024-12-17 03:56:37,688 - Epoch 27/30, Train Loss: 0.1638, Train Acc: 0.9559, Train F1: 0.9576 Test Loss: 7.6485, Test Acc: 0.1071, Test F1: 0.0978
2024-12-17 03:57:50,616 - Epoch 28/30, Train Loss: 0.1301, Train Acc: 0.9657, Train F1: 0.9675 Test Loss: 7.9534, Test Acc: 0.1310, Test F1: 0.1144
2024-12-17 03:58:59,323 - Epoch 29/30, Train Loss: 0.1205, Train Acc: 0.9687, Train F1: 0.9708 Test Loss: 6.6900, Test Acc: 0.1250, Test F1: 0.1164
2024-12-17 04:00:10,044 - Epoch 30/30, Train Loss: 0.1057, Train Acc: 0.9729, Train F1: 0.9751 Test Loss: 8.3028, Test Acc: 0.1488, Test F1: 0.1136
2024-12-17 04:00:10,111 - Training ended.
Total time: 0:36:49.231057
2024-12-17 04:00:10,111 - 最好的一次：Epoch 10/30, Train Loss: 2.5243, Train Acc: 0.3395, Train F1: 0.3187 Test Loss: 3.2868, Test Acc: 0.2202, Test F1: 0.2056
