2024-12-16 12:53:55,827 - Training started for model: resnet18
2024-12-16 12:54:08,578 - Epoch 1/100, Train Loss: 6.2473, Train Acc: 0.0546, Train F1: 0.0105 Test Loss: 4.6527, Test Acc: 0.1667, Test F1: 0.1125
2024-12-16 12:54:18,911 - Epoch 2/100, Train Loss: 1.7383, Train Acc: 0.6511, Train F1: 0.6328 Test Loss: 3.4175, Test Acc: 0.2500, Test F1: 0.2543
2024-12-16 12:54:26,878 - Epoch 3/100, Train Loss: 0.4939, Train Acc: 0.9348, Train F1: 0.9466 Test Loss: 3.3502, Test Acc: 0.2321, Test F1: 0.2256
2024-12-16 12:54:34,908 - Epoch 4/100, Train Loss: 0.2024, Train Acc: 0.9709, Train F1: 0.9839 Test Loss: 3.3592, Test Acc: 0.2976, Test F1: 0.2681
2024-12-16 12:54:44,227 - Epoch 5/100, Train Loss: 0.1326, Train Acc: 0.9736, Train F1: 0.9867 Test Loss: 3.3487, Test Acc: 0.2976, Test F1: 0.2788
2024-12-16 12:54:53,666 - Epoch 6/100, Train Loss: 0.1014, Train Acc: 0.9736, Train F1: 0.9865 Test Loss: 3.4290, Test Acc: 0.3036, Test F1: 0.2733
2024-12-16 12:55:01,544 - Epoch 7/100, Train Loss: 0.0821, Train Acc: 0.9744, Train F1: 0.9874 Test Loss: 3.4382, Test Acc: 0.2917, Test F1: 0.2875
2024-12-16 12:55:09,581 - Epoch 8/100, Train Loss: 0.0673, Train Acc: 0.9762, Train F1: 0.9891 Test Loss: 3.3482, Test Acc: 0.2798, Test F1: 0.2646
2024-12-16 12:55:17,455 - Epoch 9/100, Train Loss: 0.0608, Train Acc: 0.9762, Train F1: 0.9894 Test Loss: 3.2672, Test Acc: 0.3333, Test F1: 0.3149
2024-12-16 12:55:25,433 - Epoch 10/100, Train Loss: 0.0501, Train Acc: 0.9771, Train F1: 0.9901 Test Loss: 3.3947, Test Acc: 0.3274, Test F1: 0.3185
2024-12-16 12:55:34,707 - Epoch 11/100, Train Loss: 0.0554, Train Acc: 0.9771, Train F1: 0.9901 Test Loss: 3.3640, Test Acc: 0.2976, Test F1: 0.2825
2024-12-16 12:55:43,754 - Epoch 12/100, Train Loss: 0.0358, Train Acc: 0.9806, Train F1: 0.9937 Test Loss: 3.3717, Test Acc: 0.2857, Test F1: 0.2701
2024-12-16 12:55:51,616 - Epoch 13/100, Train Loss: 0.0373, Train Acc: 0.9780, Train F1: 0.9911 Test Loss: 3.3767, Test Acc: 0.3155, Test F1: 0.3087
2024-12-16 12:56:00,182 - Epoch 14/100, Train Loss: 0.0380, Train Acc: 0.9780, Train F1: 0.9909 Test Loss: 3.3849, Test Acc: 0.3095, Test F1: 0.2995
2024-12-16 12:56:08,844 - Epoch 15/100, Train Loss: 0.0359, Train Acc: 0.9789, Train F1: 0.9919 Test Loss: 3.3153, Test Acc: 0.3274, Test F1: 0.3004
2024-12-16 12:56:16,979 - Epoch 16/100, Train Loss: 0.0336, Train Acc: 0.9789, Train F1: 0.9919 Test Loss: 3.4453, Test Acc: 0.2976, Test F1: 0.2871
2024-12-16 12:56:24,793 - Epoch 17/100, Train Loss: 0.0311, Train Acc: 0.9771, Train F1: 0.9901 Test Loss: 3.4064, Test Acc: 0.3393, Test F1: 0.3207
2024-12-16 12:56:32,705 - Epoch 18/100, Train Loss: 0.0330, Train Acc: 0.9789, Train F1: 0.9919 Test Loss: 3.3361, Test Acc: 0.3274, Test F1: 0.3144
2024-12-16 12:56:41,263 - Epoch 19/100, Train Loss: 0.0286, Train Acc: 0.9797, Train F1: 0.9929 Test Loss: 3.3064, Test Acc: 0.3333, Test F1: 0.3206
2024-12-16 12:56:49,093 - Epoch 20/100, Train Loss: 0.0269, Train Acc: 0.9806, Train F1: 0.9938 Test Loss: 3.4523, Test Acc: 0.2857, Test F1: 0.2718
2024-12-16 12:56:57,006 - Epoch 21/100, Train Loss: 0.0301, Train Acc: 0.9780, Train F1: 0.9910 Test Loss: 3.2951, Test Acc: 0.3214, Test F1: 0.3007
2024-12-16 12:57:06,586 - Epoch 22/100, Train Loss: 0.0258, Train Acc: 0.9789, Train F1: 0.9920 Test Loss: 3.2669, Test Acc: 0.3214, Test F1: 0.3160
2024-12-16 12:57:16,937 - Epoch 23/100, Train Loss: 0.0285, Train Acc: 0.9780, Train F1: 0.9912 Test Loss: 3.4268, Test Acc: 0.3393, Test F1: 0.3233
2024-12-16 12:57:27,376 - Epoch 24/100, Train Loss: 0.0258, Train Acc: 0.9789, Train F1: 0.9918 Test Loss: 3.4033, Test Acc: 0.3155, Test F1: 0.2958
2024-12-16 12:57:38,404 - Epoch 25/100, Train Loss: 0.0242, Train Acc: 0.9780, Train F1: 0.9912 Test Loss: 3.4235, Test Acc: 0.3333, Test F1: 0.3005
2024-12-16 12:57:48,026 - Epoch 26/100, Train Loss: 0.0246, Train Acc: 0.9789, Train F1: 0.9919 Test Loss: 3.2921, Test Acc: 0.3393, Test F1: 0.3200
2024-12-16 12:57:58,874 - Epoch 27/100, Train Loss: 0.0238, Train Acc: 0.9780, Train F1: 0.9911 Test Loss: 3.3494, Test Acc: 0.3214, Test F1: 0.3064
2024-12-16 12:58:10,071 - Epoch 28/100, Train Loss: 0.0245, Train Acc: 0.9797, Train F1: 0.9929 Test Loss: 3.3334, Test Acc: 0.3095, Test F1: 0.3051
2024-12-16 12:58:18,487 - Epoch 29/100, Train Loss: 0.0227, Train Acc: 0.9780, Train F1: 0.9910 Test Loss: 3.3674, Test Acc: 0.3333, Test F1: 0.3204
2024-12-16 12:58:27,519 - Epoch 30/100, Train Loss: 0.0214, Train Acc: 0.9780, Train F1: 0.9911 Test Loss: 3.3802, Test Acc: 0.3095, Test F1: 0.2984
2024-12-16 12:58:37,697 - Epoch 31/100, Train Loss: 0.0262, Train Acc: 0.9762, Train F1: 0.9891 Test Loss: 3.2973, Test Acc: 0.3333, Test F1: 0.3170
2024-12-16 12:58:47,997 - Epoch 32/100, Train Loss: 0.0188, Train Acc: 0.9797, Train F1: 0.9928 Test Loss: 3.2830, Test Acc: 0.3452, Test F1: 0.3262
2024-12-16 12:58:58,268 - Epoch 33/100, Train Loss: 0.0183, Train Acc: 0.9797, Train F1: 0.9928 Test Loss: 3.2826, Test Acc: 0.3571, Test F1: 0.3462
2024-12-16 12:59:08,614 - Epoch 34/100, Train Loss: 0.0253, Train Acc: 0.9780, Train F1: 0.9910 Test Loss: 3.3791, Test Acc: 0.3036, Test F1: 0.2854
2024-12-16 12:59:18,951 - Epoch 35/100, Train Loss: 0.0214, Train Acc: 0.9780, Train F1: 0.9912 Test Loss: 3.4109, Test Acc: 0.3274, Test F1: 0.3206
2024-12-16 12:59:27,868 - Epoch 36/100, Train Loss: 0.0187, Train Acc: 0.9797, Train F1: 0.9928 Test Loss: 3.4508, Test Acc: 0.3155, Test F1: 0.3041
2024-12-16 12:59:35,737 - Epoch 37/100, Train Loss: 0.0204, Train Acc: 0.9780, Train F1: 0.9911 Test Loss: 3.3698, Test Acc: 0.3155, Test F1: 0.3113
2024-12-16 12:59:43,555 - Epoch 38/100, Train Loss: 0.0190, Train Acc: 0.9806, Train F1: 0.9938 Test Loss: 3.3868, Test Acc: 0.3333, Test F1: 0.3295
2024-12-16 12:59:51,802 - Epoch 39/100, Train Loss: 0.0203, Train Acc: 0.9771, Train F1: 0.9901 Test Loss: 3.3921, Test Acc: 0.3214, Test F1: 0.3186
2024-12-16 12:59:59,808 - Epoch 40/100, Train Loss: 0.0191, Train Acc: 0.9771, Train F1: 0.9901 Test Loss: 3.3713, Test Acc: 0.3333, Test F1: 0.3082
2024-12-16 13:00:10,135 - Epoch 41/100, Train Loss: 0.0192, Train Acc: 0.9780, Train F1: 0.9911 Test Loss: 3.3593, Test Acc: 0.3036, Test F1: 0.2784
2024-12-16 13:00:20,433 - Epoch 42/100, Train Loss: 0.0181, Train Acc: 0.9789, Train F1: 0.9920 Test Loss: 3.3636, Test Acc: 0.3036, Test F1: 0.2792
2024-12-16 13:00:30,711 - Epoch 43/100, Train Loss: 0.0162, Train Acc: 0.9780, Train F1: 0.9910 Test Loss: 3.3993, Test Acc: 0.3274, Test F1: 0.3063
2024-12-16 13:00:41,573 - Epoch 44/100, Train Loss: 0.0185, Train Acc: 0.9797, Train F1: 0.9928 Test Loss: 3.5507, Test Acc: 0.3095, Test F1: 0.2842
2024-12-16 13:00:52,503 - Epoch 45/100, Train Loss: 0.0182, Train Acc: 0.9806, Train F1: 0.9937 Test Loss: 3.3178, Test Acc: 0.3571, Test F1: 0.3458
2024-12-16 13:01:00,356 - Epoch 46/100, Train Loss: 0.0168, Train Acc: 0.9780, Train F1: 0.9910 Test Loss: 3.2725, Test Acc: 0.3393, Test F1: 0.3257
2024-12-16 13:01:08,140 - Epoch 47/100, Train Loss: 0.0209, Train Acc: 0.9771, Train F1: 0.9902 Test Loss: 3.4454, Test Acc: 0.3333, Test F1: 0.3144
2024-12-16 13:01:17,717 - Epoch 48/100, Train Loss: 0.0168, Train Acc: 0.9789, Train F1: 0.9919 Test Loss: 3.4009, Test Acc: 0.2976, Test F1: 0.2827
2024-12-16 13:01:25,800 - Epoch 49/100, Train Loss: 0.0208, Train Acc: 0.9789, Train F1: 0.9918 Test Loss: 3.4711, Test Acc: 0.3155, Test F1: 0.3078
2024-12-16 13:01:33,783 - Epoch 50/100, Train Loss: 0.0187, Train Acc: 0.9789, Train F1: 0.9919 Test Loss: 3.3399, Test Acc: 0.3333, Test F1: 0.3220
2024-12-16 13:01:41,653 - Epoch 51/100, Train Loss: 0.0192, Train Acc: 0.9771, Train F1: 0.9901 Test Loss: 3.3277, Test Acc: 0.3333, Test F1: 0.3173
2024-12-16 13:01:49,718 - Epoch 52/100, Train Loss: 0.0164, Train Acc: 0.9780, Train F1: 0.9911 Test Loss: 3.4041, Test Acc: 0.3274, Test F1: 0.3039
2024-12-16 13:01:57,687 - Epoch 53/100, Train Loss: 0.0174, Train Acc: 0.9753, Train F1: 0.9883 Test Loss: 3.4319, Test Acc: 0.3036, Test F1: 0.2917
2024-12-16 13:02:05,669 - Epoch 54/100, Train Loss: 0.0153, Train Acc: 0.9789, Train F1: 0.9919 Test Loss: 3.2800, Test Acc: 0.3393, Test F1: 0.3092
2024-12-16 13:02:13,961 - Epoch 55/100, Train Loss: 0.0162, Train Acc: 0.9797, Train F1: 0.9928 Test Loss: 3.4130, Test Acc: 0.3155, Test F1: 0.3038
2024-12-16 13:02:22,029 - Epoch 56/100, Train Loss: 0.0166, Train Acc: 0.9780, Train F1: 0.9912 Test Loss: 3.4959, Test Acc: 0.3095, Test F1: 0.2903
2024-12-16 13:02:29,843 - Epoch 57/100, Train Loss: 0.0175, Train Acc: 0.9789, Train F1: 0.9918 Test Loss: 3.5286, Test Acc: 0.3333, Test F1: 0.3209
2024-12-16 13:02:37,825 - Epoch 58/100, Train Loss: 0.0164, Train Acc: 0.9806, Train F1: 0.9938 Test Loss: 3.4757, Test Acc: 0.2857, Test F1: 0.2752
2024-12-16 13:02:45,880 - Epoch 59/100, Train Loss: 0.0182, Train Acc: 0.9789, Train F1: 0.9917 Test Loss: 3.3363, Test Acc: 0.3452, Test F1: 0.3385
2024-12-16 13:02:53,800 - Epoch 60/100, Train Loss: 0.0170, Train Acc: 0.9789, Train F1: 0.9920 Test Loss: 3.4413, Test Acc: 0.3214, Test F1: 0.3014
2024-12-16 13:03:02,615 - Epoch 61/100, Train Loss: 0.0158, Train Acc: 0.9789, Train F1: 0.9921 Test Loss: 3.4282, Test Acc: 0.3155, Test F1: 0.2925
2024-12-16 13:03:12,474 - Epoch 62/100, Train Loss: 0.0171, Train Acc: 0.9789, Train F1: 0.9919 Test Loss: 3.4677, Test Acc: 0.3274, Test F1: 0.3159
2024-12-16 13:03:21,220 - Epoch 63/100, Train Loss: 0.0134, Train Acc: 0.9815, Train F1: 0.9946 Test Loss: 3.4639, Test Acc: 0.3274, Test F1: 0.3090
2024-12-16 13:03:29,136 - Epoch 64/100, Train Loss: 0.0181, Train Acc: 0.9780, Train F1: 0.9910 Test Loss: 3.3330, Test Acc: 0.3274, Test F1: 0.3084
2024-12-16 13:03:37,286 - Epoch 65/100, Train Loss: 0.0142, Train Acc: 0.9780, Train F1: 0.9911 Test Loss: 3.3428, Test Acc: 0.3333, Test F1: 0.3131
2024-12-16 13:03:47,095 - Epoch 66/100, Train Loss: 0.0148, Train Acc: 0.9797, Train F1: 0.9928 Test Loss: 3.3185, Test Acc: 0.3036, Test F1: 0.2812
2024-12-16 13:03:55,183 - Epoch 67/100, Train Loss: 0.0145, Train Acc: 0.9789, Train F1: 0.9921 Test Loss: 3.4116, Test Acc: 0.2976, Test F1: 0.2808
2024-12-16 13:04:03,182 - Epoch 68/100, Train Loss: 0.0157, Train Acc: 0.9789, Train F1: 0.9920 Test Loss: 3.6105, Test Acc: 0.3095, Test F1: 0.2992
2024-12-16 13:04:11,287 - Epoch 69/100, Train Loss: 0.0163, Train Acc: 0.9789, Train F1: 0.9921 Test Loss: 3.4407, Test Acc: 0.3155, Test F1: 0.2968
2024-12-16 13:04:21,556 - Epoch 70/100, Train Loss: 0.0177, Train Acc: 0.9789, Train F1: 0.9920 Test Loss: 3.4792, Test Acc: 0.2976, Test F1: 0.2671
2024-12-16 13:04:29,499 - Epoch 71/100, Train Loss: 0.0198, Train Acc: 0.9789, Train F1: 0.9919 Test Loss: 3.7059, Test Acc: 0.2917, Test F1: 0.2903
2024-12-16 13:04:37,807 - Epoch 72/100, Train Loss: 0.0190, Train Acc: 0.9771, Train F1: 0.9902 Test Loss: 3.4988, Test Acc: 0.3393, Test F1: 0.3076
2024-12-16 13:04:48,166 - Epoch 73/100, Train Loss: 0.0155, Train Acc: 0.9797, Train F1: 0.9929 Test Loss: 3.3453, Test Acc: 0.3393, Test F1: 0.3256
2024-12-16 13:04:59,263 - Epoch 74/100, Train Loss: 0.0140, Train Acc: 0.9789, Train F1: 0.9919 Test Loss: 3.3532, Test Acc: 0.3512, Test F1: 0.3374
2024-12-16 13:05:07,116 - Epoch 75/100, Train Loss: 0.0159, Train Acc: 0.9797, Train F1: 0.9929 Test Loss: 3.3858, Test Acc: 0.3274, Test F1: 0.3057
2024-12-16 13:05:14,995 - Epoch 76/100, Train Loss: 0.0152, Train Acc: 0.9771, Train F1: 0.9902 Test Loss: 3.4159, Test Acc: 0.3333, Test F1: 0.3290
2024-12-16 13:05:22,927 - Epoch 77/100, Train Loss: 0.0137, Train Acc: 0.9789, Train F1: 0.9919 Test Loss: 3.3776, Test Acc: 0.2976, Test F1: 0.2896
2024-12-16 13:05:30,794 - Epoch 78/100, Train Loss: 0.0156, Train Acc: 0.9780, Train F1: 0.9911 Test Loss: 3.4329, Test Acc: 0.3274, Test F1: 0.3075
2024-12-16 13:05:38,736 - Epoch 79/100, Train Loss: 0.0165, Train Acc: 0.9780, Train F1: 0.9911 Test Loss: 3.4869, Test Acc: 0.3214, Test F1: 0.3017
2024-12-16 13:05:46,570 - Epoch 80/100, Train Loss: 0.0165, Train Acc: 0.9780, Train F1: 0.9911 Test Loss: 3.4767, Test Acc: 0.3274, Test F1: 0.3130
2024-12-16 13:05:54,505 - Epoch 81/100, Train Loss: 0.0143, Train Acc: 0.9771, Train F1: 0.9903 Test Loss: 3.5501, Test Acc: 0.3631, Test F1: 0.3385
2024-12-16 13:06:02,245 - Epoch 82/100, Train Loss: 0.0158, Train Acc: 0.9789, Train F1: 0.9919 Test Loss: 3.4375, Test Acc: 0.3274, Test F1: 0.3101
2024-12-16 13:06:10,212 - Epoch 83/100, Train Loss: 0.0157, Train Acc: 0.9789, Train F1: 0.9918 Test Loss: 3.4191, Test Acc: 0.3274, Test F1: 0.3144
2024-12-16 13:06:18,103 - Epoch 84/100, Train Loss: 0.0150, Train Acc: 0.9780, Train F1: 0.9911 Test Loss: 3.5481, Test Acc: 0.3274, Test F1: 0.2951
2024-12-16 13:06:27,334 - Epoch 85/100, Train Loss: 0.0150, Train Acc: 0.9780, Train F1: 0.9911 Test Loss: 3.4814, Test Acc: 0.3214, Test F1: 0.3112
2024-12-16 13:06:37,548 - Epoch 86/100, Train Loss: 0.0150, Train Acc: 0.9780, Train F1: 0.9910 Test Loss: 3.7222, Test Acc: 0.3214, Test F1: 0.2937
2024-12-16 13:06:45,540 - Epoch 87/100, Train Loss: 0.0145, Train Acc: 0.9771, Train F1: 0.9902 Test Loss: 3.5125, Test Acc: 0.3214, Test F1: 0.3092
2024-12-16 13:06:54,599 - Epoch 88/100, Train Loss: 0.0136, Train Acc: 0.9797, Train F1: 0.9929 Test Loss: 3.5372, Test Acc: 0.3631, Test F1: 0.3354
2024-12-16 13:07:02,690 - Epoch 89/100, Train Loss: 0.0136, Train Acc: 0.9806, Train F1: 0.9937 Test Loss: 3.6657, Test Acc: 0.3452, Test F1: 0.3342
2024-12-16 13:07:10,696 - Epoch 90/100, Train Loss: 0.0159, Train Acc: 0.9789, Train F1: 0.9920 Test Loss: 3.5156, Test Acc: 0.3214, Test F1: 0.2984
2024-12-16 13:07:18,678 - Epoch 91/100, Train Loss: 0.0138, Train Acc: 0.9780, Train F1: 0.9911 Test Loss: 3.3491, Test Acc: 0.3393, Test F1: 0.3286
2024-12-16 13:07:26,712 - Epoch 92/100, Train Loss: 0.0138, Train Acc: 0.9780, Train F1: 0.9911 Test Loss: 3.4303, Test Acc: 0.3393, Test F1: 0.3302
2024-12-16 13:07:34,796 - Epoch 93/100, Train Loss: 0.0131, Train Acc: 0.9771, Train F1: 0.9902 Test Loss: 3.5239, Test Acc: 0.3155, Test F1: 0.2978
2024-12-16 13:07:43,829 - Epoch 94/100, Train Loss: 0.0132, Train Acc: 0.9780, Train F1: 0.9911 Test Loss: 3.6445, Test Acc: 0.2857, Test F1: 0.2771
2024-12-16 13:07:54,216 - Epoch 95/100, Train Loss: 0.0152, Train Acc: 0.9789, Train F1: 0.9920 Test Loss: 3.4219, Test Acc: 0.3631, Test F1: 0.3289
2024-12-16 13:08:04,474 - Epoch 96/100, Train Loss: 0.0141, Train Acc: 0.9753, Train F1: 0.9883 Test Loss: 3.3726, Test Acc: 0.3393, Test F1: 0.3281
2024-12-16 13:08:14,703 - Epoch 97/100, Train Loss: 0.0153, Train Acc: 0.9780, Train F1: 0.9912 Test Loss: 3.6329, Test Acc: 0.3155, Test F1: 0.2965
2024-12-16 13:08:25,036 - Epoch 98/100, Train Loss: 0.0139, Train Acc: 0.9771, Train F1: 0.9902 Test Loss: 3.5728, Test Acc: 0.3214, Test F1: 0.2982
2024-12-16 13:08:33,591 - Epoch 99/100, Train Loss: 0.0146, Train Acc: 0.9780, Train F1: 0.9911 Test Loss: 3.3957, Test Acc: 0.3274, Test F1: 0.2984
2024-12-16 13:08:42,422 - Epoch 100/100, Train Loss: 0.1173, Train Acc: 0.9674, Train F1: 0.9803 Test Loss: 6.1320, Test Acc: 0.1786, Test F1: 0.1355
2024-12-16 13:08:42,499 - Training ended.
Total time: 0:14:46.674614
2024-12-16 13:08:42,499 - 最好的一次：Epoch 81/100, Train Loss: 0.0143, Train Acc: 0.9771, Train F1: 0.9903 Test Loss: 3.5501, Test Acc: 0.3631, Test F1: 0.3385
