2024-12-22 19:58:54,735 - Training started for model: resnet101
2024-12-22 20:00:15,653 - Training started for model: resnet101
2024-12-22 20:01:31,084 - Epoch 1/30, Train Loss: 3.5963, Train Acc: 0.1450, Train F1: 0.1136 Test Loss: 3.1006, Test Acc: 0.1488, Test F1: 0.1483
2024-12-22 20:02:44,918 - Epoch 2/30, Train Loss: 2.6106, Train Acc: 0.3627, Train F1: 0.3265 Test Loss: 2.4978, Test Acc: 0.2500, Test F1: 0.2521
2024-12-22 20:04:00,205 - Epoch 3/30, Train Loss: 1.9782, Train Acc: 0.5015, Train F1: 0.4837 Test Loss: 2.2777, Test Acc: 0.3155, Test F1: 0.3938
2024-12-22 20:05:13,795 - Epoch 4/30, Train Loss: 1.5410, Train Acc: 0.6122, Train F1: 0.5998 Test Loss: 2.2737, Test Acc: 0.3452, Test F1: 0.4235
2024-12-22 20:06:29,308 - Epoch 5/30, Train Loss: 1.1801, Train Acc: 0.6945, Train F1: 0.6885 Test Loss: 2.2021, Test Acc: 0.3155, Test F1: 0.3681
2024-12-22 20:07:44,012 - Epoch 6/30, Train Loss: 0.9163, Train Acc: 0.7643, Train F1: 0.7627 Test Loss: 2.2806, Test Acc: 0.3571, Test F1: 0.4452
2024-12-22 20:08:57,071 - Epoch 7/30, Train Loss: 0.7117, Train Acc: 0.8149, Train F1: 0.8146 Test Loss: 2.0607, Test Acc: 0.3929, Test F1: 0.4782
2024-12-22 20:10:11,907 - Epoch 8/30, Train Loss: 0.5351, Train Acc: 0.8651, Train F1: 0.8648 Test Loss: 2.2766, Test Acc: 0.3274, Test F1: 0.3735
2024-12-22 20:11:25,750 - Epoch 9/30, Train Loss: 0.4115, Train Acc: 0.8949, Train F1: 0.8959 Test Loss: 2.1421, Test Acc: 0.3571, Test F1: 0.4128
2024-12-22 20:12:39,973 - Epoch 10/30, Train Loss: 0.3106, Train Acc: 0.9231, Train F1: 0.9252 Test Loss: 2.4177, Test Acc: 0.3214, Test F1: 0.3523
2024-12-22 20:13:55,969 - Epoch 11/30, Train Loss: 0.2568, Train Acc: 0.9387, Train F1: 0.9413 Test Loss: 2.2316, Test Acc: 0.3155, Test F1: 0.3871
2024-12-22 20:15:11,733 - Epoch 12/30, Train Loss: 0.1929, Train Acc: 0.9526, Train F1: 0.9558 Test Loss: 2.4218, Test Acc: 0.2738, Test F1: 0.3271
2024-12-22 20:16:25,487 - Epoch 13/30, Train Loss: 0.1706, Train Acc: 0.9577, Train F1: 0.9611 Test Loss: 2.5010, Test Acc: 0.3274, Test F1: 0.3913
2024-12-22 20:17:40,711 - Epoch 14/30, Train Loss: 0.1415, Train Acc: 0.9657, Train F1: 0.9690 Test Loss: 2.3145, Test Acc: 0.3869, Test F1: 0.4528
2024-12-22 20:18:54,379 - Epoch 15/30, Train Loss: 0.1215, Train Acc: 0.9691, Train F1: 0.9724 Test Loss: 2.5936, Test Acc: 0.3155, Test F1: 0.3948
2024-12-22 20:20:08,820 - Epoch 16/30, Train Loss: 0.1118, Train Acc: 0.9711, Train F1: 0.9745 Test Loss: 2.5695, Test Acc: 0.3393, Test F1: 0.3874
2024-12-22 20:21:22,190 - Epoch 17/30, Train Loss: 0.0902, Train Acc: 0.9747, Train F1: 0.9783 Test Loss: 2.4907, Test Acc: 0.3512, Test F1: 0.4451
2024-12-22 20:22:35,316 - Epoch 18/30, Train Loss: 0.0736, Train Acc: 0.9775, Train F1: 0.9811 Test Loss: 2.4356, Test Acc: 0.3750, Test F1: 0.4279
2024-12-22 20:23:49,241 - Epoch 19/30, Train Loss: 0.0787, Train Acc: 0.9771, Train F1: 0.9807 Test Loss: 2.3947, Test Acc: 0.3869, Test F1: 0.4539
2024-12-22 20:25:04,324 - Epoch 20/30, Train Loss: 0.0827, Train Acc: 0.9746, Train F1: 0.9783 Test Loss: 2.8158, Test Acc: 0.3393, Test F1: 0.3827
2024-12-22 20:26:18,696 - Epoch 21/30, Train Loss: 0.0796, Train Acc: 0.9751, Train F1: 0.9785 Test Loss: 2.9210, Test Acc: 0.3393, Test F1: 0.4140
2024-12-22 20:27:32,081 - Epoch 22/30, Train Loss: 0.0714, Train Acc: 0.9768, Train F1: 0.9806 Test Loss: 3.0245, Test Acc: 0.3214, Test F1: 0.3947
2024-12-22 20:28:44,407 - Epoch 23/30, Train Loss: 0.0809, Train Acc: 0.9740, Train F1: 0.9775 Test Loss: 2.7907, Test Acc: 0.3036, Test F1: 0.3486
2024-12-22 20:29:57,869 - Epoch 24/30, Train Loss: 0.0685, Train Acc: 0.9769, Train F1: 0.9807 Test Loss: 2.7552, Test Acc: 0.3571, Test F1: 0.4389
2024-12-22 20:31:11,242 - Epoch 25/30, Train Loss: 0.0792, Train Acc: 0.9746, Train F1: 0.9782 Test Loss: 3.0236, Test Acc: 0.3274, Test F1: 0.3753
2024-12-22 20:32:23,908 - Epoch 26/30, Train Loss: 0.1077, Train Acc: 0.9670, Train F1: 0.9701 Test Loss: 2.9014, Test Acc: 0.3452, Test F1: 0.4183
2024-12-22 20:33:38,213 - Epoch 27/30, Train Loss: 0.1222, Train Acc: 0.9599, Train F1: 0.9631 Test Loss: 2.9054, Test Acc: 0.3452, Test F1: 0.3940
2024-12-22 20:34:53,288 - Epoch 28/30, Train Loss: 0.1357, Train Acc: 0.9558, Train F1: 0.9589 Test Loss: 2.7623, Test Acc: 0.3333, Test F1: 0.4273
2024-12-22 20:36:07,898 - Epoch 29/30, Train Loss: 0.1260, Train Acc: 0.9583, Train F1: 0.9617 Test Loss: 3.0648, Test Acc: 0.3512, Test F1: 0.4383
2024-12-22 20:37:21,463 - Epoch 30/30, Train Loss: 0.0999, Train Acc: 0.9673, Train F1: 0.9709 Test Loss: 3.0069, Test Acc: 0.3571, Test F1: 0.4007
2024-12-22 20:37:21,638 - Training ended.
Total time: 0:37:05.987916
2024-12-22 20:37:21,638 - 最好的一次：Epoch 7/30, Train Loss: 0.7117, Train Acc: 0.8149, Train F1: 0.8146 Test Loss: 2.0607, Test Acc: 0.3929, Test F1: 0.4782
