2024-12-17 07:31:58,406 - Training started for model: eff_b1
2024-12-17 07:33:33,175 - Epoch 1/30, Train Loss: 3.6382, Train Acc: 0.1523, Train F1: 0.1275 Test Loss: 3.1928, Test Acc: 0.2440, Test F1: 0.2138
2024-12-17 07:35:06,192 - Epoch 2/30, Train Loss: 2.5229, Train Acc: 0.4072, Train F1: 0.3706 Test Loss: 2.4423, Test Acc: 0.3512, Test F1: 0.3145
2024-12-17 07:36:39,825 - Epoch 3/30, Train Loss: 1.7425, Train Acc: 0.5861, Train F1: 0.5668 Test Loss: 2.0975, Test Acc: 0.4762, Test F1: 0.4707
2024-12-17 07:38:14,468 - Epoch 4/30, Train Loss: 1.2007, Train Acc: 0.7149, Train F1: 0.7069 Test Loss: 1.9838, Test Acc: 0.4762, Test F1: 0.4929
2024-12-17 07:39:47,970 - Epoch 5/30, Train Loss: 0.8138, Train Acc: 0.8137, Train F1: 0.8090 Test Loss: 1.9476, Test Acc: 0.4881, Test F1: 0.4941
2024-12-17 07:41:20,748 - Epoch 6/30, Train Loss: 0.5470, Train Acc: 0.8794, Train F1: 0.8786 Test Loss: 1.9281, Test Acc: 0.5238, Test F1: 0.5263
2024-12-17 07:42:52,807 - Epoch 7/30, Train Loss: 0.3665, Train Acc: 0.9220, Train F1: 0.9227 Test Loss: 1.9824, Test Acc: 0.5119, Test F1: 0.5215
2024-12-17 07:44:27,210 - Epoch 8/30, Train Loss: 0.2457, Train Acc: 0.9495, Train F1: 0.9497 Test Loss: 2.1183, Test Acc: 0.5000, Test F1: 0.4981
2024-12-17 07:45:53,395 - Epoch 9/30, Train Loss: 0.1947, Train Acc: 0.9580, Train F1: 0.9598 Test Loss: 2.0749, Test Acc: 0.4762, Test F1: 0.4785
2024-12-17 07:47:25,790 - Epoch 10/30, Train Loss: 0.1519, Train Acc: 0.9662, Train F1: 0.9679 Test Loss: 2.1819, Test Acc: 0.4762, Test F1: 0.4771
2024-12-17 07:49:00,565 - Epoch 11/30, Train Loss: 0.1176, Train Acc: 0.9744, Train F1: 0.9760 Test Loss: 2.2695, Test Acc: 0.4940, Test F1: 0.4876
2024-12-17 07:50:33,811 - Epoch 12/30, Train Loss: 0.1060, Train Acc: 0.9740, Train F1: 0.9759 Test Loss: 2.2894, Test Acc: 0.4643, Test F1: 0.4746
2024-12-17 07:52:09,070 - Epoch 13/30, Train Loss: 0.0977, Train Acc: 0.9754, Train F1: 0.9772 Test Loss: 2.3384, Test Acc: 0.4643, Test F1: 0.4832
2024-12-17 07:53:37,687 - Epoch 14/30, Train Loss: 0.0915, Train Acc: 0.9758, Train F1: 0.9777 Test Loss: 2.3236, Test Acc: 0.4881, Test F1: 0.4913
2024-12-17 07:55:09,816 - Epoch 15/30, Train Loss: 0.0803, Train Acc: 0.9766, Train F1: 0.9786 Test Loss: 2.2700, Test Acc: 0.4940, Test F1: 0.4831
2024-12-17 07:56:50,481 - Epoch 16/30, Train Loss: 0.0790, Train Acc: 0.9762, Train F1: 0.9785 Test Loss: 2.2983, Test Acc: 0.4940, Test F1: 0.5000
2024-12-17 07:58:24,637 - Epoch 17/30, Train Loss: 0.0728, Train Acc: 0.9775, Train F1: 0.9797 Test Loss: 2.3832, Test Acc: 0.4643, Test F1: 0.4561
2024-12-17 07:59:57,844 - Epoch 18/30, Train Loss: 0.0657, Train Acc: 0.9796, Train F1: 0.9816 Test Loss: 2.2846, Test Acc: 0.5179, Test F1: 0.5187
2024-12-17 08:01:31,026 - Epoch 19/30, Train Loss: 0.0582, Train Acc: 0.9815, Train F1: 0.9838 Test Loss: 2.2671, Test Acc: 0.4821, Test F1: 0.4781
2024-12-17 08:03:04,783 - Epoch 20/30, Train Loss: 0.0622, Train Acc: 0.9786, Train F1: 0.9806 Test Loss: 2.4536, Test Acc: 0.4762, Test F1: 0.4689
2024-12-17 08:04:38,742 - Epoch 21/30, Train Loss: 0.0602, Train Acc: 0.9776, Train F1: 0.9797 Test Loss: 2.3619, Test Acc: 0.4881, Test F1: 0.4954
2024-12-17 08:06:12,456 - Epoch 22/30, Train Loss: 0.0609, Train Acc: 0.9789, Train F1: 0.9809 Test Loss: 2.3884, Test Acc: 0.5000, Test F1: 0.5151
2024-12-17 08:07:44,211 - Epoch 23/30, Train Loss: 0.0546, Train Acc: 0.9801, Train F1: 0.9818 Test Loss: 2.5656, Test Acc: 0.5060, Test F1: 0.5107
2024-12-17 08:09:17,104 - Epoch 24/30, Train Loss: 0.0503, Train Acc: 0.9822, Train F1: 0.9845 Test Loss: 2.4795, Test Acc: 0.4405, Test F1: 0.4363
2024-12-17 08:10:48,368 - Epoch 25/30, Train Loss: 0.0534, Train Acc: 0.9808, Train F1: 0.9830 Test Loss: 2.5494, Test Acc: 0.4881, Test F1: 0.5007
2024-12-17 08:12:22,773 - Epoch 26/30, Train Loss: 0.0469, Train Acc: 0.9823, Train F1: 0.9845 Test Loss: 2.3871, Test Acc: 0.4881, Test F1: 0.4721
2024-12-17 08:13:57,336 - Epoch 27/30, Train Loss: 0.0479, Train Acc: 0.9814, Train F1: 0.9833 Test Loss: 2.5055, Test Acc: 0.4702, Test F1: 0.4587
2024-12-17 08:15:29,806 - Epoch 28/30, Train Loss: 0.0462, Train Acc: 0.9832, Train F1: 0.9853 Test Loss: 2.4095, Test Acc: 0.5000, Test F1: 0.4877
2024-12-17 08:17:01,628 - Epoch 29/30, Train Loss: 0.0527, Train Acc: 0.9800, Train F1: 0.9821 Test Loss: 2.4554, Test Acc: 0.4762, Test F1: 0.4767
2024-12-17 08:18:35,690 - Epoch 30/30, Train Loss: 0.0472, Train Acc: 0.9825, Train F1: 0.9848 Test Loss: 2.5865, Test Acc: 0.4762, Test F1: 0.4843
2024-12-17 08:18:35,764 - Training ended.
Total time: 0:46:37.360456
2024-12-17 08:18:35,764 - 最好的一次：Epoch 6/30, Train Loss: 0.5470, Train Acc: 0.8794, Train F1: 0.8786 Test Loss: 1.9281, Test Acc: 0.5238, Test F1: 0.5263
