2024-12-17 18:30:37,609 - Training started for model: resnet18
2024-12-17 18:32:40,477 - Epoch 1/30, Train Loss: 4.1741, Train Acc: 0.1117, Train F1: 0.0155 Test Loss: 3.9218, Test Acc: 0.1786, Test F1: 0.1342
2024-12-17 18:34:37,272 - Epoch 2/30, Train Loss: 2.7988, Train Acc: 0.2961, Train F1: 0.2765 Test Loss: 3.3760, Test Acc: 0.3036, Test F1: 0.2856
2024-12-17 18:36:37,018 - Epoch 3/30, Train Loss: 2.3590, Train Acc: 0.3877, Train F1: 0.3784 Test Loss: 3.5844, Test Acc: 0.3333, Test F1: 0.3129
2024-12-17 18:38:36,134 - Epoch 4/30, Train Loss: 1.9983, Train Acc: 0.4738, Train F1: 0.4634 Test Loss: 2.9887, Test Acc: 0.3810, Test F1: 0.3748
2024-12-17 18:40:35,383 - Epoch 5/30, Train Loss: 1.7193, Train Acc: 0.5455, Train F1: 0.5402 Test Loss: 3.2167, Test Acc: 0.3810, Test F1: 0.3700
2024-12-17 18:42:34,054 - Epoch 6/30, Train Loss: 1.4982, Train Acc: 0.6048, Train F1: 0.5988 Test Loss: 2.8462, Test Acc: 0.3869, Test F1: 0.3879
2024-12-17 18:44:36,149 - Epoch 7/30, Train Loss: 1.3075, Train Acc: 0.6529, Train F1: 0.6498 Test Loss: 3.2415, Test Acc: 0.3869, Test F1: 0.3849
2024-12-17 18:46:29,035 - Epoch 8/30, Train Loss: 1.1609, Train Acc: 0.6923, Train F1: 0.6908 Test Loss: 3.3047, Test Acc: 0.3988, Test F1: 0.3982
2024-12-17 18:48:25,740 - Epoch 9/30, Train Loss: 1.0161, Train Acc: 0.7308, Train F1: 0.7300 Test Loss: 3.6825, Test Acc: 0.3571, Test F1: 0.3493
2024-12-17 18:50:25,989 - Epoch 10/30, Train Loss: 0.9001, Train Acc: 0.7550, Train F1: 0.7536 Test Loss: 3.1923, Test Acc: 0.4583, Test F1: 0.4515
2024-12-17 18:52:29,798 - Epoch 11/30, Train Loss: 0.7886, Train Acc: 0.7861, Train F1: 0.7867 Test Loss: 3.3532, Test Acc: 0.3988, Test F1: 0.3971
2024-12-17 18:54:24,258 - Epoch 12/30, Train Loss: 0.7050, Train Acc: 0.8103, Train F1: 0.8115 Test Loss: 3.1305, Test Acc: 0.4226, Test F1: 0.4211
2024-12-17 18:56:23,863 - Epoch 13/30, Train Loss: 0.6516, Train Acc: 0.8199, Train F1: 0.8207 Test Loss: 3.3240, Test Acc: 0.4643, Test F1: 0.4606
2024-12-17 18:58:24,794 - Epoch 14/30, Train Loss: 0.5849, Train Acc: 0.8415, Train F1: 0.8424 Test Loss: 3.2627, Test Acc: 0.3869, Test F1: 0.3906
2024-12-17 19:00:26,439 - Epoch 15/30, Train Loss: 0.5330, Train Acc: 0.8554, Train F1: 0.8564 Test Loss: 3.5668, Test Acc: 0.4286, Test F1: 0.4291
2024-12-17 19:02:24,192 - Epoch 16/30, Train Loss: 0.5033, Train Acc: 0.8611, Train F1: 0.8632 Test Loss: 3.4248, Test Acc: 0.3988, Test F1: 0.3713
2024-12-17 19:04:26,483 - Epoch 17/30, Train Loss: 0.4571, Train Acc: 0.8753, Train F1: 0.8767 Test Loss: 3.7847, Test Acc: 0.3869, Test F1: 0.3450
2024-12-17 19:06:24,907 - Epoch 18/30, Train Loss: 0.4355, Train Acc: 0.8839, Train F1: 0.8864 Test Loss: 3.6164, Test Acc: 0.4226, Test F1: 0.4201
2024-12-17 19:08:27,064 - Epoch 19/30, Train Loss: 0.4178, Train Acc: 0.8875, Train F1: 0.8891 Test Loss: 3.6471, Test Acc: 0.4345, Test F1: 0.4270
2024-12-17 19:10:26,212 - Epoch 20/30, Train Loss: 0.3720, Train Acc: 0.8978, Train F1: 0.8991 Test Loss: 3.5715, Test Acc: 0.4464, Test F1: 0.4377
2024-12-17 19:12:35,283 - Epoch 21/30, Train Loss: 0.3430, Train Acc: 0.9065, Train F1: 0.9084 Test Loss: 3.6057, Test Acc: 0.4286, Test F1: 0.4282
2024-12-17 19:14:32,880 - Epoch 22/30, Train Loss: 0.3305, Train Acc: 0.9095, Train F1: 0.9110 Test Loss: 3.5846, Test Acc: 0.4524, Test F1: 0.4515
2024-12-17 19:16:34,976 - Epoch 23/30, Train Loss: 0.3464, Train Acc: 0.9042, Train F1: 0.9051 Test Loss: 3.4813, Test Acc: 0.4167, Test F1: 0.4048
2024-12-17 19:18:34,638 - Epoch 24/30, Train Loss: 0.3119, Train Acc: 0.9171, Train F1: 0.9186 Test Loss: 3.7018, Test Acc: 0.4226, Test F1: 0.4458
2024-12-17 19:20:38,319 - Epoch 25/30, Train Loss: 0.2940, Train Acc: 0.9210, Train F1: 0.9233 Test Loss: 3.6180, Test Acc: 0.4762, Test F1: 0.4733
2024-12-17 19:22:39,468 - Epoch 26/30, Train Loss: 0.3099, Train Acc: 0.9173, Train F1: 0.9199 Test Loss: 3.5078, Test Acc: 0.4524, Test F1: 0.4423
2024-12-17 19:24:43,999 - Epoch 27/30, Train Loss: 0.2977, Train Acc: 0.9188, Train F1: 0.9209 Test Loss: 3.9547, Test Acc: 0.4167, Test F1: 0.4009
2024-12-17 19:26:44,673 - Epoch 28/30, Train Loss: 0.2798, Train Acc: 0.9206, Train F1: 0.9227 Test Loss: 3.9007, Test Acc: 0.4226, Test F1: 0.4077
2024-12-17 19:28:40,174 - Epoch 29/30, Train Loss: 0.2915, Train Acc: 0.9168, Train F1: 0.9181 Test Loss: 3.9678, Test Acc: 0.4345, Test F1: 0.4223
2024-12-17 19:30:37,568 - Epoch 30/30, Train Loss: 0.2659, Train Acc: 0.9255, Train F1: 0.9264 Test Loss: 4.2349, Test Acc: 0.3929, Test F1: 0.3657
2024-12-17 19:30:37,631 - Training ended.
Total time: 1:00:00.023914
2024-12-17 19:30:37,632 - 最好的一次：Epoch 25/30, Train Loss: 0.2940, Train Acc: 0.9210, Train F1: 0.9233 Test Loss: 3.6180, Test Acc: 0.4762, Test F1: 0.4733
