2024-12-16 13:08:42,812 - Training started for model: eff_b1
2024-12-16 13:08:53,343 - Epoch 1/100, Train Loss: 4.0046, Train Acc: 0.0264, Train F1: 0.0211 Test Loss: 3.9643, Test Acc: 0.0417, Test F1: 0.0303
2024-12-16 13:09:03,936 - Epoch 2/100, Train Loss: 3.6702, Train Acc: 0.2731, Train F1: 0.2631 Test Loss: 3.8017, Test Acc: 0.1369, Test F1: 0.1098
2024-12-16 13:09:15,391 - Epoch 3/100, Train Loss: 3.3442, Train Acc: 0.4846, Train F1: 0.4791 Test Loss: 3.6062, Test Acc: 0.1964, Test F1: 0.1772
2024-12-16 13:09:25,943 - Epoch 4/100, Train Loss: 2.9098, Train Acc: 0.6229, Train F1: 0.6208 Test Loss: 3.3449, Test Acc: 0.2679, Test F1: 0.2255
2024-12-16 13:09:37,743 - Epoch 5/100, Train Loss: 2.4660, Train Acc: 0.6978, Train F1: 0.6954 Test Loss: 3.0885, Test Acc: 0.3155, Test F1: 0.2867
2024-12-16 13:09:49,157 - Epoch 6/100, Train Loss: 2.0488, Train Acc: 0.7374, Train F1: 0.7392 Test Loss: 2.9146, Test Acc: 0.3333, Test F1: 0.3127
2024-12-16 13:10:01,491 - Epoch 7/100, Train Loss: 1.6492, Train Acc: 0.8159, Train F1: 0.8220 Test Loss: 2.7449, Test Acc: 0.3512, Test F1: 0.3357
2024-12-16 13:10:14,216 - Epoch 8/100, Train Loss: 1.3018, Train Acc: 0.8661, Train F1: 0.8756 Test Loss: 2.5816, Test Acc: 0.3810, Test F1: 0.3639
2024-12-16 13:10:26,786 - Epoch 9/100, Train Loss: 0.9727, Train Acc: 0.9128, Train F1: 0.9243 Test Loss: 2.5579, Test Acc: 0.3750, Test F1: 0.3734
2024-12-16 13:10:37,831 - Epoch 10/100, Train Loss: 0.7286, Train Acc: 0.9410, Train F1: 0.9529 Test Loss: 2.4780, Test Acc: 0.3750, Test F1: 0.3555
2024-12-16 13:10:50,425 - Epoch 11/100, Train Loss: 0.5531, Train Acc: 0.9551, Train F1: 0.9677 Test Loss: 2.4196, Test Acc: 0.3750, Test F1: 0.3865
2024-12-16 13:11:03,100 - Epoch 12/100, Train Loss: 0.4307, Train Acc: 0.9604, Train F1: 0.9731 Test Loss: 2.5038, Test Acc: 0.3810, Test F1: 0.3791
2024-12-16 13:11:16,093 - Epoch 13/100, Train Loss: 0.3185, Train Acc: 0.9674, Train F1: 0.9805 Test Loss: 2.4868, Test Acc: 0.3750, Test F1: 0.3686
2024-12-16 13:11:28,722 - Epoch 14/100, Train Loss: 0.2605, Train Acc: 0.9718, Train F1: 0.9848 Test Loss: 2.4077, Test Acc: 0.3869, Test F1: 0.3700
2024-12-16 13:11:41,496 - Epoch 15/100, Train Loss: 0.2002, Train Acc: 0.9718, Train F1: 0.9848 Test Loss: 2.4486, Test Acc: 0.3869, Test F1: 0.3891
2024-12-16 13:11:54,156 - Epoch 16/100, Train Loss: 0.1807, Train Acc: 0.9780, Train F1: 0.9910 Test Loss: 2.5277, Test Acc: 0.3631, Test F1: 0.3584
2024-12-16 13:12:06,864 - Epoch 17/100, Train Loss: 0.1543, Train Acc: 0.9744, Train F1: 0.9876 Test Loss: 2.5019, Test Acc: 0.4048, Test F1: 0.4046
2024-12-16 13:12:20,381 - Epoch 18/100, Train Loss: 0.1252, Train Acc: 0.9762, Train F1: 0.9892 Test Loss: 2.4921, Test Acc: 0.3929, Test F1: 0.3900
2024-12-16 13:12:34,199 - Epoch 19/100, Train Loss: 0.1002, Train Acc: 0.9780, Train F1: 0.9910 Test Loss: 2.5618, Test Acc: 0.3750, Test F1: 0.3829
2024-12-16 13:12:48,067 - Epoch 20/100, Train Loss: 0.1011, Train Acc: 0.9762, Train F1: 0.9893 Test Loss: 2.5369, Test Acc: 0.4048, Test F1: 0.4087
2024-12-16 13:13:01,809 - Epoch 21/100, Train Loss: 0.0933, Train Acc: 0.9744, Train F1: 0.9875 Test Loss: 2.5470, Test Acc: 0.3631, Test F1: 0.3578
2024-12-16 13:13:14,619 - Epoch 22/100, Train Loss: 0.0797, Train Acc: 0.9780, Train F1: 0.9910 Test Loss: 2.5978, Test Acc: 0.3631, Test F1: 0.3493
2024-12-16 13:13:27,945 - Epoch 23/100, Train Loss: 0.0809, Train Acc: 0.9744, Train F1: 0.9874 Test Loss: 2.6003, Test Acc: 0.3750, Test F1: 0.3845
2024-12-16 13:13:41,649 - Epoch 24/100, Train Loss: 0.0652, Train Acc: 0.9780, Train F1: 0.9911 Test Loss: 2.5690, Test Acc: 0.3750, Test F1: 0.3759
2024-12-16 13:13:51,774 - Epoch 25/100, Train Loss: 0.0628, Train Acc: 0.9780, Train F1: 0.9911 Test Loss: 2.6836, Test Acc: 0.3690, Test F1: 0.3691
2024-12-16 13:14:02,409 - Epoch 26/100, Train Loss: 0.0583, Train Acc: 0.9789, Train F1: 0.9920 Test Loss: 2.6496, Test Acc: 0.3690, Test F1: 0.3680
2024-12-16 13:14:15,606 - Epoch 27/100, Train Loss: 0.0519, Train Acc: 0.9771, Train F1: 0.9900 Test Loss: 2.6183, Test Acc: 0.3988, Test F1: 0.4022
2024-12-16 13:14:29,329 - Epoch 28/100, Train Loss: 0.0486, Train Acc: 0.9780, Train F1: 0.9909 Test Loss: 2.5572, Test Acc: 0.3988, Test F1: 0.3861
2024-12-16 13:14:42,051 - Epoch 29/100, Train Loss: 0.0457, Train Acc: 0.9780, Train F1: 0.9912 Test Loss: 2.5431, Test Acc: 0.4107, Test F1: 0.4080
2024-12-16 13:14:54,763 - Epoch 30/100, Train Loss: 0.0409, Train Acc: 0.9771, Train F1: 0.9902 Test Loss: 2.5357, Test Acc: 0.3869, Test F1: 0.3791
2024-12-16 13:15:07,480 - Epoch 31/100, Train Loss: 0.0425, Train Acc: 0.9753, Train F1: 0.9885 Test Loss: 2.6934, Test Acc: 0.3750, Test F1: 0.3801
2024-12-16 13:15:20,177 - Epoch 32/100, Train Loss: 0.0525, Train Acc: 0.9762, Train F1: 0.9893 Test Loss: 2.7381, Test Acc: 0.3690, Test F1: 0.3732
2024-12-16 13:15:31,565 - Epoch 33/100, Train Loss: 0.0380, Train Acc: 0.9780, Train F1: 0.9912 Test Loss: 2.7067, Test Acc: 0.3571, Test F1: 0.3473
2024-12-16 13:15:41,735 - Epoch 34/100, Train Loss: 0.0453, Train Acc: 0.9797, Train F1: 0.9929 Test Loss: 2.7232, Test Acc: 0.3869, Test F1: 0.3957
2024-12-16 13:15:54,385 - Epoch 35/100, Train Loss: 0.0367, Train Acc: 0.9762, Train F1: 0.9894 Test Loss: 2.7061, Test Acc: 0.3750, Test F1: 0.3652
2024-12-16 13:16:07,292 - Epoch 36/100, Train Loss: 0.0346, Train Acc: 0.9789, Train F1: 0.9919 Test Loss: 2.6882, Test Acc: 0.4107, Test F1: 0.4065
2024-12-16 13:16:20,067 - Epoch 37/100, Train Loss: 0.0356, Train Acc: 0.9762, Train F1: 0.9893 Test Loss: 2.7470, Test Acc: 0.3750, Test F1: 0.3700
2024-12-16 13:16:33,569 - Epoch 38/100, Train Loss: 0.0349, Train Acc: 0.9789, Train F1: 0.9920 Test Loss: 2.8036, Test Acc: 0.3988, Test F1: 0.3812
2024-12-16 13:16:43,803 - Epoch 39/100, Train Loss: 0.0330, Train Acc: 0.9780, Train F1: 0.9911 Test Loss: 2.7937, Test Acc: 0.3750, Test F1: 0.3776
2024-12-16 13:16:56,492 - Epoch 40/100, Train Loss: 0.0283, Train Acc: 0.9789, Train F1: 0.9918 Test Loss: 2.8325, Test Acc: 0.3810, Test F1: 0.3639
2024-12-16 13:17:09,151 - Epoch 41/100, Train Loss: 0.0286, Train Acc: 0.9797, Train F1: 0.9927 Test Loss: 2.8424, Test Acc: 0.3810, Test F1: 0.3634
2024-12-16 13:17:22,080 - Epoch 42/100, Train Loss: 0.0265, Train Acc: 0.9797, Train F1: 0.9928 Test Loss: 2.8695, Test Acc: 0.3750, Test F1: 0.3526
2024-12-16 13:17:34,208 - Epoch 43/100, Train Loss: 0.0356, Train Acc: 0.9744, Train F1: 0.9874 Test Loss: 2.8248, Test Acc: 0.3929, Test F1: 0.3872
2024-12-16 13:17:46,985 - Epoch 44/100, Train Loss: 0.0401, Train Acc: 0.9771, Train F1: 0.9901 Test Loss: 2.8337, Test Acc: 0.3869, Test F1: 0.3697
2024-12-16 13:18:00,714 - Epoch 45/100, Train Loss: 0.0261, Train Acc: 0.9780, Train F1: 0.9911 Test Loss: 2.9029, Test Acc: 0.3690, Test F1: 0.3796
2024-12-16 13:18:14,578 - Epoch 46/100, Train Loss: 0.0253, Train Acc: 0.9771, Train F1: 0.9902 Test Loss: 2.8942, Test Acc: 0.3869, Test F1: 0.3765
2024-12-16 13:18:28,416 - Epoch 47/100, Train Loss: 0.0270, Train Acc: 0.9780, Train F1: 0.9911 Test Loss: 2.9067, Test Acc: 0.3750, Test F1: 0.3731
2024-12-16 13:18:42,264 - Epoch 48/100, Train Loss: 0.0252, Train Acc: 0.9771, Train F1: 0.9900 Test Loss: 2.9803, Test Acc: 0.3631, Test F1: 0.3590
2024-12-16 13:18:55,865 - Epoch 49/100, Train Loss: 0.0268, Train Acc: 0.9771, Train F1: 0.9901 Test Loss: 2.9227, Test Acc: 0.4048, Test F1: 0.3894
2024-12-16 13:19:07,046 - Epoch 50/100, Train Loss: 0.0233, Train Acc: 0.9780, Train F1: 0.9910 Test Loss: 2.9154, Test Acc: 0.3988, Test F1: 0.3819
2024-12-16 13:19:19,758 - Epoch 51/100, Train Loss: 0.0287, Train Acc: 0.9780, Train F1: 0.9910 Test Loss: 2.9890, Test Acc: 0.3571, Test F1: 0.3476
2024-12-16 13:19:32,584 - Epoch 52/100, Train Loss: 0.0273, Train Acc: 0.9771, Train F1: 0.9901 Test Loss: 2.9764, Test Acc: 0.3690, Test F1: 0.3679
2024-12-16 13:19:45,422 - Epoch 53/100, Train Loss: 0.0205, Train Acc: 0.9797, Train F1: 0.9929 Test Loss: 2.8934, Test Acc: 0.3869, Test F1: 0.3747
2024-12-16 13:19:58,626 - Epoch 54/100, Train Loss: 0.0213, Train Acc: 0.9797, Train F1: 0.9927 Test Loss: 2.8663, Test Acc: 0.3929, Test F1: 0.3760
2024-12-16 13:20:12,223 - Epoch 55/100, Train Loss: 0.0237, Train Acc: 0.9797, Train F1: 0.9927 Test Loss: 2.9611, Test Acc: 0.3571, Test F1: 0.3427
2024-12-16 13:20:24,871 - Epoch 56/100, Train Loss: 0.0224, Train Acc: 0.9797, Train F1: 0.9928 Test Loss: 2.9653, Test Acc: 0.3869, Test F1: 0.3789
2024-12-16 13:20:35,827 - Epoch 57/100, Train Loss: 0.0197, Train Acc: 0.9780, Train F1: 0.9910 Test Loss: 3.0105, Test Acc: 0.3810, Test F1: 0.3769
2024-12-16 13:20:46,507 - Epoch 58/100, Train Loss: 0.0202, Train Acc: 0.9789, Train F1: 0.9920 Test Loss: 3.0164, Test Acc: 0.3988, Test F1: 0.4071
2024-12-16 13:20:59,173 - Epoch 59/100, Train Loss: 0.0231, Train Acc: 0.9797, Train F1: 0.9928 Test Loss: 2.8888, Test Acc: 0.3988, Test F1: 0.3823
2024-12-16 13:21:12,255 - Epoch 60/100, Train Loss: 0.0221, Train Acc: 0.9797, Train F1: 0.9928 Test Loss: 3.0017, Test Acc: 0.3869, Test F1: 0.3912
2024-12-16 13:21:25,037 - Epoch 61/100, Train Loss: 0.0279, Train Acc: 0.9762, Train F1: 0.9892 Test Loss: 2.8562, Test Acc: 0.3631, Test F1: 0.3557
2024-12-16 13:21:38,509 - Epoch 62/100, Train Loss: 0.0301, Train Acc: 0.9762, Train F1: 0.9892 Test Loss: 2.9736, Test Acc: 0.3750, Test F1: 0.3711
2024-12-16 13:21:48,680 - Epoch 63/100, Train Loss: 0.0203, Train Acc: 0.9797, Train F1: 0.9927 Test Loss: 3.0823, Test Acc: 0.3631, Test F1: 0.3614
2024-12-16 13:21:59,550 - Epoch 64/100, Train Loss: 0.0195, Train Acc: 0.9780, Train F1: 0.9910 Test Loss: 3.1708, Test Acc: 0.3452, Test F1: 0.3551
2024-12-16 13:22:11,030 - Epoch 65/100, Train Loss: 0.0147, Train Acc: 0.9815, Train F1: 0.9947 Test Loss: 3.1977, Test Acc: 0.3750, Test F1: 0.3834
2024-12-16 13:22:23,811 - Epoch 66/100, Train Loss: 0.0217, Train Acc: 0.9771, Train F1: 0.9901 Test Loss: 3.1171, Test Acc: 0.3690, Test F1: 0.3640
2024-12-16 13:22:33,954 - Epoch 67/100, Train Loss: 0.0196, Train Acc: 0.9789, Train F1: 0.9919 Test Loss: 3.0141, Test Acc: 0.4048, Test F1: 0.3880
2024-12-16 13:22:44,046 - Epoch 68/100, Train Loss: 0.0244, Train Acc: 0.9780, Train F1: 0.9909 Test Loss: 2.9811, Test Acc: 0.3929, Test F1: 0.3803
2024-12-16 13:22:55,623 - Epoch 69/100, Train Loss: 0.0197, Train Acc: 0.9780, Train F1: 0.9910 Test Loss: 3.1169, Test Acc: 0.4048, Test F1: 0.3973
2024-12-16 13:23:08,501 - Epoch 70/100, Train Loss: 0.0186, Train Acc: 0.9771, Train F1: 0.9901 Test Loss: 3.0748, Test Acc: 0.4167, Test F1: 0.4085
2024-12-16 13:23:22,459 - Epoch 71/100, Train Loss: 0.0196, Train Acc: 0.9771, Train F1: 0.9902 Test Loss: 3.1142, Test Acc: 0.4286, Test F1: 0.4216
2024-12-16 13:23:36,225 - Epoch 72/100, Train Loss: 0.0191, Train Acc: 0.9789, Train F1: 0.9920 Test Loss: 3.1395, Test Acc: 0.3810, Test F1: 0.3818
2024-12-16 13:23:48,906 - Epoch 73/100, Train Loss: 0.0217, Train Acc: 0.9762, Train F1: 0.9892 Test Loss: 3.1850, Test Acc: 0.3988, Test F1: 0.3922
2024-12-16 13:24:01,730 - Epoch 74/100, Train Loss: 0.0171, Train Acc: 0.9789, Train F1: 0.9920 Test Loss: 3.2907, Test Acc: 0.3929, Test F1: 0.3966
2024-12-16 13:24:14,422 - Epoch 75/100, Train Loss: 0.0179, Train Acc: 0.9806, Train F1: 0.9938 Test Loss: 3.2378, Test Acc: 0.3869, Test F1: 0.3789
2024-12-16 13:24:27,356 - Epoch 76/100, Train Loss: 0.0144, Train Acc: 0.9806, Train F1: 0.9939 Test Loss: 3.1176, Test Acc: 0.4048, Test F1: 0.4062
2024-12-16 13:24:41,151 - Epoch 77/100, Train Loss: 0.0152, Train Acc: 0.9789, Train F1: 0.9920 Test Loss: 3.1992, Test Acc: 0.3631, Test F1: 0.3503
2024-12-16 13:24:53,911 - Epoch 78/100, Train Loss: 0.0162, Train Acc: 0.9780, Train F1: 0.9910 Test Loss: 3.2659, Test Acc: 0.4048, Test F1: 0.4007
2024-12-16 13:25:06,722 - Epoch 79/100, Train Loss: 0.0156, Train Acc: 0.9789, Train F1: 0.9919 Test Loss: 3.2578, Test Acc: 0.4107, Test F1: 0.3995
2024-12-16 13:25:19,894 - Epoch 80/100, Train Loss: 0.0184, Train Acc: 0.9797, Train F1: 0.9929 Test Loss: 3.2266, Test Acc: 0.4048, Test F1: 0.4040
2024-12-16 13:25:32,801 - Epoch 81/100, Train Loss: 0.0158, Train Acc: 0.9806, Train F1: 0.9938 Test Loss: 3.0949, Test Acc: 0.4048, Test F1: 0.3856
2024-12-16 13:25:45,612 - Epoch 82/100, Train Loss: 0.0155, Train Acc: 0.9797, Train F1: 0.9928 Test Loss: 3.2176, Test Acc: 0.3929, Test F1: 0.3798
2024-12-16 13:25:59,269 - Epoch 83/100, Train Loss: 0.0157, Train Acc: 0.9797, Train F1: 0.9929 Test Loss: 3.2744, Test Acc: 0.4107, Test F1: 0.4065
2024-12-16 13:26:13,285 - Epoch 84/100, Train Loss: 0.0130, Train Acc: 0.9789, Train F1: 0.9920 Test Loss: 3.2805, Test Acc: 0.4048, Test F1: 0.4091
2024-12-16 13:26:27,370 - Epoch 85/100, Train Loss: 0.0164, Train Acc: 0.9789, Train F1: 0.9920 Test Loss: 3.4036, Test Acc: 0.3810, Test F1: 0.3781
2024-12-16 13:26:37,605 - Epoch 86/100, Train Loss: 0.0149, Train Acc: 0.9797, Train F1: 0.9929 Test Loss: 3.4103, Test Acc: 0.3690, Test F1: 0.3661
2024-12-16 13:26:49,984 - Epoch 87/100, Train Loss: 0.0168, Train Acc: 0.9771, Train F1: 0.9903 Test Loss: 3.2914, Test Acc: 0.3988, Test F1: 0.3854
2024-12-16 13:27:02,817 - Epoch 88/100, Train Loss: 0.0199, Train Acc: 0.9762, Train F1: 0.9895 Test Loss: 3.3366, Test Acc: 0.3869, Test F1: 0.3875
2024-12-16 13:27:15,516 - Epoch 89/100, Train Loss: 0.0205, Train Acc: 0.9789, Train F1: 0.9920 Test Loss: 3.4765, Test Acc: 0.3810, Test F1: 0.3787
2024-12-16 13:27:28,618 - Epoch 90/100, Train Loss: 0.0153, Train Acc: 0.9797, Train F1: 0.9928 Test Loss: 3.3002, Test Acc: 0.3929, Test F1: 0.3769
2024-12-16 13:27:41,359 - Epoch 91/100, Train Loss: 0.0144, Train Acc: 0.9789, Train F1: 0.9919 Test Loss: 3.3520, Test Acc: 0.3929, Test F1: 0.3877
2024-12-16 13:27:54,111 - Epoch 92/100, Train Loss: 0.0175, Train Acc: 0.9762, Train F1: 0.9894 Test Loss: 3.2698, Test Acc: 0.3988, Test F1: 0.3867
2024-12-16 13:28:06,925 - Epoch 93/100, Train Loss: 0.0148, Train Acc: 0.9797, Train F1: 0.9926 Test Loss: 3.4251, Test Acc: 0.3690, Test F1: 0.3769
2024-12-16 13:28:19,560 - Epoch 94/100, Train Loss: 0.0185, Train Acc: 0.9771, Train F1: 0.9901 Test Loss: 3.2944, Test Acc: 0.4048, Test F1: 0.3934
2024-12-16 13:28:30,902 - Epoch 95/100, Train Loss: 0.0156, Train Acc: 0.9789, Train F1: 0.9920 Test Loss: 3.4543, Test Acc: 0.3750, Test F1: 0.3729
2024-12-16 13:28:41,381 - Epoch 96/100, Train Loss: 0.0159, Train Acc: 0.9789, Train F1: 0.9920 Test Loss: 3.4022, Test Acc: 0.4107, Test F1: 0.4191
2024-12-16 13:28:54,164 - Epoch 97/100, Train Loss: 0.0132, Train Acc: 0.9789, Train F1: 0.9918 Test Loss: 3.3802, Test Acc: 0.3929, Test F1: 0.3915
2024-12-16 13:29:05,377 - Epoch 98/100, Train Loss: 0.0156, Train Acc: 0.9797, Train F1: 0.9929 Test Loss: 3.4525, Test Acc: 0.4286, Test F1: 0.4377
2024-12-16 13:29:18,238 - Epoch 99/100, Train Loss: 0.0165, Train Acc: 0.9789, Train F1: 0.9919 Test Loss: 3.3504, Test Acc: 0.3690, Test F1: 0.3804
2024-12-16 13:29:28,573 - Epoch 100/100, Train Loss: 0.0239, Train Acc: 0.9797, Train F1: 0.9928 Test Loss: 3.3621, Test Acc: 0.3988, Test F1: 0.3953
2024-12-16 13:29:28,624 - Training ended.
Total time: 0:20:45.815006
2024-12-16 13:29:28,625 - 最好的一次：Epoch 71/100, Train Loss: 0.0196, Train Acc: 0.9771, Train F1: 0.9902 Test Loss: 3.1142, Test Acc: 0.4286, Test F1: 0.4216
