2024-12-17 06:12:15,408 - Training started for model: convnext_small
2024-12-17 06:14:51,573 - Epoch 1/30, Train Loss: 2.9771, Train Acc: 0.2776, Train F1: 0.2635 Test Loss: 1.9903, Test Acc: 0.5000, Test F1: 0.4875
2024-12-17 06:17:32,778 - Epoch 2/30, Train Loss: 1.2961, Train Acc: 0.6975, Train F1: 0.6897 Test Loss: 1.5993, Test Acc: 0.5893, Test F1: 0.6123
2024-12-17 06:20:09,857 - Epoch 3/30, Train Loss: 0.5289, Train Acc: 0.8924, Train F1: 0.8923 Test Loss: 1.6403, Test Acc: 0.5417, Test F1: 0.5363
2024-12-17 06:22:47,352 - Epoch 4/30, Train Loss: 0.2090, Train Acc: 0.9608, Train F1: 0.9622 Test Loss: 1.6451, Test Acc: 0.5536, Test F1: 0.5523
2024-12-17 06:25:27,602 - Epoch 5/30, Train Loss: 0.1161, Train Acc: 0.9786, Train F1: 0.9807 Test Loss: 1.7083, Test Acc: 0.5952, Test F1: 0.5989
2024-12-17 06:28:07,358 - Epoch 6/30, Train Loss: 0.0836, Train Acc: 0.9818, Train F1: 0.9836 Test Loss: 1.8953, Test Acc: 0.5833, Test F1: 0.5918
2024-12-17 06:30:48,543 - Epoch 7/30, Train Loss: 0.0645, Train Acc: 0.9837, Train F1: 0.9858 Test Loss: 1.9083, Test Acc: 0.5893, Test F1: 0.5780
2024-12-17 06:33:25,722 - Epoch 8/30, Train Loss: 0.0661, Train Acc: 0.9843, Train F1: 0.9864 Test Loss: 1.8824, Test Acc: 0.5833, Test F1: 0.5915
2024-12-17 06:36:04,127 - Epoch 9/30, Train Loss: 0.0820, Train Acc: 0.9780, Train F1: 0.9797 Test Loss: 2.1301, Test Acc: 0.5714, Test F1: 0.5878
2024-12-17 06:38:43,810 - Epoch 10/30, Train Loss: 0.0676, Train Acc: 0.9815, Train F1: 0.9833 Test Loss: 2.0421, Test Acc: 0.5536, Test F1: 0.5641
2024-12-17 06:41:23,343 - Epoch 11/30, Train Loss: 0.0867, Train Acc: 0.9761, Train F1: 0.9778 Test Loss: 2.1499, Test Acc: 0.5536, Test F1: 0.5559
2024-12-17 06:44:03,953 - Epoch 12/30, Train Loss: 0.0852, Train Acc: 0.9736, Train F1: 0.9758 Test Loss: 2.1376, Test Acc: 0.5595, Test F1: 0.5692
2024-12-17 06:46:43,939 - Epoch 13/30, Train Loss: 0.0669, Train Acc: 0.9793, Train F1: 0.9814 Test Loss: 2.2202, Test Acc: 0.5714, Test F1: 0.5874
2024-12-17 06:49:24,758 - Epoch 14/30, Train Loss: 0.0613, Train Acc: 0.9805, Train F1: 0.9826 Test Loss: 2.2992, Test Acc: 0.5357, Test F1: 0.5412
2024-12-17 06:52:02,722 - Epoch 15/30, Train Loss: 0.0575, Train Acc: 0.9814, Train F1: 0.9833 Test Loss: 2.3523, Test Acc: 0.5714, Test F1: 0.5876
2024-12-17 06:54:42,413 - Epoch 16/30, Train Loss: 0.0428, Train Acc: 0.9835, Train F1: 0.9854 Test Loss: 2.4114, Test Acc: 0.5179, Test F1: 0.5389
2024-12-17 06:57:23,222 - Epoch 17/30, Train Loss: 0.0612, Train Acc: 0.9791, Train F1: 0.9812 Test Loss: 2.3530, Test Acc: 0.5655, Test F1: 0.5702
2024-12-17 07:00:03,721 - Epoch 18/30, Train Loss: 0.0596, Train Acc: 0.9800, Train F1: 0.9820 Test Loss: 2.5938, Test Acc: 0.5238, Test F1: 0.5204
2024-12-17 07:02:44,435 - Epoch 19/30, Train Loss: 0.0636, Train Acc: 0.9782, Train F1: 0.9802 Test Loss: 2.5697, Test Acc: 0.5357, Test F1: 0.5400
2024-12-17 07:05:23,018 - Epoch 20/30, Train Loss: 0.0548, Train Acc: 0.9807, Train F1: 0.9827 Test Loss: 2.2866, Test Acc: 0.6012, Test F1: 0.6192
2024-12-17 07:08:02,480 - Epoch 21/30, Train Loss: 0.0559, Train Acc: 0.9801, Train F1: 0.9822 Test Loss: 2.4680, Test Acc: 0.5893, Test F1: 0.5985
2024-12-17 07:10:41,919 - Epoch 22/30, Train Loss: 0.0449, Train Acc: 0.9816, Train F1: 0.9838 Test Loss: 2.3234, Test Acc: 0.5655, Test F1: 0.5679
2024-12-17 07:13:19,416 - Epoch 23/30, Train Loss: 0.0423, Train Acc: 0.9833, Train F1: 0.9857 Test Loss: 2.4220, Test Acc: 0.5833, Test F1: 0.5834
2024-12-17 07:15:58,958 - Epoch 24/30, Train Loss: 0.0502, Train Acc: 0.9814, Train F1: 0.9834 Test Loss: 2.4108, Test Acc: 0.5714, Test F1: 0.5815
2024-12-17 07:18:39,998 - Epoch 25/30, Train Loss: 0.0400, Train Acc: 0.9823, Train F1: 0.9847 Test Loss: 2.4971, Test Acc: 0.5655, Test F1: 0.5606
2024-12-17 07:21:18,711 - Epoch 26/30, Train Loss: 0.0620, Train Acc: 0.9777, Train F1: 0.9797 Test Loss: 2.4724, Test Acc: 0.5774, Test F1: 0.5862
2024-12-17 07:23:56,285 - Epoch 27/30, Train Loss: 0.0515, Train Acc: 0.9789, Train F1: 0.9813 Test Loss: 2.5749, Test Acc: 0.5298, Test F1: 0.5451
2024-12-17 07:26:37,219 - Epoch 28/30, Train Loss: 0.0519, Train Acc: 0.9772, Train F1: 0.9790 Test Loss: 2.5414, Test Acc: 0.5298, Test F1: 0.5457
2024-12-17 07:29:17,717 - Epoch 29/30, Train Loss: 0.0468, Train Acc: 0.9816, Train F1: 0.9835 Test Loss: 2.9192, Test Acc: 0.5476, Test F1: 0.5577
2024-12-17 07:31:57,855 - Epoch 30/30, Train Loss: 0.0411, Train Acc: 0.9829, Train F1: 0.9850 Test Loss: 2.7022, Test Acc: 0.5536, Test F1: 0.5729
2024-12-17 07:31:58,122 - Training ended.
Total time: 1:19:42.716440
2024-12-17 07:31:58,122 - 最好的一次：Epoch 20/30, Train Loss: 0.0548, Train Acc: 0.9807, Train F1: 0.9827 Test Loss: 2.2866, Test Acc: 0.6012, Test F1: 0.6192
