2024-12-17 13:47:20,092 - Training started for model: resnet18
2024-12-17 13:49:32,488 - Epoch 1/30, Train Loss: 4.3939, Train Acc: 0.0990, Train F1: 0.0121 Test Loss: 3.3343, Test Acc: 0.1786, Test F1: 0.1634
2024-12-17 13:51:51,420 - Epoch 2/30, Train Loss: 2.9831, Train Acc: 0.2503, Train F1: 0.2316 Test Loss: 2.7896, Test Acc: 0.3155, Test F1: 0.2919
2024-12-17 13:54:15,685 - Epoch 3/30, Train Loss: 2.5062, Train Acc: 0.3492, Train F1: 0.3356 Test Loss: 2.6151, Test Acc: 0.3155, Test F1: 0.2931
2024-12-17 13:56:39,768 - Epoch 4/30, Train Loss: 2.1453, Train Acc: 0.4382, Train F1: 0.4289 Test Loss: 2.6222, Test Acc: 0.3810, Test F1: 0.3701
2024-12-17 13:59:01,261 - Epoch 5/30, Train Loss: 1.8653, Train Acc: 0.5012, Train F1: 0.4968 Test Loss: 2.3996, Test Acc: 0.4048, Test F1: 0.3976
2024-12-17 14:01:22,979 - Epoch 6/30, Train Loss: 1.6166, Train Acc: 0.5664, Train F1: 0.5615 Test Loss: 2.7586, Test Acc: 0.3810, Test F1: 0.3468
2024-12-17 14:03:40,673 - Epoch 7/30, Train Loss: 1.4243, Train Acc: 0.6142, Train F1: 0.6111 Test Loss: 2.5715, Test Acc: 0.4345, Test F1: 0.4173
2024-12-17 14:06:04,745 - Epoch 8/30, Train Loss: 1.2574, Train Acc: 0.6642, Train F1: 0.6623 Test Loss: 2.6361, Test Acc: 0.4286, Test F1: 0.4245
2024-12-17 14:08:27,586 - Epoch 9/30, Train Loss: 1.1041, Train Acc: 0.7020, Train F1: 0.6992 Test Loss: 2.8960, Test Acc: 0.4167, Test F1: 0.4092
2024-12-17 14:10:50,132 - Epoch 10/30, Train Loss: 0.9711, Train Acc: 0.7279, Train F1: 0.7272 Test Loss: 2.5794, Test Acc: 0.4524, Test F1: 0.4449
2024-12-17 14:13:09,326 - Epoch 11/30, Train Loss: 0.8822, Train Acc: 0.7521, Train F1: 0.7526 Test Loss: 2.6433, Test Acc: 0.4762, Test F1: 0.4610
2024-12-17 14:15:28,894 - Epoch 12/30, Train Loss: 0.7898, Train Acc: 0.7783, Train F1: 0.7782 Test Loss: 2.6603, Test Acc: 0.4464, Test F1: 0.4369
2024-12-17 14:17:53,386 - Epoch 13/30, Train Loss: 0.6952, Train Acc: 0.8102, Train F1: 0.8121 Test Loss: 2.6791, Test Acc: 0.4702, Test F1: 0.4617
2024-12-17 14:20:16,711 - Epoch 14/30, Train Loss: 0.6070, Train Acc: 0.8319, Train F1: 0.8336 Test Loss: 2.9015, Test Acc: 0.4583, Test F1: 0.4492
2024-12-17 14:22:39,452 - Epoch 15/30, Train Loss: 0.5418, Train Acc: 0.8472, Train F1: 0.8483 Test Loss: 2.9539, Test Acc: 0.4345, Test F1: 0.4267
2024-12-17 14:24:54,922 - Epoch 16/30, Train Loss: 0.5036, Train Acc: 0.8590, Train F1: 0.8604 Test Loss: 2.8427, Test Acc: 0.4583, Test F1: 0.4422
2024-12-17 14:27:23,189 - Epoch 17/30, Train Loss: 0.4549, Train Acc: 0.8722, Train F1: 0.8732 Test Loss: 2.9758, Test Acc: 0.4524, Test F1: 0.4256
2024-12-17 14:29:39,648 - Epoch 18/30, Train Loss: 0.4425, Train Acc: 0.8748, Train F1: 0.8761 Test Loss: 2.7687, Test Acc: 0.4821, Test F1: 0.4607
2024-12-17 14:31:57,194 - Epoch 19/30, Train Loss: 0.3958, Train Acc: 0.8876, Train F1: 0.8891 Test Loss: 2.9336, Test Acc: 0.4286, Test F1: 0.4022
2024-12-17 14:34:23,167 - Epoch 20/30, Train Loss: 0.3689, Train Acc: 0.8940, Train F1: 0.8955 Test Loss: 3.0085, Test Acc: 0.4583, Test F1: 0.4492
2024-12-17 14:36:44,377 - Epoch 21/30, Train Loss: 0.3641, Train Acc: 0.8954, Train F1: 0.8973 Test Loss: 3.1046, Test Acc: 0.4345, Test F1: 0.4053
2024-12-17 14:39:05,813 - Epoch 22/30, Train Loss: 0.3361, Train Acc: 0.9078, Train F1: 0.9094 Test Loss: 3.0057, Test Acc: 0.4583, Test F1: 0.4454
2024-12-17 14:41:31,797 - Epoch 23/30, Train Loss: 0.3127, Train Acc: 0.9131, Train F1: 0.9153 Test Loss: 3.3939, Test Acc: 0.4524, Test F1: 0.4293
2024-12-17 14:43:53,986 - Epoch 24/30, Train Loss: 0.3079, Train Acc: 0.9135, Train F1: 0.9151 Test Loss: 3.1594, Test Acc: 0.4226, Test F1: 0.4211
2024-12-17 14:46:11,958 - Epoch 25/30, Train Loss: 0.2916, Train Acc: 0.9196, Train F1: 0.9214 Test Loss: 3.3629, Test Acc: 0.4226, Test F1: 0.4096
2024-12-17 14:48:35,978 - Epoch 26/30, Train Loss: 0.2745, Train Acc: 0.9212, Train F1: 0.9225 Test Loss: 3.2833, Test Acc: 0.4226, Test F1: 0.4143
2024-12-17 14:50:53,061 - Epoch 27/30, Train Loss: 0.2583, Train Acc: 0.9250, Train F1: 0.9273 Test Loss: 3.1538, Test Acc: 0.4226, Test F1: 0.4034
2024-12-17 14:53:15,165 - Epoch 28/30, Train Loss: 0.2707, Train Acc: 0.9214, Train F1: 0.9232 Test Loss: 3.5152, Test Acc: 0.3869, Test F1: 0.3624
2024-12-17 14:55:31,273 - Epoch 29/30, Train Loss: 0.2523, Train Acc: 0.9277, Train F1: 0.9291 Test Loss: 3.3061, Test Acc: 0.4286, Test F1: 0.3942
2024-12-17 14:57:52,595 - Epoch 30/30, Train Loss: 0.2378, Train Acc: 0.9273, Train F1: 0.9291 Test Loss: 3.3836, Test Acc: 0.4048, Test F1: 0.3865
2024-12-17 14:57:52,645 - Training ended.
Total time: 1:10:32.555243
2024-12-17 14:57:52,645 - 最好的一次：Epoch 18/30, Train Loss: 0.4425, Train Acc: 0.8748, Train F1: 0.8761 Test Loss: 2.7687, Test Acc: 0.4821, Test F1: 0.4607
