2024-12-15 17:27:17,924 - Training started for model: resnet50
2024-12-15 17:27:32,426 - Epoch 1/100, Train Loss: 4.1952, Train Acc: 0.0150, Train F1: 0.0064 Test Loss: 4.1881, Test Acc: 0.0119, Test F1: 0.0005
2024-12-15 17:27:46,437 - Epoch 2/100, Train Loss: 4.0536, Train Acc: 0.0176, Train F1: 0.0032 Test Loss: 4.0261, Test Acc: 0.0298, Test F1: 0.0037
2024-12-15 17:28:00,593 - Epoch 3/100, Train Loss: 3.9857, Train Acc: 0.0247, Train F1: 0.0139 Test Loss: 4.0426, Test Acc: 0.0357, Test F1: 0.0076
2024-12-15 17:28:14,947 - Epoch 4/100, Train Loss: 3.8926, Train Acc: 0.0449, Train F1: 0.0247 Test Loss: 3.9210, Test Acc: 0.0357, Test F1: 0.0106
2024-12-15 17:28:29,428 - Epoch 5/100, Train Loss: 3.7990, Train Acc: 0.0573, Train F1: 0.0387 Test Loss: 4.1847, Test Acc: 0.0417, Test F1: 0.0208
2024-12-15 17:28:43,934 - Epoch 6/100, Train Loss: 3.7316, Train Acc: 0.0643, Train F1: 0.0419 Test Loss: 3.9164, Test Acc: 0.0595, Test F1: 0.0387
2024-12-15 17:28:58,377 - Epoch 7/100, Train Loss: 3.6428, Train Acc: 0.0802, Train F1: 0.0544 Test Loss: 3.9521, Test Acc: 0.0536, Test F1: 0.0275
2024-12-15 17:29:12,828 - Epoch 8/100, Train Loss: 3.5915, Train Acc: 0.0907, Train F1: 0.0695 Test Loss: 4.0902, Test Acc: 0.0536, Test F1: 0.0316
2024-12-15 17:29:27,180 - Epoch 9/100, Train Loss: 3.5338, Train Acc: 0.1040, Train F1: 0.0813 Test Loss: 3.9542, Test Acc: 0.0655, Test F1: 0.0481
2024-12-15 17:29:41,765 - Epoch 10/100, Train Loss: 3.4631, Train Acc: 0.1110, Train F1: 0.0868 Test Loss: 4.0595, Test Acc: 0.0833, Test F1: 0.0542
2024-12-15 17:29:56,298 - Epoch 11/100, Train Loss: 3.4121, Train Acc: 0.1269, Train F1: 0.1007 Test Loss: 3.8441, Test Acc: 0.0833, Test F1: 0.0579
2024-12-15 17:30:10,658 - Epoch 12/100, Train Loss: 3.3751, Train Acc: 0.1366, Train F1: 0.1133 Test Loss: 4.0363, Test Acc: 0.0774, Test F1: 0.0639
2024-12-15 17:30:24,272 - Epoch 13/100, Train Loss: 3.2623, Train Acc: 0.1463, Train F1: 0.1184 Test Loss: 3.8816, Test Acc: 0.0774, Test F1: 0.0408
2024-12-15 17:30:38,107 - Epoch 14/100, Train Loss: 3.2134, Train Acc: 0.1392, Train F1: 0.1215 Test Loss: 3.9879, Test Acc: 0.0833, Test F1: 0.0565
2024-12-15 17:30:52,437 - Epoch 15/100, Train Loss: 3.1156, Train Acc: 0.1656, Train F1: 0.1408 Test Loss: 4.6858, Test Acc: 0.0714, Test F1: 0.0490
2024-12-15 17:31:06,724 - Epoch 16/100, Train Loss: 3.0022, Train Acc: 0.2026, Train F1: 0.1823 Test Loss: 4.4689, Test Acc: 0.0536, Test F1: 0.0310
2024-12-15 17:31:20,674 - Epoch 17/100, Train Loss: 2.9019, Train Acc: 0.1974, Train F1: 0.1781 Test Loss: 4.1094, Test Acc: 0.0774, Test F1: 0.0639
2024-12-15 17:31:34,806 - Epoch 18/100, Train Loss: 2.7573, Train Acc: 0.2476, Train F1: 0.2369 Test Loss: 4.3764, Test Acc: 0.0714, Test F1: 0.0487
2024-12-15 17:31:48,988 - Epoch 19/100, Train Loss: 2.6081, Train Acc: 0.2687, Train F1: 0.2541 Test Loss: 4.8068, Test Acc: 0.0714, Test F1: 0.0401
2024-12-15 17:32:03,111 - Epoch 20/100, Train Loss: 2.4452, Train Acc: 0.2960, Train F1: 0.2824 Test Loss: 4.8072, Test Acc: 0.0714, Test F1: 0.0506
2024-12-15 17:32:17,707 - Epoch 21/100, Train Loss: 2.2755, Train Acc: 0.3551, Train F1: 0.3490 Test Loss: 4.6655, Test Acc: 0.0893, Test F1: 0.0699
2024-12-15 17:32:32,297 - Epoch 22/100, Train Loss: 1.9838, Train Acc: 0.4159, Train F1: 0.4110 Test Loss: 4.6591, Test Acc: 0.0417, Test F1: 0.0327
2024-12-15 17:32:46,212 - Epoch 23/100, Train Loss: 1.8399, Train Acc: 0.4537, Train F1: 0.4490 Test Loss: 5.2871, Test Acc: 0.0893, Test F1: 0.0855
2024-12-15 17:33:00,211 - Epoch 24/100, Train Loss: 1.6539, Train Acc: 0.4907, Train F1: 0.4891 Test Loss: 5.3842, Test Acc: 0.0833, Test F1: 0.0737
2024-12-15 17:33:14,499 - Epoch 25/100, Train Loss: 1.3535, Train Acc: 0.5903, Train F1: 0.5943 Test Loss: 5.8331, Test Acc: 0.0833, Test F1: 0.0734
2024-12-15 17:33:28,898 - Epoch 26/100, Train Loss: 1.1517, Train Acc: 0.6441, Train F1: 0.6493 Test Loss: 6.2031, Test Acc: 0.1190, Test F1: 0.1146
2024-12-15 17:33:43,130 - Epoch 27/100, Train Loss: 1.0634, Train Acc: 0.6678, Train F1: 0.6725 Test Loss: 6.5982, Test Acc: 0.0774, Test F1: 0.0595
2024-12-15 17:33:57,367 - Epoch 28/100, Train Loss: 0.7817, Train Acc: 0.7736, Train F1: 0.7821 Test Loss: 5.9124, Test Acc: 0.0595, Test F1: 0.0644
2024-12-15 17:34:11,281 - Epoch 29/100, Train Loss: 0.6256, Train Acc: 0.8132, Train F1: 0.8225 Test Loss: 6.0302, Test Acc: 0.0893, Test F1: 0.0833
2024-12-15 17:34:25,426 - Epoch 30/100, Train Loss: 0.4845, Train Acc: 0.8414, Train F1: 0.8521 Test Loss: 7.8872, Test Acc: 0.0893, Test F1: 0.0839
2024-12-15 17:34:39,752 - Epoch 31/100, Train Loss: 0.4657, Train Acc: 0.8546, Train F1: 0.8658 Test Loss: 6.3777, Test Acc: 0.1131, Test F1: 0.1066
2024-12-15 17:34:53,938 - Epoch 32/100, Train Loss: 0.3712, Train Acc: 0.8802, Train F1: 0.8910 Test Loss: 7.2036, Test Acc: 0.0655, Test F1: 0.0624
2024-12-15 17:35:08,507 - Epoch 33/100, Train Loss: 0.2413, Train Acc: 0.9278, Train F1: 0.9397 Test Loss: 7.5621, Test Acc: 0.0655, Test F1: 0.0744
2024-12-15 17:35:22,791 - Epoch 34/100, Train Loss: 0.2280, Train Acc: 0.9278, Train F1: 0.9398 Test Loss: 7.1441, Test Acc: 0.1131, Test F1: 0.1039
2024-12-15 17:35:37,221 - Epoch 35/100, Train Loss: 0.2209, Train Acc: 0.9313, Train F1: 0.9439 Test Loss: 7.3958, Test Acc: 0.1012, Test F1: 0.0846
2024-12-15 17:35:51,908 - Epoch 36/100, Train Loss: 0.2820, Train Acc: 0.9137, Train F1: 0.9260 Test Loss: 8.3407, Test Acc: 0.0655, Test F1: 0.0498
2024-12-15 17:36:06,282 - Epoch 37/100, Train Loss: 0.3753, Train Acc: 0.8590, Train F1: 0.8706 Test Loss: 7.6800, Test Acc: 0.0714, Test F1: 0.0591
2024-12-15 17:36:20,755 - Epoch 38/100, Train Loss: 0.2677, Train Acc: 0.9057, Train F1: 0.9174 Test Loss: 7.5185, Test Acc: 0.0774, Test F1: 0.0763
2024-12-15 17:36:35,269 - Epoch 39/100, Train Loss: 0.3171, Train Acc: 0.9022, Train F1: 0.9137 Test Loss: 7.8346, Test Acc: 0.0833, Test F1: 0.0830
2024-12-15 17:36:49,599 - Epoch 40/100, Train Loss: 0.2757, Train Acc: 0.9075, Train F1: 0.9188 Test Loss: 7.5159, Test Acc: 0.1012, Test F1: 0.0877
2024-12-15 17:37:03,249 - Epoch 41/100, Train Loss: 0.2300, Train Acc: 0.9216, Train F1: 0.9343 Test Loss: 7.7981, Test Acc: 0.1012, Test F1: 0.0863
2024-12-15 17:37:16,785 - Epoch 42/100, Train Loss: 0.1173, Train Acc: 0.9577, Train F1: 0.9707 Test Loss: 7.4202, Test Acc: 0.0952, Test F1: 0.0946
2024-12-15 17:37:30,366 - Epoch 43/100, Train Loss: 0.0949, Train Acc: 0.9621, Train F1: 0.9751 Test Loss: 8.0129, Test Acc: 0.0774, Test F1: 0.0707
2024-12-15 17:37:44,338 - Epoch 44/100, Train Loss: 0.1051, Train Acc: 0.9542, Train F1: 0.9668 Test Loss: 8.0303, Test Acc: 0.0833, Test F1: 0.0775
2024-12-15 17:37:58,466 - Epoch 45/100, Train Loss: 0.0772, Train Acc: 0.9692, Train F1: 0.9819 Test Loss: 7.4839, Test Acc: 0.0893, Test F1: 0.0840
2024-12-15 17:38:12,843 - Epoch 46/100, Train Loss: 0.0553, Train Acc: 0.9736, Train F1: 0.9866 Test Loss: 7.6720, Test Acc: 0.0655, Test F1: 0.0682
2024-12-15 17:38:27,009 - Epoch 47/100, Train Loss: 0.0495, Train Acc: 0.9736, Train F1: 0.9866 Test Loss: 8.0485, Test Acc: 0.0893, Test F1: 0.0883
2024-12-15 17:38:40,993 - Epoch 48/100, Train Loss: 0.0423, Train Acc: 0.9771, Train F1: 0.9901 Test Loss: 7.6016, Test Acc: 0.0833, Test F1: 0.0860
2024-12-15 17:38:54,943 - Epoch 49/100, Train Loss: 0.0304, Train Acc: 0.9780, Train F1: 0.9911 Test Loss: 8.0844, Test Acc: 0.0833, Test F1: 0.0829
2024-12-15 17:39:09,281 - Epoch 50/100, Train Loss: 0.0312, Train Acc: 0.9780, Train F1: 0.9911 Test Loss: 7.9774, Test Acc: 0.0833, Test F1: 0.0846
2024-12-15 17:39:23,739 - Epoch 51/100, Train Loss: 0.0314, Train Acc: 0.9762, Train F1: 0.9893 Test Loss: 7.7701, Test Acc: 0.0893, Test F1: 0.0933
2024-12-15 17:39:37,463 - Epoch 52/100, Train Loss: 0.0538, Train Acc: 0.9718, Train F1: 0.9847 Test Loss: 8.4035, Test Acc: 0.0714, Test F1: 0.0709
2024-12-15 17:39:51,526 - Epoch 53/100, Train Loss: 0.0392, Train Acc: 0.9753, Train F1: 0.9884 Test Loss: 8.0544, Test Acc: 0.0833, Test F1: 0.0815
2024-12-15 17:40:05,977 - Epoch 54/100, Train Loss: 0.0339, Train Acc: 0.9762, Train F1: 0.9893 Test Loss: 7.8416, Test Acc: 0.1131, Test F1: 0.1122
2024-12-15 17:40:20,458 - Epoch 55/100, Train Loss: 0.0475, Train Acc: 0.9736, Train F1: 0.9867 Test Loss: 7.8830, Test Acc: 0.0952, Test F1: 0.0975
2024-12-15 17:40:34,709 - Epoch 56/100, Train Loss: 0.0655, Train Acc: 0.9665, Train F1: 0.9799 Test Loss: 8.1331, Test Acc: 0.0893, Test F1: 0.0833
2024-12-15 17:40:49,083 - Epoch 57/100, Train Loss: 0.1598, Train Acc: 0.9401, Train F1: 0.9527 Test Loss: 10.7008, Test Acc: 0.0714, Test F1: 0.0582
2024-12-15 17:41:03,338 - Epoch 58/100, Train Loss: 0.5154, Train Acc: 0.8344, Train F1: 0.8449 Test Loss: 8.0154, Test Acc: 0.0952, Test F1: 0.0992
2024-12-15 17:41:17,539 - Epoch 59/100, Train Loss: 0.7735, Train Acc: 0.7797, Train F1: 0.7899 Test Loss: 10.0809, Test Acc: 0.0536, Test F1: 0.0336
2024-12-15 17:41:31,762 - Epoch 60/100, Train Loss: 0.5793, Train Acc: 0.8062, Train F1: 0.8161 Test Loss: 8.5762, Test Acc: 0.0893, Test F1: 0.0707
2024-12-15 17:41:45,982 - Epoch 61/100, Train Loss: 0.3201, Train Acc: 0.8881, Train F1: 0.8996 Test Loss: 7.9630, Test Acc: 0.0893, Test F1: 0.0836
2024-12-15 17:42:00,358 - Epoch 62/100, Train Loss: 0.1566, Train Acc: 0.9419, Train F1: 0.9545 Test Loss: 7.4488, Test Acc: 0.1131, Test F1: 0.1067
2024-12-15 17:42:14,608 - Epoch 63/100, Train Loss: 0.0930, Train Acc: 0.9648, Train F1: 0.9777 Test Loss: 7.5962, Test Acc: 0.0893, Test F1: 0.0864
2024-12-15 17:42:28,666 - Epoch 64/100, Train Loss: 0.0439, Train Acc: 0.9753, Train F1: 0.9885 Test Loss: 7.7158, Test Acc: 0.0893, Test F1: 0.0872
2024-12-15 17:42:42,852 - Epoch 65/100, Train Loss: 0.0365, Train Acc: 0.9744, Train F1: 0.9874 Test Loss: 7.8911, Test Acc: 0.0952, Test F1: 0.0959
2024-12-15 17:42:56,833 - Epoch 66/100, Train Loss: 0.0333, Train Acc: 0.9762, Train F1: 0.9894 Test Loss: 7.7735, Test Acc: 0.0893, Test F1: 0.0862
2024-12-15 17:43:08,418 - Epoch 67/100, Train Loss: 0.0312, Train Acc: 0.9780, Train F1: 0.9910 Test Loss: 7.6196, Test Acc: 0.0655, Test F1: 0.0740
2024-12-15 17:43:21,755 - Epoch 68/100, Train Loss: 0.0242, Train Acc: 0.9789, Train F1: 0.9920 Test Loss: 7.8445, Test Acc: 0.0833, Test F1: 0.0885
2024-12-15 17:43:36,271 - Epoch 69/100, Train Loss: 0.0318, Train Acc: 0.9780, Train F1: 0.9910 Test Loss: 8.1566, Test Acc: 0.0952, Test F1: 0.0908
2024-12-15 17:43:50,474 - Epoch 70/100, Train Loss: 0.0229, Train Acc: 0.9789, Train F1: 0.9920 Test Loss: 7.8714, Test Acc: 0.0952, Test F1: 0.1048
2024-12-15 17:44:04,882 - Epoch 71/100, Train Loss: 0.0240, Train Acc: 0.9771, Train F1: 0.9901 Test Loss: 7.9782, Test Acc: 0.0952, Test F1: 0.0972
2024-12-15 17:44:19,237 - Epoch 72/100, Train Loss: 0.0195, Train Acc: 0.9797, Train F1: 0.9929 Test Loss: 8.0217, Test Acc: 0.0952, Test F1: 0.0990
2024-12-15 17:44:33,657 - Epoch 73/100, Train Loss: 0.0192, Train Acc: 0.9789, Train F1: 0.9921 Test Loss: 8.2073, Test Acc: 0.1012, Test F1: 0.1040
2024-12-15 17:44:47,805 - Epoch 74/100, Train Loss: 0.0199, Train Acc: 0.9797, Train F1: 0.9929 Test Loss: 7.7714, Test Acc: 0.1071, Test F1: 0.1101
2024-12-15 17:45:01,523 - Epoch 75/100, Train Loss: 0.0261, Train Acc: 0.9744, Train F1: 0.9874 Test Loss: 8.4743, Test Acc: 0.0893, Test F1: 0.0900
2024-12-15 17:45:14,999 - Epoch 76/100, Train Loss: 0.0342, Train Acc: 0.9753, Train F1: 0.9885 Test Loss: 8.4990, Test Acc: 0.0774, Test F1: 0.0733
2024-12-15 17:45:28,768 - Epoch 77/100, Train Loss: 0.0312, Train Acc: 0.9744, Train F1: 0.9877 Test Loss: 8.6914, Test Acc: 0.0952, Test F1: 0.0867
2024-12-15 17:45:43,024 - Epoch 78/100, Train Loss: 0.0509, Train Acc: 0.9700, Train F1: 0.9830 Test Loss: 8.2150, Test Acc: 0.0833, Test F1: 0.0779
2024-12-15 17:45:57,386 - Epoch 79/100, Train Loss: 0.1002, Train Acc: 0.9542, Train F1: 0.9669 Test Loss: 9.1532, Test Acc: 0.0774, Test F1: 0.0777
2024-12-15 17:46:11,748 - Epoch 80/100, Train Loss: 0.2053, Train Acc: 0.9233, Train F1: 0.9353 Test Loss: 9.9044, Test Acc: 0.0714, Test F1: 0.0534
2024-12-15 17:46:26,044 - Epoch 81/100, Train Loss: 0.5373, Train Acc: 0.8300, Train F1: 0.8410 Test Loss: 9.9894, Test Acc: 0.0774, Test F1: 0.0667
2024-12-15 17:46:40,326 - Epoch 82/100, Train Loss: 0.5522, Train Acc: 0.8167, Train F1: 0.8275 Test Loss: 8.9991, Test Acc: 0.1131, Test F1: 0.0842
2024-12-15 17:46:54,629 - Epoch 83/100, Train Loss: 0.3360, Train Acc: 0.8890, Train F1: 0.9005 Test Loss: 8.7525, Test Acc: 0.0774, Test F1: 0.0792
2024-12-15 17:47:08,476 - Epoch 84/100, Train Loss: 0.1486, Train Acc: 0.9427, Train F1: 0.9555 Test Loss: 8.6033, Test Acc: 0.0952, Test F1: 0.0857
2024-12-15 17:47:22,610 - Epoch 85/100, Train Loss: 0.0941, Train Acc: 0.9630, Train F1: 0.9757 Test Loss: 8.2061, Test Acc: 0.0893, Test F1: 0.0848
2024-12-15 17:47:36,887 - Epoch 86/100, Train Loss: 0.0768, Train Acc: 0.9665, Train F1: 0.9791 Test Loss: 7.9074, Test Acc: 0.0952, Test F1: 0.0921
2024-12-15 17:47:51,103 - Epoch 87/100, Train Loss: 0.0449, Train Acc: 0.9709, Train F1: 0.9839 Test Loss: 8.1816, Test Acc: 0.0655, Test F1: 0.0683
2024-12-15 17:48:05,629 - Epoch 88/100, Train Loss: 0.0306, Train Acc: 0.9771, Train F1: 0.9901 Test Loss: 8.2678, Test Acc: 0.0774, Test F1: 0.0787
2024-12-15 17:48:19,780 - Epoch 89/100, Train Loss: 0.0375, Train Acc: 0.9771, Train F1: 0.9904 Test Loss: 8.0801, Test Acc: 0.0952, Test F1: 0.0966
2024-12-15 17:48:34,070 - Epoch 90/100, Train Loss: 0.0239, Train Acc: 0.9762, Train F1: 0.9893 Test Loss: 8.4552, Test Acc: 0.0655, Test F1: 0.0620
2024-12-15 17:48:48,337 - Epoch 91/100, Train Loss: 0.0257, Train Acc: 0.9753, Train F1: 0.9885 Test Loss: 8.0847, Test Acc: 0.0714, Test F1: 0.0713
2024-12-15 17:49:02,609 - Epoch 92/100, Train Loss: 0.0285, Train Acc: 0.9771, Train F1: 0.9902 Test Loss: 8.7846, Test Acc: 0.0714, Test F1: 0.0831
2024-12-15 17:49:17,289 - Epoch 93/100, Train Loss: 0.0207, Train Acc: 0.9789, Train F1: 0.9920 Test Loss: 8.2335, Test Acc: 0.0595, Test F1: 0.0577
2024-12-15 17:49:31,422 - Epoch 94/100, Train Loss: 0.0199, Train Acc: 0.9780, Train F1: 0.9911 Test Loss: 8.1052, Test Acc: 0.0595, Test F1: 0.0608
2024-12-15 17:49:45,467 - Epoch 95/100, Train Loss: 0.0165, Train Acc: 0.9789, Train F1: 0.9918 Test Loss: 8.2999, Test Acc: 0.0595, Test F1: 0.0587
2024-12-15 17:49:58,891 - Epoch 96/100, Train Loss: 0.0180, Train Acc: 0.9780, Train F1: 0.9911 Test Loss: 8.3655, Test Acc: 0.0714, Test F1: 0.0694
2024-12-15 17:50:12,595 - Epoch 97/100, Train Loss: 0.0163, Train Acc: 0.9797, Train F1: 0.9930 Test Loss: 8.3535, Test Acc: 0.0595, Test F1: 0.0632
2024-12-15 17:50:26,650 - Epoch 98/100, Train Loss: 0.0181, Train Acc: 0.9771, Train F1: 0.9899 Test Loss: 8.4679, Test Acc: 0.0774, Test F1: 0.0823
2024-12-15 17:50:40,620 - Epoch 99/100, Train Loss: 0.0179, Train Acc: 0.9762, Train F1: 0.9893 Test Loss: 8.4008, Test Acc: 0.0536, Test F1: 0.0536
2024-12-15 17:50:55,109 - Epoch 100/100, Train Loss: 0.0171, Train Acc: 0.9789, Train F1: 0.9920 Test Loss: 8.6659, Test Acc: 0.0655, Test F1: 0.0692
2024-12-15 17:50:55,112 - Training ended.
Total time: 0:23:37.189400
2024-12-15 17:50:55,112 - 最好的一次：Epoch 26/100, Train Loss: 1.1517, Train Acc: 0.6441, Train F1: 0.6493 Test Loss: 6.2031, Test Acc: 0.1190, Test F1: 0.1146
