2024-12-16 19:05:37,915 - Training started for model: resnet50
2024-12-16 19:07:08,514 - Epoch 1/40, Train Loss: 2.9390, Train Acc: 0.2827, Train F1: 0.2543 Test Loss: 2.2454, Test Acc: 0.4524, Test F1: 0.4367
2024-12-16 19:08:47,628 - Epoch 2/40, Train Loss: 1.5766, Train Acc: 0.6056, Train F1: 0.5859 Test Loss: 1.9888, Test Acc: 0.4643, Test F1: 0.4619
2024-12-16 19:10:19,128 - Epoch 3/40, Train Loss: 0.7651, Train Acc: 0.8157, Train F1: 0.8024 Test Loss: 1.9158, Test Acc: 0.5000, Test F1: 0.5213
2024-12-16 19:11:44,169 - Epoch 4/40, Train Loss: 0.3288, Train Acc: 0.9251, Train F1: 0.9154 Test Loss: 1.9894, Test Acc: 0.5119, Test F1: 0.5307
2024-12-16 19:13:12,386 - Epoch 5/40, Train Loss: 0.1668, Train Acc: 0.9642, Train F1: 0.9594 Test Loss: 1.9277, Test Acc: 0.5119, Test F1: 0.5384
2024-12-16 19:14:42,056 - Epoch 6/40, Train Loss: 0.1193, Train Acc: 0.9701, Train F1: 0.9677 Test Loss: 2.1109, Test Acc: 0.4583, Test F1: 0.4503
2024-12-16 19:16:17,280 - Epoch 7/40, Train Loss: 0.1128, Train Acc: 0.9697, Train F1: 0.9682 Test Loss: 2.1436, Test Acc: 0.5238, Test F1: 0.5333
2024-12-16 19:17:53,094 - Epoch 8/40, Train Loss: 0.1459, Train Acc: 0.9614, Train F1: 0.9606 Test Loss: 2.5516, Test Acc: 0.4405, Test F1: 0.4637
2024-12-16 19:19:24,278 - Epoch 9/40, Train Loss: 0.1997, Train Acc: 0.9428, Train F1: 0.9417 Test Loss: 2.1636, Test Acc: 0.4881, Test F1: 0.5051
2024-12-16 19:21:02,788 - Epoch 10/40, Train Loss: 0.1287, Train Acc: 0.9639, Train F1: 0.9622 Test Loss: 2.4843, Test Acc: 0.4345, Test F1: 0.4542
2024-12-16 19:22:40,535 - Epoch 11/40, Train Loss: 0.1246, Train Acc: 0.9606, Train F1: 0.9591 Test Loss: 2.2944, Test Acc: 0.4643, Test F1: 0.4739
2024-12-16 19:24:02,702 - Epoch 12/40, Train Loss: 0.1162, Train Acc: 0.9641, Train F1: 0.9633 Test Loss: 2.4825, Test Acc: 0.4821, Test F1: 0.4839
2024-12-16 19:25:40,565 - Epoch 13/40, Train Loss: 0.0917, Train Acc: 0.9690, Train F1: 0.9686 Test Loss: 2.4040, Test Acc: 0.4940, Test F1: 0.5180
2024-12-16 19:27:18,626 - Epoch 14/40, Train Loss: 0.1107, Train Acc: 0.9609, Train F1: 0.9599 Test Loss: 2.9288, Test Acc: 0.4464, Test F1: 0.4488
2024-12-16 19:28:55,763 - Epoch 15/40, Train Loss: 0.1479, Train Acc: 0.9531, Train F1: 0.9524 Test Loss: 2.7933, Test Acc: 0.4524, Test F1: 0.4631
2024-12-16 19:30:21,381 - Epoch 16/40, Train Loss: 0.1175, Train Acc: 0.9607, Train F1: 0.9591 Test Loss: 2.6011, Test Acc: 0.4702, Test F1: 0.4801
2024-12-16 19:31:50,507 - Epoch 17/40, Train Loss: 0.0898, Train Acc: 0.9697, Train F1: 0.9697 Test Loss: 2.6391, Test Acc: 0.4940, Test F1: 0.5120
2024-12-16 19:33:21,985 - Epoch 18/40, Train Loss: 0.0717, Train Acc: 0.9731, Train F1: 0.9728 Test Loss: 2.5956, Test Acc: 0.5119, Test F1: 0.5212
2024-12-16 19:35:00,376 - Epoch 19/40, Train Loss: 0.0700, Train Acc: 0.9735, Train F1: 0.9719 Test Loss: 2.5627, Test Acc: 0.4940, Test F1: 0.5298
2024-12-16 19:36:38,557 - Epoch 20/40, Train Loss: 0.0733, Train Acc: 0.9728, Train F1: 0.9716 Test Loss: 3.0149, Test Acc: 0.4583, Test F1: 0.4842
2024-12-16 19:38:13,724 - Epoch 21/40, Train Loss: 0.1125, Train Acc: 0.9584, Train F1: 0.9584 Test Loss: 2.9075, Test Acc: 0.4167, Test F1: 0.4449
2024-12-16 19:39:51,949 - Epoch 22/40, Train Loss: 0.1140, Train Acc: 0.9583, Train F1: 0.9569 Test Loss: 2.9073, Test Acc: 0.4881, Test F1: 0.4828
2024-12-16 19:41:23,218 - Epoch 23/40, Train Loss: 0.0992, Train Acc: 0.9634, Train F1: 0.9621 Test Loss: 2.6524, Test Acc: 0.4940, Test F1: 0.4822
2024-12-16 19:42:55,038 - Epoch 24/40, Train Loss: 0.0714, Train Acc: 0.9709, Train F1: 0.9704 Test Loss: 2.4754, Test Acc: 0.5060, Test F1: 0.5041
2024-12-16 19:44:32,913 - Epoch 25/40, Train Loss: 0.0622, Train Acc: 0.9763, Train F1: 0.9762 Test Loss: 2.6451, Test Acc: 0.5119, Test F1: 0.5081
2024-12-16 19:46:09,480 - Epoch 26/40, Train Loss: 0.1014, Train Acc: 0.9642, Train F1: 0.9627 Test Loss: 3.4451, Test Acc: 0.3869, Test F1: 0.3829
2024-12-16 19:47:45,921 - Epoch 27/40, Train Loss: 0.1005, Train Acc: 0.9627, Train F1: 0.9617 Test Loss: 2.7585, Test Acc: 0.4881, Test F1: 0.5037
2024-12-16 19:49:24,083 - Epoch 28/40, Train Loss: 0.0719, Train Acc: 0.9735, Train F1: 0.9738 Test Loss: 3.0685, Test Acc: 0.4583, Test F1: 0.4711
2024-12-16 19:51:02,133 - Epoch 29/40, Train Loss: 0.0479, Train Acc: 0.9800, Train F1: 0.9802 Test Loss: 2.6932, Test Acc: 0.5060, Test F1: 0.5201
2024-12-16 19:52:40,155 - Epoch 30/40, Train Loss: 0.0834, Train Acc: 0.9674, Train F1: 0.9671 Test Loss: 3.0078, Test Acc: 0.4821, Test F1: 0.4935
2024-12-16 19:54:17,826 - Epoch 31/40, Train Loss: 0.1163, Train Acc: 0.9588, Train F1: 0.9586 Test Loss: 2.8832, Test Acc: 0.4583, Test F1: 0.4725
2024-12-16 19:55:55,684 - Epoch 32/40, Train Loss: 0.0947, Train Acc: 0.9673, Train F1: 0.9659 Test Loss: 2.9987, Test Acc: 0.4107, Test F1: 0.4128
2024-12-16 19:57:33,651 - Epoch 33/40, Train Loss: 0.0577, Train Acc: 0.9749, Train F1: 0.9744 Test Loss: 2.8564, Test Acc: 0.4643, Test F1: 0.4580
2024-12-16 19:59:12,148 - Epoch 34/40, Train Loss: 0.0560, Train Acc: 0.9767, Train F1: 0.9767 Test Loss: 2.9701, Test Acc: 0.5060, Test F1: 0.4959
2024-12-16 20:00:50,253 - Epoch 35/40, Train Loss: 0.0455, Train Acc: 0.9794, Train F1: 0.9787 Test Loss: 2.5329, Test Acc: 0.4940, Test F1: 0.5106
2024-12-16 20:02:28,281 - Epoch 36/40, Train Loss: 0.0731, Train Acc: 0.9709, Train F1: 0.9702 Test Loss: 2.9220, Test Acc: 0.5000, Test F1: 0.5002
2024-12-16 20:04:06,085 - Epoch 37/40, Train Loss: 0.1051, Train Acc: 0.9623, Train F1: 0.9623 Test Loss: 3.1669, Test Acc: 0.4345, Test F1: 0.4395
2024-12-16 20:05:44,007 - Epoch 38/40, Train Loss: 0.0831, Train Acc: 0.9659, Train F1: 0.9650 Test Loss: 3.2222, Test Acc: 0.4286, Test F1: 0.4386
2024-12-16 20:07:21,759 - Epoch 39/40, Train Loss: 0.0714, Train Acc: 0.9692, Train F1: 0.9694 Test Loss: 2.8025, Test Acc: 0.5179, Test F1: 0.5047
2024-12-16 20:08:56,436 - Epoch 40/40, Train Loss: 0.0501, Train Acc: 0.9768, Train F1: 0.9771 Test Loss: 2.8312, Test Acc: 0.5060, Test F1: 0.5148
2024-12-16 20:08:56,532 - Training ended.
Total time: 1:03:18.618593
2024-12-16 20:08:56,532 - 最好的一次：Epoch 7/40, Train Loss: 0.1128, Train Acc: 0.9697, Train F1: 0.9682 Test Loss: 2.1436, Test Acc: 0.5238, Test F1: 0.5333
