2024-12-17 17:21:26,763 - Training started for model: eff_b1
2024-12-17 17:23:49,449 - Epoch 1/30, Train Loss: 3.8225, Train Acc: 0.0829, Train F1: 0.0669 Test Loss: 3.4160, Test Acc: 0.2024, Test F1: 0.1643
2024-12-17 17:26:15,481 - Epoch 2/30, Train Loss: 3.1093, Train Acc: 0.2442, Train F1: 0.1998 Test Loss: 2.6637, Test Acc: 0.2798, Test F1: 0.2264
2024-12-17 17:28:32,363 - Epoch 3/30, Train Loss: 2.5553, Train Acc: 0.3542, Train F1: 0.3176 Test Loss: 2.3095, Test Acc: 0.3393, Test F1: 0.3065
2024-12-17 17:30:51,171 - Epoch 4/30, Train Loss: 2.1499, Train Acc: 0.4492, Train F1: 0.4238 Test Loss: 2.1494, Test Acc: 0.3988, Test F1: 0.3775
2024-12-17 17:33:08,305 - Epoch 5/30, Train Loss: 1.8471, Train Acc: 0.5198, Train F1: 0.5017 Test Loss: 1.9728, Test Acc: 0.4464, Test F1: 0.4213
2024-12-17 17:35:30,857 - Epoch 6/30, Train Loss: 1.6052, Train Acc: 0.5782, Train F1: 0.5656 Test Loss: 1.9732, Test Acc: 0.4643, Test F1: 0.4535
2024-12-17 17:37:43,983 - Epoch 7/30, Train Loss: 1.3877, Train Acc: 0.6306, Train F1: 0.6221 Test Loss: 1.8400, Test Acc: 0.5000, Test F1: 0.5025
2024-12-17 17:40:03,422 - Epoch 8/30, Train Loss: 1.2167, Train Acc: 0.6789, Train F1: 0.6738 Test Loss: 1.8597, Test Acc: 0.5119, Test F1: 0.5074
2024-12-17 17:42:23,590 - Epoch 9/30, Train Loss: 1.0416, Train Acc: 0.7123, Train F1: 0.7067 Test Loss: 1.9339, Test Acc: 0.4881, Test F1: 0.4928
2024-12-17 17:44:35,039 - Epoch 10/30, Train Loss: 0.9320, Train Acc: 0.7462, Train F1: 0.7447 Test Loss: 1.8927, Test Acc: 0.4821, Test F1: 0.4721
2024-12-17 17:46:57,826 - Epoch 11/30, Train Loss: 0.8101, Train Acc: 0.7746, Train F1: 0.7720 Test Loss: 1.9200, Test Acc: 0.5000, Test F1: 0.4847
2024-12-17 17:49:16,069 - Epoch 12/30, Train Loss: 0.7143, Train Acc: 0.8096, Train F1: 0.8070 Test Loss: 1.9106, Test Acc: 0.4940, Test F1: 0.4940
2024-12-17 17:51:37,147 - Epoch 13/30, Train Loss: 0.6257, Train Acc: 0.8310, Train F1: 0.8304 Test Loss: 1.9745, Test Acc: 0.5179, Test F1: 0.5289
2024-12-17 17:53:54,914 - Epoch 14/30, Train Loss: 0.5602, Train Acc: 0.8505, Train F1: 0.8499 Test Loss: 1.9860, Test Acc: 0.4881, Test F1: 0.4847
2024-12-17 17:56:07,134 - Epoch 15/30, Train Loss: 0.5128, Train Acc: 0.8608, Train F1: 0.8608 Test Loss: 2.0000, Test Acc: 0.5298, Test F1: 0.5328
2024-12-17 17:58:23,630 - Epoch 16/30, Train Loss: 0.4545, Train Acc: 0.8740, Train F1: 0.8737 Test Loss: 1.7207, Test Acc: 0.5774, Test F1: 0.5777
2024-12-17 18:00:37,244 - Epoch 17/30, Train Loss: 0.4162, Train Acc: 0.8858, Train F1: 0.8869 Test Loss: 1.9020, Test Acc: 0.5417, Test F1: 0.5349
2024-12-17 18:02:54,936 - Epoch 18/30, Train Loss: 0.3769, Train Acc: 0.8960, Train F1: 0.8961 Test Loss: 1.9814, Test Acc: 0.5060, Test F1: 0.5172
2024-12-17 18:05:11,218 - Epoch 19/30, Train Loss: 0.3491, Train Acc: 0.9046, Train F1: 0.9059 Test Loss: 2.1299, Test Acc: 0.5179, Test F1: 0.5284
2024-12-17 18:07:21,531 - Epoch 20/30, Train Loss: 0.3218, Train Acc: 0.9131, Train F1: 0.9138 Test Loss: 2.0444, Test Acc: 0.5060, Test F1: 0.4992
2024-12-17 18:09:42,701 - Epoch 21/30, Train Loss: 0.3014, Train Acc: 0.9149, Train F1: 0.9156 Test Loss: 2.1474, Test Acc: 0.5000, Test F1: 0.5093
2024-12-17 18:12:04,040 - Epoch 22/30, Train Loss: 0.2867, Train Acc: 0.9209, Train F1: 0.9225 Test Loss: 2.1330, Test Acc: 0.5179, Test F1: 0.5073
2024-12-17 18:14:33,308 - Epoch 23/30, Train Loss: 0.2605, Train Acc: 0.9271, Train F1: 0.9282 Test Loss: 2.1534, Test Acc: 0.5000, Test F1: 0.4848
2024-12-17 18:16:53,685 - Epoch 24/30, Train Loss: 0.2553, Train Acc: 0.9270, Train F1: 0.9282 Test Loss: 2.1670, Test Acc: 0.5000, Test F1: 0.4943
2024-12-17 18:19:03,450 - Epoch 25/30, Train Loss: 0.2319, Train Acc: 0.9319, Train F1: 0.9338 Test Loss: 2.2064, Test Acc: 0.5000, Test F1: 0.4993
2024-12-17 18:21:26,095 - Epoch 26/30, Train Loss: 0.2203, Train Acc: 0.9359, Train F1: 0.9374 Test Loss: 2.2685, Test Acc: 0.5179, Test F1: 0.5246
2024-12-17 18:23:46,363 - Epoch 27/30, Train Loss: 0.2133, Train Acc: 0.9362, Train F1: 0.9376 Test Loss: 2.2594, Test Acc: 0.5238, Test F1: 0.5269
2024-12-17 18:25:58,139 - Epoch 28/30, Train Loss: 0.2027, Train Acc: 0.9409, Train F1: 0.9428 Test Loss: 2.3501, Test Acc: 0.4643, Test F1: 0.4803
2024-12-17 18:28:13,952 - Epoch 29/30, Train Loss: 0.1945, Train Acc: 0.9419, Train F1: 0.9438 Test Loss: 2.2081, Test Acc: 0.5238, Test F1: 0.5246
2024-12-17 18:30:37,322 - Epoch 30/30, Train Loss: 0.1921, Train Acc: 0.9431, Train F1: 0.9451 Test Loss: 2.3587, Test Acc: 0.4940, Test F1: 0.5089
2024-12-17 18:30:37,375 - Training ended.
Total time: 1:09:10.614085
2024-12-17 18:30:37,375 - 最好的一次：Epoch 16/30, Train Loss: 0.4545, Train Acc: 0.8740, Train F1: 0.8737 Test Loss: 1.7207, Test Acc: 0.5774, Test F1: 0.5777
