2024-12-16 21:10:09,979 - Training started for model: convnext_small
2024-12-16 21:12:37,403 - Epoch 1/40, Train Loss: 2.9185, Train Acc: 0.2982, Train F1: 0.2841 Test Loss: 1.8506, Test Acc: 0.5060, Test F1: 0.5162
2024-12-16 21:15:11,124 - Epoch 2/40, Train Loss: 1.2487, Train Acc: 0.7131, Train F1: 0.7032 Test Loss: 1.6450, Test Acc: 0.5595, Test F1: 0.5774
2024-12-16 21:17:45,669 - Epoch 3/40, Train Loss: 0.5074, Train Acc: 0.8906, Train F1: 0.8868 Test Loss: 1.5458, Test Acc: 0.5893, Test F1: 0.6067
2024-12-16 21:20:22,840 - Epoch 4/40, Train Loss: 0.1924, Train Acc: 0.9649, Train F1: 0.9627 Test Loss: 1.8059, Test Acc: 0.5595, Test F1: 0.5712
2024-12-16 21:22:53,421 - Epoch 5/40, Train Loss: 0.1053, Train Acc: 0.9777, Train F1: 0.9764 Test Loss: 1.8213, Test Acc: 0.5833, Test F1: 0.5932
2024-12-16 21:25:22,754 - Epoch 6/40, Train Loss: 0.0838, Train Acc: 0.9788, Train F1: 0.9772 Test Loss: 1.6936, Test Acc: 0.6012, Test F1: 0.6142
2024-12-16 21:27:59,864 - Epoch 7/40, Train Loss: 0.0827, Train Acc: 0.9779, Train F1: 0.9775 Test Loss: 1.9580, Test Acc: 0.5714, Test F1: 0.5769
2024-12-16 21:30:29,158 - Epoch 8/40, Train Loss: 0.0702, Train Acc: 0.9783, Train F1: 0.9769 Test Loss: 2.0058, Test Acc: 0.5476, Test F1: 0.5588
2024-12-16 21:33:05,403 - Epoch 9/40, Train Loss: 0.0641, Train Acc: 0.9811, Train F1: 0.9803 Test Loss: 2.1638, Test Acc: 0.5655, Test F1: 0.5674
2024-12-16 21:35:45,293 - Epoch 10/40, Train Loss: 0.0594, Train Acc: 0.9791, Train F1: 0.9780 Test Loss: 2.3762, Test Acc: 0.5357, Test F1: 0.5354
2024-12-16 21:38:18,269 - Epoch 11/40, Train Loss: 0.1214, Train Acc: 0.9631, Train F1: 0.9629 Test Loss: 2.0690, Test Acc: 0.5655, Test F1: 0.5650
2024-12-16 21:40:57,886 - Epoch 12/40, Train Loss: 0.0955, Train Acc: 0.9684, Train F1: 0.9682 Test Loss: 2.1850, Test Acc: 0.5833, Test F1: 0.6095
2024-12-16 21:43:32,676 - Epoch 13/40, Train Loss: 0.0728, Train Acc: 0.9749, Train F1: 0.9759 Test Loss: 2.5090, Test Acc: 0.5536, Test F1: 0.5594
2024-12-16 21:46:10,101 - Epoch 14/40, Train Loss: 0.0562, Train Acc: 0.9790, Train F1: 0.9781 Test Loss: 2.3192, Test Acc: 0.5536, Test F1: 0.5755
2024-12-16 21:48:52,291 - Epoch 15/40, Train Loss: 0.0538, Train Acc: 0.9784, Train F1: 0.9780 Test Loss: 2.4544, Test Acc: 0.5536, Test F1: 0.5668
2024-12-16 21:51:28,914 - Epoch 16/40, Train Loss: 0.0534, Train Acc: 0.9799, Train F1: 0.9784 Test Loss: 2.3851, Test Acc: 0.5179, Test F1: 0.5275
2024-12-16 21:54:14,470 - Epoch 17/40, Train Loss: 0.0646, Train Acc: 0.9760, Train F1: 0.9757 Test Loss: 2.3856, Test Acc: 0.5417, Test F1: 0.5741
2024-12-16 21:56:50,982 - Epoch 18/40, Train Loss: 0.0861, Train Acc: 0.9672, Train F1: 0.9665 Test Loss: 2.3631, Test Acc: 0.5595, Test F1: 0.5752
2024-12-16 21:59:33,771 - Epoch 19/40, Train Loss: 0.0504, Train Acc: 0.9771, Train F1: 0.9762 Test Loss: 2.6087, Test Acc: 0.5238, Test F1: 0.5472
2024-12-16 22:02:07,157 - Epoch 20/40, Train Loss: 0.0602, Train Acc: 0.9768, Train F1: 0.9767 Test Loss: 2.2968, Test Acc: 0.5476, Test F1: 0.5778
2024-12-16 22:04:49,253 - Epoch 21/40, Train Loss: 0.0680, Train Acc: 0.9725, Train F1: 0.9710 Test Loss: 2.3476, Test Acc: 0.5536, Test F1: 0.5601
2024-12-16 22:07:31,251 - Epoch 22/40, Train Loss: 0.0471, Train Acc: 0.9790, Train F1: 0.9785 Test Loss: 2.5562, Test Acc: 0.5357, Test F1: 0.5470
2024-12-16 22:10:10,821 - Epoch 23/40, Train Loss: 0.0425, Train Acc: 0.9790, Train F1: 0.9784 Test Loss: 2.6057, Test Acc: 0.5357, Test F1: 0.5254
2024-12-16 22:12:49,735 - Epoch 24/40, Train Loss: 0.0493, Train Acc: 0.9802, Train F1: 0.9798 Test Loss: 2.8487, Test Acc: 0.5298, Test F1: 0.5323
2024-12-16 22:15:34,178 - Epoch 25/40, Train Loss: 0.0668, Train Acc: 0.9735, Train F1: 0.9735 Test Loss: 2.6257, Test Acc: 0.5357, Test F1: 0.5451
2024-12-16 22:18:10,938 - Epoch 26/40, Train Loss: 0.0430, Train Acc: 0.9800, Train F1: 0.9801 Test Loss: 2.8478, Test Acc: 0.5357, Test F1: 0.5443
2024-12-16 22:20:56,120 - Epoch 27/40, Train Loss: 0.0501, Train Acc: 0.9804, Train F1: 0.9793 Test Loss: 3.0147, Test Acc: 0.4702, Test F1: 0.4619
2024-12-16 22:23:30,292 - Epoch 28/40, Train Loss: 0.0511, Train Acc: 0.9760, Train F1: 0.9750 Test Loss: 2.5768, Test Acc: 0.5357, Test F1: 0.5318
2024-12-16 22:26:07,546 - Epoch 29/40, Train Loss: 0.0389, Train Acc: 0.9807, Train F1: 0.9802 Test Loss: 3.0311, Test Acc: 0.5298, Test F1: 0.5382
2024-12-16 22:28:48,824 - Epoch 30/40, Train Loss: 0.0650, Train Acc: 0.9733, Train F1: 0.9736 Test Loss: 2.8114, Test Acc: 0.5179, Test F1: 0.5135
2024-12-16 22:31:30,413 - Epoch 31/40, Train Loss: 0.0533, Train Acc: 0.9749, Train F1: 0.9742 Test Loss: 2.5159, Test Acc: 0.5714, Test F1: 0.5711
2024-12-16 22:34:02,095 - Epoch 32/40, Train Loss: 0.0390, Train Acc: 0.9810, Train F1: 0.9807 Test Loss: 2.6990, Test Acc: 0.4940, Test F1: 0.4925
2024-12-16 22:36:46,943 - Epoch 33/40, Train Loss: 0.0486, Train Acc: 0.9779, Train F1: 0.9778 Test Loss: 2.4794, Test Acc: 0.5476, Test F1: 0.5695
2024-12-16 22:39:24,370 - Epoch 34/40, Train Loss: 0.0491, Train Acc: 0.9779, Train F1: 0.9780 Test Loss: 2.4617, Test Acc: 0.5238, Test F1: 0.5195
2024-12-16 22:42:02,247 - Epoch 35/40, Train Loss: 0.0566, Train Acc: 0.9781, Train F1: 0.9765 Test Loss: 2.5317, Test Acc: 0.5536, Test F1: 0.5679
2024-12-16 22:44:43,031 - Epoch 36/40, Train Loss: 0.0440, Train Acc: 0.9798, Train F1: 0.9796 Test Loss: 2.5420, Test Acc: 0.5655, Test F1: 0.5780
2024-12-16 22:47:17,860 - Epoch 37/40, Train Loss: 0.0446, Train Acc: 0.9804, Train F1: 0.9797 Test Loss: 2.5835, Test Acc: 0.5774, Test F1: 0.5878
2024-12-16 22:49:58,473 - Epoch 38/40, Train Loss: 0.0403, Train Acc: 0.9804, Train F1: 0.9798 Test Loss: 2.3697, Test Acc: 0.5833, Test F1: 0.5883
2024-12-16 22:52:32,803 - Epoch 39/40, Train Loss: 0.0473, Train Acc: 0.9784, Train F1: 0.9777 Test Loss: 2.7138, Test Acc: 0.5238, Test F1: 0.5349
2024-12-16 22:55:09,921 - Epoch 40/40, Train Loss: 0.0466, Train Acc: 0.9781, Train F1: 0.9770 Test Loss: 2.8433, Test Acc: 0.5238, Test F1: 0.5221
2024-12-16 22:55:10,101 - Training ended.
Total time: 1:45:00.123986
2024-12-16 22:55:10,102 - 最好的一次：Epoch 6/40, Train Loss: 0.0838, Train Acc: 0.9788, Train F1: 0.9772 Test Loss: 1.6936, Test Acc: 0.6012, Test F1: 0.6142
