2024-12-17 21:46:57,216 - Training started for model: resnet101
2024-12-17 21:48:34,524 - Epoch 1/30, Train Loss: 3.3492, Train Acc: 0.1726, Train F1: 0.1454 Test Loss: 2.7578, Test Acc: 0.2917, Test F1: 0.2720
2024-12-17 21:50:10,728 - Epoch 2/30, Train Loss: 2.5463, Train Acc: 0.3413, Train F1: 0.3152 Test Loss: 2.5678, Test Acc: 0.3393, Test F1: 0.3174
2024-12-17 21:51:45,406 - Epoch 3/30, Train Loss: 2.0987, Train Acc: 0.4451, Train F1: 0.4271 Test Loss: 2.4804, Test Acc: 0.3571, Test F1: 0.3536
2024-12-17 21:53:21,251 - Epoch 4/30, Train Loss: 1.7769, Train Acc: 0.5148, Train F1: 0.5033 Test Loss: 2.2501, Test Acc: 0.4286, Test F1: 0.4060
2024-12-17 21:54:57,042 - Epoch 5/30, Train Loss: 1.5255, Train Acc: 0.5845, Train F1: 0.5773 Test Loss: 2.2548, Test Acc: 0.4345, Test F1: 0.4191
2024-12-17 21:56:33,523 - Epoch 6/30, Train Loss: 1.3075, Train Acc: 0.6421, Train F1: 0.6361 Test Loss: 2.5282, Test Acc: 0.4345, Test F1: 0.4213
2024-12-17 21:58:08,913 - Epoch 7/30, Train Loss: 1.1239, Train Acc: 0.6871, Train F1: 0.6829 Test Loss: 2.2520, Test Acc: 0.4702, Test F1: 0.4661
2024-12-17 21:59:44,669 - Epoch 8/30, Train Loss: 0.9751, Train Acc: 0.7233, Train F1: 0.7203 Test Loss: 2.4739, Test Acc: 0.4286, Test F1: 0.4184
2024-12-17 22:01:20,707 - Epoch 9/30, Train Loss: 0.8630, Train Acc: 0.7523, Train F1: 0.7507 Test Loss: 2.6510, Test Acc: 0.4286, Test F1: 0.4334
2024-12-17 22:02:56,052 - Epoch 10/30, Train Loss: 0.7181, Train Acc: 0.7950, Train F1: 0.7928 Test Loss: 2.4497, Test Acc: 0.4702, Test F1: 0.4726
2024-12-17 22:04:31,390 - Epoch 11/30, Train Loss: 0.6318, Train Acc: 0.8139, Train F1: 0.8137 Test Loss: 2.5437, Test Acc: 0.4226, Test F1: 0.4125
2024-12-17 22:06:07,622 - Epoch 12/30, Train Loss: 0.5790, Train Acc: 0.8309, Train F1: 0.8305 Test Loss: 2.6403, Test Acc: 0.4167, Test F1: 0.3980
2024-12-17 22:07:43,337 - Epoch 13/30, Train Loss: 0.5402, Train Acc: 0.8430, Train F1: 0.8420 Test Loss: 2.6280, Test Acc: 0.4643, Test F1: 0.4876
2024-12-17 22:09:19,033 - Epoch 14/30, Train Loss: 0.4385, Train Acc: 0.8707, Train F1: 0.8709 Test Loss: 2.6760, Test Acc: 0.4464, Test F1: 0.4431
2024-12-17 22:10:55,670 - Epoch 15/30, Train Loss: 0.4031, Train Acc: 0.8814, Train F1: 0.8813 Test Loss: 2.7978, Test Acc: 0.4167, Test F1: 0.4082
2024-12-17 22:12:30,314 - Epoch 16/30, Train Loss: 0.4075, Train Acc: 0.8808, Train F1: 0.8815 Test Loss: 3.2691, Test Acc: 0.4167, Test F1: 0.4258
2024-12-17 22:14:06,063 - Epoch 17/30, Train Loss: 0.3718, Train Acc: 0.8851, Train F1: 0.8852 Test Loss: 2.6945, Test Acc: 0.4524, Test F1: 0.4440
2024-12-17 22:15:41,935 - Epoch 18/30, Train Loss: 0.3342, Train Acc: 0.9013, Train F1: 0.9030 Test Loss: 3.1730, Test Acc: 0.4107, Test F1: 0.4060
2024-12-17 22:17:17,933 - Epoch 19/30, Train Loss: 0.3450, Train Acc: 0.8933, Train F1: 0.8945 Test Loss: 2.8307, Test Acc: 0.4524, Test F1: 0.4364
2024-12-17 22:18:53,411 - Epoch 20/30, Train Loss: 0.3035, Train Acc: 0.9092, Train F1: 0.9094 Test Loss: 2.9103, Test Acc: 0.4881, Test F1: 0.4802
2024-12-17 22:20:29,157 - Epoch 21/30, Train Loss: 0.2816, Train Acc: 0.9118, Train F1: 0.9131 Test Loss: 2.9206, Test Acc: 0.4107, Test F1: 0.3996
2024-12-17 22:22:04,628 - Epoch 22/30, Train Loss: 0.3042, Train Acc: 0.9096, Train F1: 0.9111 Test Loss: 3.1051, Test Acc: 0.4286, Test F1: 0.4173
2024-12-17 22:23:39,653 - Epoch 23/30, Train Loss: 0.2349, Train Acc: 0.9301, Train F1: 0.9312 Test Loss: 2.8160, Test Acc: 0.4821, Test F1: 0.4840
2024-12-17 22:25:14,958 - Epoch 24/30, Train Loss: 0.2750, Train Acc: 0.9143, Train F1: 0.9157 Test Loss: 3.3339, Test Acc: 0.4524, Test F1: 0.4365
2024-12-17 22:26:50,796 - Epoch 25/30, Train Loss: 0.2872, Train Acc: 0.9093, Train F1: 0.9101 Test Loss: 3.4114, Test Acc: 0.4524, Test F1: 0.4440
2024-12-17 22:28:26,270 - Epoch 26/30, Train Loss: 0.2387, Train Acc: 0.9262, Train F1: 0.9275 Test Loss: 3.4539, Test Acc: 0.4405, Test F1: 0.4474
2024-12-17 22:30:02,039 - Epoch 27/30, Train Loss: 0.2550, Train Acc: 0.9182, Train F1: 0.9197 Test Loss: 3.2642, Test Acc: 0.4226, Test F1: 0.4098
2024-12-17 22:31:37,335 - Epoch 28/30, Train Loss: 0.2210, Train Acc: 0.9262, Train F1: 0.9272 Test Loss: 3.2655, Test Acc: 0.4583, Test F1: 0.4505
2024-12-17 22:33:13,218 - Epoch 29/30, Train Loss: 0.2187, Train Acc: 0.9302, Train F1: 0.9321 Test Loss: 3.4811, Test Acc: 0.4345, Test F1: 0.4147
2024-12-17 22:34:48,676 - Epoch 30/30, Train Loss: 0.2204, Train Acc: 0.9273, Train F1: 0.9284 Test Loss: 3.6672, Test Acc: 0.3750, Test F1: 0.3778
2024-12-17 22:34:48,920 - Training ended.
Total time: 0:47:51.706398
2024-12-17 22:34:48,920 - 最好的一次：Epoch 20/30, Train Loss: 0.3035, Train Acc: 0.9092, Train F1: 0.9094 Test Loss: 2.9103, Test Acc: 0.4881, Test F1: 0.4802
2024-12-22 19:56:53,855 - Training started for model: resnet101
2024-12-22 19:58:36,079 - Epoch 1/30, Train Loss: 3.3073, Train Acc: 0.1812, Train F1: 0.1555 Test Loss: 2.7882, Test Acc: 0.2560, Test F1: 0.2289
