2024-12-17 12:29:21,659 - Training started for model: eff_b1
2024-12-17 12:31:54,224 - Epoch 1/30, Train Loss: 3.8581, Train Acc: 0.0797, Train F1: 0.0644 Test Loss: 3.5940, Test Acc: 0.1548, Test F1: 0.1144
2024-12-17 12:34:30,019 - Epoch 2/30, Train Loss: 3.2200, Train Acc: 0.2225, Train F1: 0.1798 Test Loss: 2.9151, Test Acc: 0.1845, Test F1: 0.1405
2024-12-17 12:37:05,101 - Epoch 3/30, Train Loss: 2.6569, Train Acc: 0.3353, Train F1: 0.2987 Test Loss: 2.5322, Test Acc: 0.2798, Test F1: 0.2563
2024-12-17 12:39:40,570 - Epoch 4/30, Train Loss: 2.2793, Train Acc: 0.4209, Train F1: 0.3933 Test Loss: 2.3018, Test Acc: 0.3750, Test F1: 0.3810
2024-12-17 12:42:21,665 - Epoch 5/30, Train Loss: 1.9539, Train Acc: 0.4960, Train F1: 0.4778 Test Loss: 2.1390, Test Acc: 0.3929, Test F1: 0.3885
2024-12-17 12:45:04,625 - Epoch 6/30, Train Loss: 1.7085, Train Acc: 0.5576, Train F1: 0.5446 Test Loss: 2.0935, Test Acc: 0.4464, Test F1: 0.4325
2024-12-17 12:47:41,858 - Epoch 7/30, Train Loss: 1.4844, Train Acc: 0.6127, Train F1: 0.6016 Test Loss: 2.0682, Test Acc: 0.4167, Test F1: 0.4113
2024-12-17 12:50:25,243 - Epoch 8/30, Train Loss: 1.3017, Train Acc: 0.6503, Train F1: 0.6432 Test Loss: 2.0177, Test Acc: 0.4405, Test F1: 0.4269
2024-12-17 12:53:05,806 - Epoch 9/30, Train Loss: 1.1290, Train Acc: 0.6978, Train F1: 0.6930 Test Loss: 2.1508, Test Acc: 0.4226, Test F1: 0.4229
2024-12-17 12:55:45,428 - Epoch 10/30, Train Loss: 1.0057, Train Acc: 0.7281, Train F1: 0.7227 Test Loss: 2.0315, Test Acc: 0.4405, Test F1: 0.4382
2024-12-17 12:58:24,177 - Epoch 11/30, Train Loss: 0.8481, Train Acc: 0.7678, Train F1: 0.7647 Test Loss: 2.0879, Test Acc: 0.4821, Test F1: 0.4693
2024-12-17 13:00:55,756 - Epoch 12/30, Train Loss: 0.7609, Train Acc: 0.7928, Train F1: 0.7901 Test Loss: 2.0356, Test Acc: 0.4762, Test F1: 0.4587
2024-12-17 13:03:24,504 - Epoch 13/30, Train Loss: 0.6524, Train Acc: 0.8255, Train F1: 0.8242 Test Loss: 2.1527, Test Acc: 0.4583, Test F1: 0.4483
2024-12-17 13:06:01,843 - Epoch 14/30, Train Loss: 0.5719, Train Acc: 0.8412, Train F1: 0.8405 Test Loss: 2.3374, Test Acc: 0.4464, Test F1: 0.4336
2024-12-17 13:08:32,944 - Epoch 15/30, Train Loss: 0.5004, Train Acc: 0.8651, Train F1: 0.8648 Test Loss: 2.3519, Test Acc: 0.4167, Test F1: 0.4147
2024-12-17 13:11:08,094 - Epoch 16/30, Train Loss: 0.4401, Train Acc: 0.8818, Train F1: 0.8817 Test Loss: 2.4411, Test Acc: 0.4345, Test F1: 0.4219
2024-12-17 13:13:37,532 - Epoch 17/30, Train Loss: 0.3857, Train Acc: 0.8935, Train F1: 0.8931 Test Loss: 2.5569, Test Acc: 0.4167, Test F1: 0.4073
2024-12-17 13:16:02,742 - Epoch 18/30, Train Loss: 0.3480, Train Acc: 0.9047, Train F1: 0.9055 Test Loss: 2.4206, Test Acc: 0.4464, Test F1: 0.4319
2024-12-17 13:18:40,456 - Epoch 19/30, Train Loss: 0.3160, Train Acc: 0.9095, Train F1: 0.9101 Test Loss: 2.6087, Test Acc: 0.4524, Test F1: 0.4397
2024-12-17 13:21:13,697 - Epoch 20/30, Train Loss: 0.2927, Train Acc: 0.9191, Train F1: 0.9206 Test Loss: 2.6996, Test Acc: 0.4107, Test F1: 0.4051
2024-12-17 13:23:56,773 - Epoch 21/30, Train Loss: 0.2580, Train Acc: 0.9288, Train F1: 0.9300 Test Loss: 2.6340, Test Acc: 0.4107, Test F1: 0.4102
2024-12-17 13:26:33,326 - Epoch 22/30, Train Loss: 0.2497, Train Acc: 0.9317, Train F1: 0.9331 Test Loss: 2.6322, Test Acc: 0.4286, Test F1: 0.4333
2024-12-17 13:29:08,257 - Epoch 23/30, Train Loss: 0.2212, Train Acc: 0.9358, Train F1: 0.9375 Test Loss: 2.7471, Test Acc: 0.4405, Test F1: 0.4284
2024-12-17 13:31:41,967 - Epoch 24/30, Train Loss: 0.2070, Train Acc: 0.9431, Train F1: 0.9447 Test Loss: 2.7850, Test Acc: 0.4524, Test F1: 0.4371
2024-12-17 13:34:16,761 - Epoch 25/30, Train Loss: 0.2001, Train Acc: 0.9421, Train F1: 0.9436 Test Loss: 2.8244, Test Acc: 0.4345, Test F1: 0.4267
2024-12-17 13:37:00,114 - Epoch 26/30, Train Loss: 0.1753, Train Acc: 0.9483, Train F1: 0.9501 Test Loss: 2.8233, Test Acc: 0.4583, Test F1: 0.4460
2024-12-17 13:39:33,539 - Epoch 27/30, Train Loss: 0.1713, Train Acc: 0.9497, Train F1: 0.9514 Test Loss: 2.7968, Test Acc: 0.4524, Test F1: 0.4397
2024-12-17 13:42:06,618 - Epoch 28/30, Train Loss: 0.1723, Train Acc: 0.9473, Train F1: 0.9489 Test Loss: 2.7916, Test Acc: 0.4524, Test F1: 0.4423
2024-12-17 13:44:46,584 - Epoch 29/30, Train Loss: 0.1632, Train Acc: 0.9498, Train F1: 0.9514 Test Loss: 2.8423, Test Acc: 0.4345, Test F1: 0.4384
2024-12-17 13:47:19,658 - Epoch 30/30, Train Loss: 0.1428, Train Acc: 0.9579, Train F1: 0.9599 Test Loss: 3.1192, Test Acc: 0.4345, Test F1: 0.4440
2024-12-17 13:47:19,735 - Training ended.
Total time: 1:17:58.078478
2024-12-17 13:47:19,735 - 最好的一次：Epoch 11/30, Train Loss: 0.8481, Train Acc: 0.7678, Train F1: 0.7647 Test Loss: 2.0879, Test Acc: 0.4821, Test F1: 0.4693

