2024-12-17 00:45:35,738 - Training started for model: resnet18
2024-12-17 00:47:30,631 - Epoch 1/30, Train Loss: 4.3411, Train Acc: 0.1103, Train F1: 0.0128 Test Loss: 3.2606, Test Acc: 0.2619, Test F1: 0.2332
2024-12-17 00:49:23,419 - Epoch 2/30, Train Loss: 2.8042, Train Acc: 0.2999, Train F1: 0.2798 Test Loss: 2.6394, Test Acc: 0.3214, Test F1: 0.2999
2024-12-17 00:51:12,946 - Epoch 3/30, Train Loss: 2.2627, Train Acc: 0.4144, Train F1: 0.4029 Test Loss: 2.5613, Test Acc: 0.3571, Test F1: 0.3417
2024-12-17 00:53:00,010 - Epoch 4/30, Train Loss: 1.8561, Train Acc: 0.5111, Train F1: 0.5021 Test Loss: 2.5646, Test Acc: 0.3571, Test F1: 0.3493
2024-12-17 00:54:51,836 - Epoch 5/30, Train Loss: 1.5834, Train Acc: 0.5741, Train F1: 0.5678 Test Loss: 2.4827, Test Acc: 0.4286, Test F1: 0.4224
2024-12-17 00:56:36,632 - Epoch 6/30, Train Loss: 1.3119, Train Acc: 0.6518, Train F1: 0.6452 Test Loss: 2.6829, Test Acc: 0.3929, Test F1: 0.3907
2024-12-17 00:58:24,547 - Epoch 7/30, Train Loss: 1.0975, Train Acc: 0.7108, Train F1: 0.7076 Test Loss: 2.6912, Test Acc: 0.3988, Test F1: 0.3955
2024-12-17 01:00:17,041 - Epoch 8/30, Train Loss: 0.9613, Train Acc: 0.7423, Train F1: 0.7389 Test Loss: 2.6767, Test Acc: 0.3988, Test F1: 0.3908
2024-12-17 01:02:09,967 - Epoch 9/30, Train Loss: 0.8276, Train Acc: 0.7781, Train F1: 0.7756 Test Loss: 2.8822, Test Acc: 0.3988, Test F1: 0.3867
2024-12-17 01:04:09,779 - Epoch 10/30, Train Loss: 0.6828, Train Acc: 0.8158, Train F1: 0.8130 Test Loss: 2.7593, Test Acc: 0.3810, Test F1: 0.3581
2024-12-17 01:06:00,438 - Epoch 11/30, Train Loss: 0.6055, Train Acc: 0.8330, Train F1: 0.8304 Test Loss: 2.7127, Test Acc: 0.4048, Test F1: 0.3957
2024-12-17 01:07:50,385 - Epoch 12/30, Train Loss: 0.5219, Train Acc: 0.8583, Train F1: 0.8564 Test Loss: 2.7309, Test Acc: 0.4405, Test F1: 0.4400
2024-12-17 01:09:38,490 - Epoch 13/30, Train Loss: 0.4674, Train Acc: 0.8700, Train F1: 0.8698 Test Loss: 2.9254, Test Acc: 0.4286, Test F1: 0.4086
2024-12-17 01:11:30,517 - Epoch 14/30, Train Loss: 0.4208, Train Acc: 0.8848, Train F1: 0.8841 Test Loss: 2.9825, Test Acc: 0.3929, Test F1: 0.4059
2024-12-17 01:13:20,418 - Epoch 15/30, Train Loss: 0.3686, Train Acc: 0.8992, Train F1: 0.8999 Test Loss: 2.9652, Test Acc: 0.4167, Test F1: 0.4155
2024-12-17 01:15:07,335 - Epoch 16/30, Train Loss: 0.3504, Train Acc: 0.9027, Train F1: 0.9017 Test Loss: 2.9112, Test Acc: 0.4048, Test F1: 0.3956
2024-12-17 01:16:58,000 - Epoch 17/30, Train Loss: 0.3328, Train Acc: 0.9092, Train F1: 0.9093 Test Loss: 2.9262, Test Acc: 0.4167, Test F1: 0.4030
2024-12-17 01:18:50,441 - Epoch 18/30, Train Loss: 0.3134, Train Acc: 0.9138, Train F1: 0.9138 Test Loss: 2.9609, Test Acc: 0.3512, Test F1: 0.3426
2024-12-17 01:20:46,068 - Epoch 19/30, Train Loss: 0.3041, Train Acc: 0.9138, Train F1: 0.9121 Test Loss: 2.9842, Test Acc: 0.4286, Test F1: 0.4103
2024-12-17 01:22:35,788 - Epoch 20/30, Train Loss: 0.2653, Train Acc: 0.9259, Train F1: 0.9247 Test Loss: 2.9211, Test Acc: 0.4643, Test F1: 0.4757
2024-12-17 01:24:24,041 - Epoch 21/30, Train Loss: 0.2514, Train Acc: 0.9310, Train F1: 0.9290 Test Loss: 2.9184, Test Acc: 0.4405, Test F1: 0.4261
2024-12-17 01:26:18,042 - Epoch 22/30, Train Loss: 0.2313, Train Acc: 0.9342, Train F1: 0.9320 Test Loss: 3.0228, Test Acc: 0.4405, Test F1: 0.4378
2024-12-17 01:28:13,642 - Epoch 23/30, Train Loss: 0.2250, Train Acc: 0.9386, Train F1: 0.9377 Test Loss: 3.0340, Test Acc: 0.4405, Test F1: 0.4276
2024-12-17 01:30:00,915 - Epoch 24/30, Train Loss: 0.2198, Train Acc: 0.9374, Train F1: 0.9372 Test Loss: 3.2450, Test Acc: 0.4226, Test F1: 0.4127
2024-12-17 01:31:55,518 - Epoch 25/30, Train Loss: 0.1989, Train Acc: 0.9415, Train F1: 0.9402 Test Loss: 3.1742, Test Acc: 0.3869, Test F1: 0.3839
2024-12-17 01:33:49,626 - Epoch 26/30, Train Loss: 0.2075, Train Acc: 0.9409, Train F1: 0.9405 Test Loss: 2.9790, Test Acc: 0.4167, Test F1: 0.4115
2024-12-17 01:35:36,873 - Epoch 27/30, Train Loss: 0.2030, Train Acc: 0.9445, Train F1: 0.9425 Test Loss: 3.1085, Test Acc: 0.4048, Test F1: 0.4116
2024-12-17 01:37:31,278 - Epoch 28/30, Train Loss: 0.1989, Train Acc: 0.9425, Train F1: 0.9420 Test Loss: 3.2413, Test Acc: 0.4107, Test F1: 0.3928
2024-12-17 01:39:22,690 - Epoch 29/30, Train Loss: 0.1908, Train Acc: 0.9450, Train F1: 0.9439 Test Loss: 3.6828, Test Acc: 0.4167, Test F1: 0.3944
2024-12-17 01:41:14,226 - Epoch 30/30, Train Loss: 0.1887, Train Acc: 0.9434, Train F1: 0.9417 Test Loss: 3.2321, Test Acc: 0.4107, Test F1: 0.4115
2024-12-17 01:41:14,277 - Training ended.
Total time: 0:55:38.541918
2024-12-17 01:41:14,278 - 最好的一次：Epoch 20/30, Train Loss: 0.2653, Train Acc: 0.9259, Train F1: 0.9247 Test Loss: 2.9211, Test Acc: 0.4643, Test F1: 0.4757
