2024-12-15 17:50:55,633 - Training started for model: densenet169
2024-12-15 17:51:12,056 - Epoch 1/100, Train Loss: 4.0910, Train Acc: 0.0326, Train F1: 0.0298 Test Loss: 4.0902, Test Acc: 0.0952, Test F1: 0.0458
2024-12-15 17:51:29,548 - Epoch 2/100, Train Loss: 3.7678, Train Acc: 0.0775, Train F1: 0.0659 Test Loss: 4.8161, Test Acc: 0.0774, Test F1: 0.0378
2024-12-15 17:51:46,819 - Epoch 3/100, Train Loss: 3.4640, Train Acc: 0.1137, Train F1: 0.1004 Test Loss: 4.3355, Test Acc: 0.1131, Test F1: 0.0731
2024-12-15 17:52:01,674 - Epoch 4/100, Train Loss: 3.1818, Train Acc: 0.1797, Train F1: 0.1675 Test Loss: 4.2978, Test Acc: 0.0893, Test F1: 0.0577
2024-12-15 17:52:16,687 - Epoch 5/100, Train Loss: 2.8553, Train Acc: 0.2449, Train F1: 0.2318 Test Loss: 4.1769, Test Acc: 0.0893, Test F1: 0.0891
2024-12-15 17:52:32,188 - Epoch 6/100, Train Loss: 2.5263, Train Acc: 0.3198, Train F1: 0.3035 Test Loss: 4.0495, Test Acc: 0.1488, Test F1: 0.1432
2024-12-15 17:52:48,131 - Epoch 7/100, Train Loss: 2.2283, Train Acc: 0.3824, Train F1: 0.3808 Test Loss: 3.8197, Test Acc: 0.1905, Test F1: 0.1666
2024-12-15 17:53:05,494 - Epoch 8/100, Train Loss: 1.9016, Train Acc: 0.4573, Train F1: 0.4543 Test Loss: 3.7028, Test Acc: 0.1964, Test F1: 0.1564
2024-12-15 17:53:22,219 - Epoch 9/100, Train Loss: 1.5059, Train Acc: 0.5692, Train F1: 0.5718 Test Loss: 4.0878, Test Acc: 0.2262, Test F1: 0.1830
2024-12-15 17:53:39,557 - Epoch 10/100, Train Loss: 1.2255, Train Acc: 0.6441, Train F1: 0.6464 Test Loss: 4.3648, Test Acc: 0.1845, Test F1: 0.1484
2024-12-15 17:53:56,308 - Epoch 11/100, Train Loss: 0.8934, Train Acc: 0.7577, Train F1: 0.7638 Test Loss: 3.8746, Test Acc: 0.2440, Test F1: 0.2024
2024-12-15 17:54:12,646 - Epoch 12/100, Train Loss: 0.6194, Train Acc: 0.8291, Train F1: 0.8381 Test Loss: 4.5201, Test Acc: 0.1964, Test F1: 0.1652
2024-12-15 17:54:29,047 - Epoch 13/100, Train Loss: 0.4635, Train Acc: 0.8811, Train F1: 0.8915 Test Loss: 3.6472, Test Acc: 0.2202, Test F1: 0.2054
2024-12-15 17:54:42,471 - Epoch 14/100, Train Loss: 0.2977, Train Acc: 0.9322, Train F1: 0.9445 Test Loss: 3.9463, Test Acc: 0.2321, Test F1: 0.2300
2024-12-15 17:54:58,443 - Epoch 15/100, Train Loss: 0.1767, Train Acc: 0.9595, Train F1: 0.9720 Test Loss: 3.5405, Test Acc: 0.2738, Test F1: 0.2739
2024-12-15 17:55:15,367 - Epoch 16/100, Train Loss: 0.1143, Train Acc: 0.9700, Train F1: 0.9830 Test Loss: 3.4408, Test Acc: 0.3095, Test F1: 0.2850
2024-12-15 17:55:31,929 - Epoch 17/100, Train Loss: 0.0895, Train Acc: 0.9700, Train F1: 0.9831 Test Loss: 3.7734, Test Acc: 0.2917, Test F1: 0.2767
2024-12-15 17:55:49,271 - Epoch 18/100, Train Loss: 0.0797, Train Acc: 0.9700, Train F1: 0.9830 Test Loss: 3.6418, Test Acc: 0.2917, Test F1: 0.2674
2024-12-15 17:56:03,926 - Epoch 19/100, Train Loss: 0.0642, Train Acc: 0.9744, Train F1: 0.9874 Test Loss: 3.6697, Test Acc: 0.2917, Test F1: 0.2661
2024-12-15 17:56:19,468 - Epoch 20/100, Train Loss: 0.0402, Train Acc: 0.9780, Train F1: 0.9910 Test Loss: 3.6279, Test Acc: 0.3036, Test F1: 0.2839
2024-12-15 17:56:34,255 - Epoch 21/100, Train Loss: 0.0354, Train Acc: 0.9780, Train F1: 0.9910 Test Loss: 3.7863, Test Acc: 0.3333, Test F1: 0.3099
2024-12-15 17:56:49,949 - Epoch 22/100, Train Loss: 0.0351, Train Acc: 0.9753, Train F1: 0.9884 Test Loss: 3.7999, Test Acc: 0.3155, Test F1: 0.2972
2024-12-15 17:57:06,141 - Epoch 23/100, Train Loss: 0.0286, Train Acc: 0.9771, Train F1: 0.9901 Test Loss: 3.8361, Test Acc: 0.3452, Test F1: 0.3341
2024-12-15 17:57:22,661 - Epoch 24/100, Train Loss: 0.0340, Train Acc: 0.9753, Train F1: 0.9885 Test Loss: 3.7920, Test Acc: 0.3095, Test F1: 0.2975
2024-12-15 17:57:39,996 - Epoch 25/100, Train Loss: 0.0282, Train Acc: 0.9762, Train F1: 0.9893 Test Loss: 3.7661, Test Acc: 0.3274, Test F1: 0.3074
2024-12-15 17:57:56,522 - Epoch 26/100, Train Loss: 0.0270, Train Acc: 0.9771, Train F1: 0.9902 Test Loss: 3.7540, Test Acc: 0.3274, Test F1: 0.3043
2024-12-15 17:58:09,978 - Epoch 27/100, Train Loss: 0.0219, Train Acc: 0.9780, Train F1: 0.9910 Test Loss: 3.8241, Test Acc: 0.3095, Test F1: 0.2961
2024-12-15 17:58:26,594 - Epoch 28/100, Train Loss: 0.0261, Train Acc: 0.9762, Train F1: 0.9893 Test Loss: 3.9427, Test Acc: 0.3036, Test F1: 0.2859
2024-12-15 17:58:43,522 - Epoch 29/100, Train Loss: 0.0243, Train Acc: 0.9744, Train F1: 0.9873 Test Loss: 3.9217, Test Acc: 0.3214, Test F1: 0.3080
2024-12-15 17:58:57,853 - Epoch 30/100, Train Loss: 0.0238, Train Acc: 0.9744, Train F1: 0.9875 Test Loss: 3.8021, Test Acc: 0.3274, Test F1: 0.3144
2024-12-15 17:59:13,008 - Epoch 31/100, Train Loss: 0.0238, Train Acc: 0.9753, Train F1: 0.9884 Test Loss: 3.8548, Test Acc: 0.3095, Test F1: 0.3019
2024-12-15 17:59:29,644 - Epoch 32/100, Train Loss: 0.0212, Train Acc: 0.9789, Train F1: 0.9920 Test Loss: 4.0359, Test Acc: 0.3155, Test F1: 0.2969
2024-12-15 17:59:44,737 - Epoch 33/100, Train Loss: 0.0225, Train Acc: 0.9771, Train F1: 0.9901 Test Loss: 3.9388, Test Acc: 0.2976, Test F1: 0.2815
2024-12-15 17:59:59,073 - Epoch 34/100, Train Loss: 0.0196, Train Acc: 0.9771, Train F1: 0.9902 Test Loss: 3.7785, Test Acc: 0.3155, Test F1: 0.3007
2024-12-15 18:00:15,159 - Epoch 35/100, Train Loss: 0.0210, Train Acc: 0.9780, Train F1: 0.9910 Test Loss: 3.8652, Test Acc: 0.2917, Test F1: 0.2898
2024-12-15 18:00:32,556 - Epoch 36/100, Train Loss: 0.0218, Train Acc: 0.9789, Train F1: 0.9920 Test Loss: 3.9836, Test Acc: 0.3333, Test F1: 0.3116
2024-12-15 18:00:48,954 - Epoch 37/100, Train Loss: 0.0189, Train Acc: 0.9762, Train F1: 0.9892 Test Loss: 3.9078, Test Acc: 0.2976, Test F1: 0.2855
2024-12-15 18:01:03,551 - Epoch 38/100, Train Loss: 0.0167, Train Acc: 0.9780, Train F1: 0.9910 Test Loss: 4.0099, Test Acc: 0.2917, Test F1: 0.2742
2024-12-15 18:01:18,223 - Epoch 39/100, Train Loss: 0.0164, Train Acc: 0.9806, Train F1: 0.9937 Test Loss: 4.1939, Test Acc: 0.2857, Test F1: 0.2845
2024-12-15 18:01:33,551 - Epoch 40/100, Train Loss: 0.0236, Train Acc: 0.9753, Train F1: 0.9883 Test Loss: 4.0984, Test Acc: 0.3036, Test F1: 0.2936
2024-12-15 18:01:47,973 - Epoch 41/100, Train Loss: 0.0185, Train Acc: 0.9780, Train F1: 0.9910 Test Loss: 4.1365, Test Acc: 0.2976, Test F1: 0.2846
2024-12-15 18:02:01,927 - Epoch 42/100, Train Loss: 0.0182, Train Acc: 0.9797, Train F1: 0.9928 Test Loss: 3.7997, Test Acc: 0.3214, Test F1: 0.3006
2024-12-15 18:02:15,360 - Epoch 43/100, Train Loss: 0.0164, Train Acc: 0.9762, Train F1: 0.9894 Test Loss: 3.9898, Test Acc: 0.3036, Test F1: 0.2864
2024-12-15 18:02:28,756 - Epoch 44/100, Train Loss: 0.0165, Train Acc: 0.9780, Train F1: 0.9911 Test Loss: 4.0671, Test Acc: 0.3155, Test F1: 0.3018
2024-12-15 18:02:44,346 - Epoch 45/100, Train Loss: 0.0157, Train Acc: 0.9789, Train F1: 0.9918 Test Loss: 4.0709, Test Acc: 0.3393, Test F1: 0.3219
2024-12-15 18:03:00,094 - Epoch 46/100, Train Loss: 0.0339, Train Acc: 0.9709, Train F1: 0.9840 Test Loss: 5.5543, Test Acc: 0.1548, Test F1: 0.1441
2024-12-15 18:03:15,981 - Epoch 47/100, Train Loss: 3.0822, Train Acc: 0.3048, Train F1: 0.3052 Test Loss: 8.8624, Test Acc: 0.0714, Test F1: 0.0396
2024-12-15 18:03:32,320 - Epoch 48/100, Train Loss: 2.6493, Train Acc: 0.3066, Train F1: 0.3063 Test Loss: 3.8672, Test Acc: 0.1905, Test F1: 0.1666
2024-12-15 18:03:48,456 - Epoch 49/100, Train Loss: 1.7373, Train Acc: 0.4996, Train F1: 0.4995 Test Loss: 4.6304, Test Acc: 0.1667, Test F1: 0.1448
2024-12-15 18:04:01,844 - Epoch 50/100, Train Loss: 0.9872, Train Acc: 0.7075, Train F1: 0.7162 Test Loss: 4.1691, Test Acc: 0.2500, Test F1: 0.2383
2024-12-15 18:04:17,434 - Epoch 51/100, Train Loss: 0.5310, Train Acc: 0.8396, Train F1: 0.8502 Test Loss: 4.0663, Test Acc: 0.2560, Test F1: 0.2330
2024-12-15 18:04:31,700 - Epoch 52/100, Train Loss: 0.2783, Train Acc: 0.9172, Train F1: 0.9289 Test Loss: 4.0912, Test Acc: 0.2619, Test F1: 0.2454
2024-12-15 18:04:45,711 - Epoch 53/100, Train Loss: 0.1610, Train Acc: 0.9533, Train F1: 0.9659 Test Loss: 4.1339, Test Acc: 0.2560, Test F1: 0.2470
2024-12-15 18:05:01,038 - Epoch 54/100, Train Loss: 0.0978, Train Acc: 0.9656, Train F1: 0.9786 Test Loss: 4.1279, Test Acc: 0.2619, Test F1: 0.2622
2024-12-15 18:05:18,600 - Epoch 55/100, Train Loss: 0.0562, Train Acc: 0.9736, Train F1: 0.9865 Test Loss: 4.0154, Test Acc: 0.2917, Test F1: 0.2909
2024-12-15 18:05:32,992 - Epoch 56/100, Train Loss: 0.0561, Train Acc: 0.9753, Train F1: 0.9884 Test Loss: 4.1422, Test Acc: 0.2619, Test F1: 0.2649
2024-12-15 18:05:46,544 - Epoch 57/100, Train Loss: 0.0364, Train Acc: 0.9771, Train F1: 0.9901 Test Loss: 4.1373, Test Acc: 0.2679, Test F1: 0.2721
2024-12-15 18:06:00,564 - Epoch 58/100, Train Loss: 0.0327, Train Acc: 0.9762, Train F1: 0.9892 Test Loss: 4.0466, Test Acc: 0.2917, Test F1: 0.2922
2024-12-15 18:06:16,265 - Epoch 59/100, Train Loss: 0.0266, Train Acc: 0.9771, Train F1: 0.9902 Test Loss: 4.0715, Test Acc: 0.2679, Test F1: 0.2761
2024-12-15 18:06:30,462 - Epoch 60/100, Train Loss: 0.0263, Train Acc: 0.9771, Train F1: 0.9902 Test Loss: 4.0008, Test Acc: 0.2857, Test F1: 0.2804
2024-12-15 18:06:45,317 - Epoch 61/100, Train Loss: 0.0237, Train Acc: 0.9771, Train F1: 0.9902 Test Loss: 4.2216, Test Acc: 0.2917, Test F1: 0.2846
2024-12-15 18:07:02,629 - Epoch 62/100, Train Loss: 0.0228, Train Acc: 0.9789, Train F1: 0.9920 Test Loss: 4.0466, Test Acc: 0.2976, Test F1: 0.2943
2024-12-15 18:07:19,608 - Epoch 63/100, Train Loss: 0.0216, Train Acc: 0.9762, Train F1: 0.9893 Test Loss: 4.1905, Test Acc: 0.2857, Test F1: 0.2898
2024-12-15 18:07:36,320 - Epoch 64/100, Train Loss: 0.0214, Train Acc: 0.9762, Train F1: 0.9892 Test Loss: 4.2989, Test Acc: 0.2857, Test F1: 0.2883
2024-12-15 18:07:52,630 - Epoch 65/100, Train Loss: 0.0215, Train Acc: 0.9771, Train F1: 0.9902 Test Loss: 4.0088, Test Acc: 0.2917, Test F1: 0.2892
2024-12-15 18:08:08,219 - Epoch 66/100, Train Loss: 0.0210, Train Acc: 0.9762, Train F1: 0.9891 Test Loss: 4.2274, Test Acc: 0.2976, Test F1: 0.2892
2024-12-15 18:08:23,623 - Epoch 67/100, Train Loss: 0.0198, Train Acc: 0.9780, Train F1: 0.9909 Test Loss: 4.1513, Test Acc: 0.3036, Test F1: 0.3022
2024-12-15 18:08:41,020 - Epoch 68/100, Train Loss: 0.0198, Train Acc: 0.9780, Train F1: 0.9911 Test Loss: 4.2590, Test Acc: 0.2798, Test F1: 0.2814
2024-12-15 18:08:58,143 - Epoch 69/100, Train Loss: 0.0203, Train Acc: 0.9771, Train F1: 0.9903 Test Loss: 4.3358, Test Acc: 0.2917, Test F1: 0.2982
2024-12-15 18:09:15,315 - Epoch 70/100, Train Loss: 0.0174, Train Acc: 0.9771, Train F1: 0.9902 Test Loss: 4.2473, Test Acc: 0.2917, Test F1: 0.2809
2024-12-15 18:09:32,406 - Epoch 71/100, Train Loss: 0.0167, Train Acc: 0.9789, Train F1: 0.9920 Test Loss: 4.1568, Test Acc: 0.2857, Test F1: 0.2832
2024-12-15 18:09:48,930 - Epoch 72/100, Train Loss: 0.0204, Train Acc: 0.9771, Train F1: 0.9903 Test Loss: 4.2663, Test Acc: 0.2976, Test F1: 0.2786
2024-12-15 18:10:06,167 - Epoch 73/100, Train Loss: 0.0168, Train Acc: 0.9789, Train F1: 0.9920 Test Loss: 4.3698, Test Acc: 0.2798, Test F1: 0.2687
2024-12-15 18:10:23,392 - Epoch 74/100, Train Loss: 0.0148, Train Acc: 0.9789, Train F1: 0.9920 Test Loss: 4.2803, Test Acc: 0.2857, Test F1: 0.2813
2024-12-15 18:10:39,345 - Epoch 75/100, Train Loss: 0.0180, Train Acc: 0.9797, Train F1: 0.9929 Test Loss: 4.2908, Test Acc: 0.3036, Test F1: 0.2928
2024-12-15 18:10:56,002 - Epoch 76/100, Train Loss: 0.0158, Train Acc: 0.9780, Train F1: 0.9910 Test Loss: 4.2456, Test Acc: 0.2857, Test F1: 0.2810
2024-12-15 18:11:13,278 - Epoch 77/100, Train Loss: 0.0153, Train Acc: 0.9789, Train F1: 0.9920 Test Loss: 4.3367, Test Acc: 0.3036, Test F1: 0.2901
2024-12-15 18:11:30,729 - Epoch 78/100, Train Loss: 0.0150, Train Acc: 0.9771, Train F1: 0.9901 Test Loss: 4.4160, Test Acc: 0.2798, Test F1: 0.2770
2024-12-15 18:11:47,130 - Epoch 79/100, Train Loss: 0.0142, Train Acc: 0.9797, Train F1: 0.9928 Test Loss: 4.3933, Test Acc: 0.2679, Test F1: 0.2620
2024-12-15 18:12:04,501 - Epoch 80/100, Train Loss: 0.0145, Train Acc: 0.9797, Train F1: 0.9928 Test Loss: 4.4228, Test Acc: 0.2917, Test F1: 0.2823
2024-12-15 18:12:20,929 - Epoch 81/100, Train Loss: 0.0153, Train Acc: 0.9771, Train F1: 0.9900 Test Loss: 4.4072, Test Acc: 0.2857, Test F1: 0.2780
2024-12-15 18:12:36,423 - Epoch 82/100, Train Loss: 0.0142, Train Acc: 0.9789, Train F1: 0.9921 Test Loss: 4.4441, Test Acc: 0.3095, Test F1: 0.3086
2024-12-15 18:12:53,534 - Epoch 83/100, Train Loss: 0.0154, Train Acc: 0.9780, Train F1: 0.9910 Test Loss: 4.3343, Test Acc: 0.2976, Test F1: 0.2871
2024-12-15 18:13:10,312 - Epoch 84/100, Train Loss: 0.0144, Train Acc: 0.9771, Train F1: 0.9902 Test Loss: 4.2895, Test Acc: 0.3095, Test F1: 0.2987
2024-12-15 18:13:26,817 - Epoch 85/100, Train Loss: 0.0136, Train Acc: 0.9797, Train F1: 0.9927 Test Loss: 4.4779, Test Acc: 0.3036, Test F1: 0.3028
2024-12-15 18:13:43,833 - Epoch 86/100, Train Loss: 0.0127, Train Acc: 0.9789, Train F1: 0.9919 Test Loss: 4.5421, Test Acc: 0.3274, Test F1: 0.3185
2024-12-15 18:13:58,049 - Epoch 87/100, Train Loss: 0.0136, Train Acc: 0.9797, Train F1: 0.9928 Test Loss: 4.4641, Test Acc: 0.3036, Test F1: 0.2954
2024-12-15 18:14:13,245 - Epoch 88/100, Train Loss: 0.0140, Train Acc: 0.9789, Train F1: 0.9921 Test Loss: 4.5002, Test Acc: 0.2857, Test F1: 0.2714
2024-12-15 18:14:26,607 - Epoch 89/100, Train Loss: 0.0133, Train Acc: 0.9780, Train F1: 0.9911 Test Loss: 4.4784, Test Acc: 0.3036, Test F1: 0.2942
2024-12-15 18:14:42,580 - Epoch 90/100, Train Loss: 0.0135, Train Acc: 0.9780, Train F1: 0.9912 Test Loss: 4.5074, Test Acc: 0.3155, Test F1: 0.3096
2024-12-15 18:14:57,835 - Epoch 91/100, Train Loss: 0.0129, Train Acc: 0.9789, Train F1: 0.9919 Test Loss: 4.4107, Test Acc: 0.3155, Test F1: 0.3070
2024-12-15 18:15:13,846 - Epoch 92/100, Train Loss: 0.0143, Train Acc: 0.9780, Train F1: 0.9911 Test Loss: 4.4626, Test Acc: 0.3155, Test F1: 0.2983
2024-12-15 18:15:29,819 - Epoch 93/100, Train Loss: 0.0126, Train Acc: 0.9806, Train F1: 0.9937 Test Loss: 4.6345, Test Acc: 0.2917, Test F1: 0.2948
2024-12-15 18:15:44,924 - Epoch 94/100, Train Loss: 0.0137, Train Acc: 0.9789, Train F1: 0.9921 Test Loss: 4.5821, Test Acc: 0.2798, Test F1: 0.2775
2024-12-15 18:16:02,463 - Epoch 95/100, Train Loss: 0.0140, Train Acc: 0.9797, Train F1: 0.9929 Test Loss: 4.5688, Test Acc: 0.2976, Test F1: 0.2913
2024-12-15 18:16:20,018 - Epoch 96/100, Train Loss: 0.0139, Train Acc: 0.9780, Train F1: 0.9911 Test Loss: 4.5764, Test Acc: 0.2976, Test F1: 0.2881
2024-12-15 18:16:37,294 - Epoch 97/100, Train Loss: 0.0109, Train Acc: 0.9806, Train F1: 0.9938 Test Loss: 4.5390, Test Acc: 0.2798, Test F1: 0.2729
2024-12-15 18:16:54,823 - Epoch 98/100, Train Loss: 0.0147, Train Acc: 0.9780, Train F1: 0.9911 Test Loss: 4.5760, Test Acc: 0.2798, Test F1: 0.2712
2024-12-15 18:17:12,327 - Epoch 99/100, Train Loss: 0.0123, Train Acc: 0.9780, Train F1: 0.9910 Test Loss: 4.4925, Test Acc: 0.3214, Test F1: 0.3026
2024-12-15 18:17:27,252 - Epoch 100/100, Train Loss: 0.0143, Train Acc: 0.9780, Train F1: 0.9909 Test Loss: 4.6094, Test Acc: 0.2976, Test F1: 0.2748
2024-12-15 18:17:27,383 - Training ended.
Total time: 0:26:31.752376
2024-12-15 18:17:27,383 - 最好的一次：Epoch 23/100, Train Loss: 0.0286, Train Acc: 0.9771, Train F1: 0.9901 Test Loss: 3.8361, Test Acc: 0.3452, Test F1: 0.3341
